process_radtags -p raw_data/L2_SR150 -i gzfastq -y gzfastq -o L1L2samplesT142 -b scripts/barcodesL2.txt -e sbfI -E phred33 -r -c -q -t 142
process_radtags version 1.44 executed 2016-12-06 02:26:53

File	Retained Reads	Low Quality	Ambiguous Barcodes	Ambiguous RAD-Tag	Total
768_768_S99_L002_R1_001.fastq.gz	259598451	2840924	50386443	65025476	377851294

Total Sequences	377851294
Ambiguous Barcodes	50386443
Low Quality	2840924
Ambiguous RAD-Tag	65025476
Retained Reads	259598451

Barcode	Filename	Total	No RadTag	Low Quality	Retained
CAAAAA	SO022216_01	5239690	4087048	14116	1138526
GACGAC	MU011816_01	4445873	3065180	18307	1362386
TTTGTC	MU012816_05	3240085	2353117	12278	874690
TGCTTA	MU012816_06	4622084	3124588	17308	1480188
CCCGGT	MU012816_07	2627718	2057804	6886	563028
GCGACC	MU012816_08	5669600	3490704	27134	2151762
CTTATG	MU012816_09	3376191	2790316	7284	578591
AGCGCA	MU012816_10	2062436	1515124	7607	539705
TCGCCA	MU032315_01	3230640	2207340	12444	1010856
CTACAG	MU032315_02	2279113	1835912	5729	437472
GTAAGT	MU033015_02	2762706	2177582	6938	578186
ACATAC	MU033015_03	1675733	1314996	5719	355018
AGCCAT	GEO020414_8	6509641	621357	62338	5825946
AGTAGG	GEO020414_9	4449114	592455	41269	3815390
ATAGTA	GEO020414_11	6323206	457628	62437	5803141
CGGTCC	GEO020414_13	147236	146102	20	1114
CCATTT	GEO020414_14	4524320	440961	43517	4039842
CAGGCA	GEO020414_15	2741682	379603	25696	2336383
GCAGAT	GEO020414_16	4516423	439572	43415	4033436
GTCATC	GEO020414_17	4385709	479512	41611	3864586
GACTCT	GEO020414_23	7636166	489990	76317	7069859
TATCAC	GEO020414_24	5153817	579254	49358	4525205
TGGGGA	GEO020414_25	4006313	300046	39604	3666663
TCTCGG	YS121315_12	7334138	1478424	63725	5791989
TGACAA	GEO020414_3	5474307	637417	52653	4784237
AATATC	GEO020414_4	6368770	665467	61853	5641450
ACAGCG	GEO020414_5	5358917	474337	52905	4831675
GATCGT	GEO020414_6	3978518	384635	38859	3555024
GGTTTG	GEO020414_27	5190416	479926	51064	4659426
CTCGCC	GEO020414_29	3411425	294007	33657	3083761
GTGCCT	GEO012315_02	5579819	371067	56167	5152585
TAGTAT	GEO012315_12	6780163	582075	66781	6131307
ACAAGA	GEO012315_18	5223484	559126	50317	4614041
TTCCGT	GEO012315_21	5192200	319797	52556	4819847
CCCTAA	GEO020414_2	4477361	376592	44200	4056569
AGGGTC	GEO020414_26	4074658	281582	40735	3752341
AACGTT	PO020515_06	9165936	738435	91287	8336214
TACACA	PO031715_23	5512036	752992	51734	4707310
GTTGGA	GE011215_18	7406484	479730	73798	6852956
CCGAGG	GE011215_22	6937378	397161	69329	6470888
GGTACA	BOR07_01	3225891	1487389	20521	1717981
CTGGTT	BOR07_03	3633303	632188	32975	2968140
TCAAAG	BOR07_09	6868659	1035651	63749	5769259
GCGCTG	GEO020414_7	5179258	497187	50867	4631204
GTATCC	GEO020414_10	2272684	288877	21805	1962002
ATGCAC	GEO020414_30	1967789	364034	17907	1585848
AGTTAA	YS121315_15	5256736	884461	47397	4324878
AATGAG	YS121315_16	7942123	1152064	73402	6716657
TAAGCT	PO031715_03	3293770	541389	29822	2722559
AAGACG	NA021015_23	3149601	407821	29493	2712287
CTTTGC	PO010715_04	3878446	408795	37554	3432097
GCTCAA	PO020515_01	3156281	486892	28752	2640637
TGAACC	PO031715_04	3870681	742311	33949	3094421
ACCATG	NA021015_25	5716435	469377	55789	5191269
GTGTAA	NA021015_26	4107315	248756	41450	3817109
TACGGG	NA021015_30	3947524	195269	39898	3712357
CGTCTA	PO031715_24	3192357	341548	30443	2820366
AGGTGT	GE011215_19	4411008	348070	43462	4019476
TCCTGC	PO010715_12	4036749	704850	36065	3295834
AAGCTA	GE011215_28	4369068	465826	41812	3861430
CAATCG	GEO020414_8_300	5867303	482302	56324	5328677
GAACCA	GEO020414_9_300	4204231	857000	35461	3311770
TCGGAC	GEO020414_11_300	5130948	421827	49848	4659273
ATGTTG	GEO020414_13_300	4184625	978401	33437	3172787
AACTGA	GEO020414_14_300	4124578	591773	37839	3494966
TCTTCT	GEO020414_15_300	2636664	575382	22202	2039080
GGACTT	GEO020414_16_300	4261423	604293	38702	3618428
GGGCGC	GEO020414_17_300	3450816	360732	32741	3057343
ATCAAA	GEO020414_23_300	7032727	809456	65080	6158191
GGCAAG	GEO020414_24_300	4591912	708049	41342	3842521
CATACT	GEO020414_25_300	3019487	403928	27913	2587646
CGCGTG	YS121315_12_300	6392953	2310617	43971	4038365

Sequences not recorded
Barcode	Total
CCCCCC	419116
CCAGAA	232559
TAATTC	142531
CAGCAA	98793
CTCTCT	96062
AAAAAG	87686
ATTCAG	75957
CAGAAG	74223
TTGCTG	73988
AAACAT	72610
CTTTAG	72040
AAAATG	71885
AAAAAT	70394
TTTAAT	68541
AACCAA	66440
TGAATG	66168
GTTGAC	66001
ATTGCT	63098
TTATGG	62965
AAACGG	62947
TTTTTG	62105
GATTGC	61584
CCAGCA	61368
GACCAA	60837
ATAACC	60611
TGCTGG	60353
AAAATA	60327
AAGCAG	60275
TTATCA	60118
TTTAGC	59744
CGCCAG	59114
GAAACC	59030
ACCAGC	58859
AACCTG	58832
AGAAGC	58434
CTGAAT	58372
TAAAGG	57797
ACGTTT	57492
CAGCTT	57390
AATGCT	57202
ATAAAC	57196
AGAAAA	57107
AGAACG	57052
TGTTGA	56506
TCAACA	56342
AGAAAT	56169
CTTGCT	56156
GATAAA	55852
AACATA	55804
AAATGC	55599
AGAAGT	55587
GATATT	55545
CTGTCA	55528
GCCAGC	54826
CATTCA	54659
AGCGGC	53737
TTTACC	53697
GACCAG	53609
TAATAA	53315
CAAATG	53308
GAAAAC	53306
AAATAA	53131
CCTTTA	52994
ATTCAA	52886
ATCCTT	52885
ATCAGC	52871
CATGAA	52033
TAAAGC	51997
AAGAGC	51996
CATTTT	51914
TCTCTT	51877
CAAATC	51732
TTCTGA	51581
TTAATA	51489
TTTCTG	51314
CGTTCT	51136
ATGAGT	51094
AGCTTG	50855
CTTTTT	50853
GCTGGT	50759
CTCTTT	50723
CACATT	50554
CATTAA	50535
CGCTGA	50313
TTAAAA	50059
GGTCAG	49891
GAGATT	49877
TGCTAT	49794
AGATTG	49737
TGGTTT	49621
AGAGAT	49405
CTGGCG	49355
GGAAAA	49238
AGAAAC	49227
CAGTAG	49124
CAACAT	49085
GCTTTA	48916
ATCACC	48777
TTTTGA	48757
ACATTA	48644
GCTTAT	48592
AAAACA	48577
TCAGAA	48524
AAATTT	48475
CAAAGC	48474
AAGAAA	48425
GAAAAG	48259
ATTTGG	48120
TGTTCA	48102
ATGCTT	48093
ACCTTT	48058
GTTTAT	47973
CACCAG	47880
CAATAT	47861
TGATGC	47800
CAAAGT	47774
AGCATC	47686
CATCAA	47521
TCAATA	47203
AAATTA	47200
AAAGGA	47108
CATGAT	47065
CGGCGT	47051
CCATGA	46687
TTTGGT	46579
AAAATT	46494
TATGGT	46485
GGTTAT	46393
TTGACG	46094
TCTGGT	45859
TGGTCA	45850
AGCAGC	45764
CATGGT	45651
ATCTCT	45259
TACCAT	45244
GAAGAA	45239
TATTTT	45164
CATCAT	45048
ACAAAT	45020
ATAAGC	44985
TGGTTG	44735
ATGGAA	44714
CCTGCT	44579
AGCATT	44506
TAATGT	44476
ATACCA	44425
GTCAAT	44419
AAGGAT	44329
TATTGC	44187
TTTGAG	44160
TCCAAA	43925
TAAAAT	43829
TATTAA	43741
GCAAAA	43591
ATTTTT	43566
CCTCCA	43547
TTCTTG	43541
GGCAGA	43540
AATTTA	43488
TTTTAT	43395
TATCCT	43387
TCATCA	43325
TGACGG	43281
CACCAT	43222
GCGGCA	43185
CAAGAT	43039
TCTCTC	43004
ATAATC	42850
CTTCGG	42712
GATGCT	42694
TGATGA	42633
TATGGC	42529
AGCTTT	42524
GCAAGG	42412
ACTGAC	42391
GTTTGG	42378
ACATCA	42295
GCTGGC	42228
CGATAA	42120
GTTAAC	42117
TGTTAT	42106
AAGAGA	42106
CATCAG	42035
CTTAAT	41953
ATTTCT	41907
AGTGTT	41813
GTTATA	41763
GAGGCT	41685
CAGAAT	41636
ATGATT	41578
GAGAAA	41576
ATTTAG	41482
CATAAG	41374
GCTTGC	41373
CTGAAA	41210
CGACCA	41095
GTTTTC	41091
AAATCA	41049
ATGAAG	40931
GAGGGT	40884
CCAAAC	40876
CCACCA	40857
GTACGG	40646
AAGCAT	40644
GCAATC	40477
GACGCA	40459
GTTCTT	40455
TTATTA	40426
TGATTC	40392
CTTCAT	40139
GCCTCC	40119
AACAGC	40036
TCATGG	39991
GCTTGG	39933
GACGGT	39893
GCAGCA	39776
TTGAAT	39719
ATTTTA	39661
AAAAGC	39564
AAAAGT	39563
GAGCTT	39532
TTCTGG	39519
ACAGAA	39489
TAACCC	39367
TATGTT	39307
AACGGC	39267
GCATCA	39255
CGTCAG	39067
TAATCA	38983
AGAATC	38946
TTTTTA	38819
CTTTAA	38669
TCAGTA	38662
AACCAG	38649
TATTGA	38394
AGCCTC	38328
GCAATA	38285
GCTGCT	38219
ATTGGT	38040
GAAGTG	38035
ATTCTG	38003
AAAGGT	37907
GACTGC	37905
ATTAGA	37889
GACATT	37885
GGCGTT	37727
AAAAAC	37724
AACAGG	37619
AATAGT	37511
TACAGT	37371
TAACCG	37306
GCATAA	37302
TTTGCA	37235
ATTAAG	37134
TCACCT	37133
CCAAAT	37070
TACCAG	37054
ACCAAC	37028
AGATAT	36939
GTTTCT	36891
ATGGCG	36832
CGGCAG	36799
GCAAGC	36743
ATGAGA	36716
AAACAA	36663
CTGACC	36654
CAGAAC	36555
ATAATG	36398
CGCTTT	36366
AAGGAC	36350
TTTAAA	36257
GCTTCC	36250
GGCGGC	36235
CGGTTA	36230
GACTTC	36197
TGTTTT	36100
ACGCAA	36095
TCTCAT	36088
AGCACC	36001
AGGAAA	35949
AAACGC	35914
ATACTG	35883
AGGATA	35837
TCTCCC	35720
TTCATG	35701
GCCGTT	35664
GAGATG	35582
CTCCAA	35502
AACCCT	35464
CAACGT	35379
AAAGCA	35209
CTGATA	35203
TGACGC	35152
GTATTT	35125
TTAAAT	35118
GACCTT	35090
TAATGG	35089
AATTTT	35053
GGCGTC	35026
AAGAAC	35009
GCTGCA	34916
TTAATG	34903
GCTCTT	34897
CTGCGT	34875
AATAAT	34838
CAATAC	34765
AATGGT	34676
CACCAA	34501
CGCTAC	34497
GGAAAC	34489
TTCAGC	34485
TTATCG	34455
GAAGGA	34407
CGTTTT	34393
CTTGAT	34343
GCCATA	34341
TAAATT	34291
GTGGAT	34159
GGAGGC	34154
CAACGC	34115
ACTCAT	34065
GCTACT	33997
CTTGCG	33985
CCAAGC	33967
GCAACT	33965
AGATCG	33962
GCAGGA	33922
AGCAGA	33882
TGGTAA	33850
TAATTT	33808
CAAGAG	33791
TCCTTT	33736
TTTCTT	33733
GACAAA	33727
TTTAGT	33686
CTTCCA	33668
GTTCTG	33625
TTTAAC	33619
CAGCAG	33525
AAAGAA	33487
AACCAC	33441
CATTAG	33437
TTTTGT	33437
TTAGAC	33431
TCATCC	33416
TGGCGG	33393
GAGAAG	33361
AGAAAG	33354
AATCAT	33330
TACCGC	33309
CCGTCA	33298
GTTAAT	33238
CGGAAA	33235
CTGCAA	33232
GGCGCT	33192
AAGCCT	33153
AACACT	33093
TGCCGC	33005
AACAAC	32924
ATAAAG	32863
GAGCAG	32805
AATGCA	32794
CGTTGA	32646
CTGACG	32644
CGGCAT	32579
CTTCTT	32520
CCTGAT	32496
AATCCA	32476
TCAGCA	32429
TGGAAA	32429
GCGTAC	32415
TCTAAT	32401
TTCCTG	32387
TTCTCA	32377
GATTAT	32376
AAACGT	32333
AGTATT	32309
CAGCGT	32265
GTCCTT	32231
TTAAGC	32217
CAGCAT	32081
ATCAGG	31956
TTATGC	31944
ATATCA	31944
ATATCT	31941
CCCTCT	31920
AAGTCA	31896
AGTAAC	31833
TTTTAC	31830
TTTCCT	31808
CTGCTG	31790
AAGCGG	31765
CATCCA	31729
GGCATT	31717
TCTGAT	31679
CTGCCG	31679
CTTGAA	31656
GCCTTC	31639
CTCATT	31612
TTGTTA	31585
AAGTAA	31572
TTAACA	31473
AATCTT	31445
TTAGGG	31438
GGCTTT	31422
CCATCA	31387
ATTGTT	31383
TGGTCG	31373
TTAATC	31362
TGCAAA	31351
TGGAGG	31316
CCTGCA	31249
TTATGT	31203
AATTCA	31115
TCTGCC	31087
GAAGTC	31041
CGCTTC	30987
CGGCAA	30965
GACAGA	30944
CTTGGT	30920
ATTAAC	30908
CAGATT	30887
GGATGA	30834
GAAAGA	30827
AGATGG	30793
TCAAGT	30768
CAATGA	30766
AGGCCA	30743
GAAGGC	30721
GCATGA	30693
ACTGCT	30681
ACTCTT	30623
ATTAAT	30547
GGTGAT	30540
ATCACG	30498
ACCAAT	30491
TGCCGA	30441
AACTTC	30435
ATTTGT	30433
GTTCAG	30402
CAGGGT	30389
GCTTCG	30369
TATCTG	30362
CAATGC	30352
TTGCTT	30350
GTCAGA	30328
CCAACA	30290
ACGTTC	30252
GTTTTT	30229
AAACTC	30215
ATACGA	30187
GGTAAT	30134
AGTCCA	30110
AGCGGT	30073
TGATAT	30073
TTACCA	29999
AAATCT	29991
CGTCAT	29982
GAAGCC	29947
TGATTT	29895
CCATGC	29877
TTGCAG	29868
AATCTG	29855
CAGATA	29818
TCATGA	29810
TTTGCT	29804
AAGGCT	29802
GCGTGT	29773
GACCAT	29744
GATTAA	29729
TTCAAG	29720
GAAAAT	29718
GTTATT	29716
CTCTGT	29699
GGGGCG	29696
AATTAT	29678
CATTTG	29614
ACTCCT	29609
CAACTT	29586
GGTTGT	29572
GGTGGC	29534
GTTGAT	29533
CGCGGC	29507
GTAAAG	29493
AGTTGC	29435
TTTCCG	29400
AACAAT	29392
CTACCA	29371
TTGGAT	29345
TTTGAA	29329
GCCGCT	29308
GTGATT	29300
TCAGGA	29276
AAAGAC	29248
TCTTTC	29238
TAACTT	29228
AAAGTC	29216
AAAACC	29211
ATTAGC	29195
CTTTAT	29175
AAATAG	29147
TGTTTC	29137
ACCGTC	29108
AGAATG	29090
CACCTT	29090
CTGCAT	29078
ACTGTA	28995
GATGAA	28985
CAAGGT	28976
TATGCA	28931
ATTATT	28918
TTTCCA	28901
GCTTTT	28890
AATGCC	28886
CTGCTC	28836
CTCAGG	28835
CTTGCA	28801
GAGACT	28794
CGACTG	28762
CTCAAT	28746
ATTTTC	28719
TGAGTC	28698
GGTATT	28661
TTGACA	28642
TTCTTC	28457
CAACCT	28421
TTGATG	28420
TGTAGC	28396
CTTAAA	28376
CAGATG	28373
CATTAT	28368
TTATTG	28194
TTGTTC	28186
ACTGGC	28171
TTATTT	28117
GAAGTT	28088
TGGCCT	28085
CCAGCT	28079
AACGCG	28078
GTCGGC	28073
CCTGTT	27952
TGGCTG	27947
TTGCAA	27937
AAGAGT	27932
ATAACG	27931
TTGATA	27922
TTTGAT	27827
TAAATC	27784
GCCATT	27758
AAAACT	27740
GCTGTT	27722
TCAATC	27671
TAACGA	27646
TGGCAT	27612
ACCCTC	27538
TAATCC	27517
GCTATT	27463
ACGCAG	27432
CGTGAT	27424
AAGGTG	27386
TTGTCT	27361
TTGAGT	27351
CATTTC	27345
AGTTTT	27332
TCTGTT	27323
TCACAC	27287
GTTGAG	27274
TGCAGG	27220
CTAAAT	27206
TGGTGG	27148
TGGCAC	27138
CATCTC	27119
ACTAAA	27100
GTATGG	27095
GTACGC	27081
TGACCG	27078
ATGCGG	27067
GGTAGC	27065
GCTGCC	27053
TACCTT	27028
GAACTG	27005
TATTGG	26987
AACGCC	26977
GTCTTT	26953
AGATGC	26940
TGAATT	26934
CTTTCT	26929
CTATTG	26926
CCTTCA	26926
AATAAA	26893
GCCAAT	26891
AGCTGG	26847
GGCAGC	26805
TAGAAA	26776
GTCACA	26748
CCAACC	26733
AACCGT	26694
ACGAAC	26681
GATTCA	26681
TGGTGC	26663
CAAATT	26651
ATAACA	26648
CAAACC	26618
ATATAA	26582
GGTGCT	26582
GGAAGC	26580
ACAACT	26579
CTTCAA	26551
AGATTT	26494
GGTTGA	26421
AGACCA	26403
ACAGGC	26394
ACCGCT	26394
ACCACT	26394
CCTAAT	26387
GGCTGG	26381
TCTTTA	26365
GTGGCC	26364
ACTGGT	26356
TGCAAC	26327
CGGTAT	26325
GCCGCC	26305
TTAGAG	26297
AGTAAT	26257
CCTTGA	26224
GGCCTC	26208
ACGCTC	26201
AATCAA	26194
GTCTGT	26154
TGCGTC	26147
GGGAGG	26111
GTAGCG	26108
TCTTGA	26070
AGGCTT	26048
ACTGAA	26027
TAGGGT	26014
GACCGC	25995
TCCGTT	25991
GAAATA	25987
GGCTCA	25954
GTAAAA	25939
ACGCCG	25934
GATTGA	25905
TGAGTT	25861
GATGTA	25819
CTGTAG	25768
AATGGC	25755
CACTTC	25732
GAAATG	25700
TGATGG	25695
CTCACT	25690
CTTCTC	25660
AGCAGT	25616
ACAACC	25582
GGGTTA	25567
TATTTC	25557
ATTGGG	25525
GTTAAA	25493
TCCACT	25476
TACTGT	25455
TGGACT	25429
ACACTC	25398
AGGCGG	25376
GGTCAT	25350
AAGATT	25337
ATGGCA	25314
GTGATG	25302
CGCCAA	25294
TTAGCC	25277
AATGGA	25261
ACACCA	25208
GCATGG	25143
AAACAG	25095
GAATGC	25095
TAGCTT	25094
GAGACA	25059
GTCGGG	25049
CCAGCC	25043
AAGCGC	25040
AGAGCC	25011
TGCATT	25000
TTGCAT	24982
AATCCG	24973
TAAGAG	24928
ATAAAT	24921
ACCGCC	24916
GCAGTA	24885
TATCCA	24824
ATTGAC	24810
TCGCAT	24796
GCAACA	24790
GATTTA	24775
GGCGTA	24773
TTTAAG	24731
ATTTCC	24730
TGAGGC	24728
ACCACC	24678
CTGGAG	24676
CTCTTG	24673
GCGTCA	24653
AAACTG	24641
GGTTAC	24634
TATTTA	24622
GCAACG	24613
TCCATC	24592
GCCACA	24587
CAAAGG	24587
AAATAT	24587
AGCAAC	24584
GCCAGA	24580
CAGCGG	24523
TTTTCC	24491
CGTACC	24464
CCTACA	24451
TAAAGA	24438
CCGCTT	24418
TAGACC	24402
TCCCAA	24368
ACCTGT	24350
CCACTG	24348
GCAATG	24294
AAATGT	24288
TACGAA	24242
CGCTCT	24231
ACCAGT	24229
CATGGC	24210
GTTGTT	24123
TATGGA	24086
AGTGGT	24074
GACACC	24042
GCCGTC	24017
TCTGGC	24011
TATTCA	24007
AAGTTT	23977
GTGATA	23968
CGACCT	23958
CCTGAA	23934
CCTCAG	23924
CCCTCC	23887
TCACGC	23844
CTACCT	23833
TAAATA	23783
ACGAAA	23768
TTGAAC	23743
TGCTCC	23709
TAGCAA	23698
TCTGAA	23691
TCTGCA	23643
ATACAA	23643
TAACTG	23632
TAAACG	23621
ATGTCT	23587
ATCTGC	23577
AAAGCC	23539
CGTACG	23519
GCACCT	23514
GAACAC	23489
CCTCCT	23462
TTTCAT	23453
GATAAT	23431
TGCCAC	23404
CTTCCT	23397
AGGCTG	23395
ATCGGT	23366
CGAGAA	23360
GCGTTT	23359
CGACGC	23337
CACTCC	23323
ATAGAT	23319
GAAAGG	23291
TTTTTT	23284
CATCTG	23239
GATACC	23176
CAAGTT	23170
CAGTAA	23152
AGCGAC	23097
GGCCGT	23087
GAATGT	23084
ATTACC	23081
CGTATT	23072
ACTATT	23065
ACAATT	23024
GGAGCA	23004
GGCTAA	22951
AGTCCT	22898
ATACTC	22885
TAAAGT	22874
CCGACT	22870
ATATTC	22847
AGCCGC	22841
CTCAAC	22823
TGTTCC	22808
CAGCGA	22777
CAGCAC	22776
GGTTCC	22768
TTGGAG	22764
ATGAGC	22717
GGGGAA	22700
TGTTGG	22698
AATTGT	22697
GGCTGC	22688
GATTGG	22634
CTATGT	22603
CATGAC	22578
CAGGAG	22552
GAATAT	22545
AGGAAG	22510
CGAAGA	22508
CCTGAG	22497
TGTGTG	22481
TTTATT	22476
ATGAGG	22467
TGATGT	22391
GTTACT	22389
ACACGC	22338
TAAGAA	22301
TTCTTT	22290
GAACAG	22251
CAAGGC	22221
TGTGGC	22181
TGGATT	22176
TTCGAT	22126
GCCGAG	22120
GGTGGT	22118
CGTTAT	22087
CGCATA	22065
CCCAAT	22064
CCGGCG	22018
ACTTTG	21992
ATGCCA	21987
TTGCTA	21967
GCTCCT	21955
GCCTGT	21953
TTACCT	21908
AAATCC	21904
CCGCCT	21900
GAGGCC	21889
TTCGGC	21889
GAATTA	21884
TGGATG	21863
CCACAT	21853
GCATTG	21826
TTTTCG	21825
CTCACA	21819
TGACTC	21816
CTCCTG	21804
CGTGAC	21799
TTTTGG	21791
TATGCG	21782
GTGTGT	21750
TCTAAA	21746
TGCAGA	21740
TCACGT	21722
TTCTCG	21715
AACAAG	21711
GAACGG	21711
AGTCAC	21687
TTTGCG	21660
GTTCAT	21616
GATTAG	21616
TCACGA	21581
GCGGCG	21570
TGCGTT	21559
CTATGA	21535
ATTGGC	21490
TGAGGG	21471
ATGGCT	21450
CACGAA	21448
GTTCCA	21443
GGCGCC	21385
CGAGCG	21378
GACAGC	21363
TTATAG	21363
CGCCTC	21350
TTTTAA	21334
TGGTTC	21331
TCTCTA	21318
ACTTTT	21289
TGCTAC	21275
TTAAGG	21270
CATTGT	21267
CAAGGA	21262
TAATGC	21260
GACGCG	21241
TTCACG	21227
TTGACC	21197
TCCTTG	21194
CTCAGT	21175
TCACCC	21156
GAATGG	21131
ACGGGT	21129
ATACCG	21122
TCCCCC	21095
AAGTGG	21045
TGAAGG	21040
GCTCTC	21015
AGGAAC	20991
TAACAG	20988
CCAATA	20977
TTAGCA	20965
TGGTAG	20964
GTTTTA	20962
TTACTC	20961
GAAGAG	20944
GTGGCA	20928
TTAACT	20918
CCTCCC	20915
CTGAAC	20901
ATAAGG	20899
ACAGGT	20856
TAACGT	20827
TTGAGG	20802
TTTAGA	20798
GCTAAT	20781
GTAAAC	20770
GATAAG	20747
CTGCTA	20730
GCGCAT	20700
TCCAAC	20678
CAGCCT	20656
GAACAT	20654
AATCGC	20642
AAGGCC	20616
AGTGGA	20612
CTGACT	20611
GTCTAT	20609
AGTTCG	20601
TCATTG	20551
TGAAGA	20543
CCCGAC	20531
CTTGAC	20523
CAAGTA	20521
GCTCCC	20512
GCCAAA	20480
TTCGCT	20462
AATAGA	20453
CCTCAT	20430
ATATGG	20421
CAGTTA	20399
TTGGTA	20388
TTCCAA	20386
TCTTAA	20383
TAGCAG	20374
TTGCGA	20371
CCTGAC	20371
TTAAAC	20367
GTTAAG	20351
CCTTTC	20335
TACTTC	20331
GAAATC	20315
CGCAGT	20314
ATTGCC	20259
CCAATC	20250
GGAGTG	20232
TCACAT	20211
CATTGG	20199
TTGGTG	20149
GATAAC	20148
ATCTGT	20127
TCCATT	20102
TAGTTG	20093
TGTGCC	20086
TAGAGC	20055
GCAGTC	20049
CGTCCC	20035
ACCTCA	20032
CCGTCT	20029
GAGCAC	20018
TGAGAT	20018
TCAAGC	19998
TTGACT	19978
ACTACT	19970
CTCTTA	19964
AGACTC	19957
TTACCG	19956
ACGGCC	19952
TACAAT	19940
GCTTGT	19938
TTTCTA	19933
CTCAGC	19926
AAACCT	19925
CCCTTC	19920
TAAAAC	19913
GCGTGA	19898
ATAATT	19823
TTACTG	19813
GTATTG	19803
ATTTGA	19801
TTCCTA	19786
AACTTG	19779
ATATTT	19766
ATAGGT	19743
CTGTCT	19722
CCACAA	19698
AGCCTG	19695
AACCTC	19693
TACATC	19691
GAGCAT	19638
CGATAC	19631
TTGTTT	19629
AGTGGC	19618
CGCCGC	19613
GGTATC	19612
CCCCTT	19578
TGTTAC	19577
GTAGCA	19576
CGTCCT	19539
GATTTC	19534
TAAGTG	19531
AGCGAG	19510
GGCCTG	19500
AGAGCT	19483
TGAAAT	19479
ACTGCA	19471
TACCTG	19463
CGTTCA	19450
CAACTG	19441
CAGACC	19432
GATGTT	19431
TTACTA	19413
TGGAAG	19403
TTCCCA	19400
AGGGCG	19395
CCCAGC	19388
GGCCAC	19376
GGGATG	19374
GGCGGT	19318
GATATG	19316
CTAACC	19294
TTGGCG	19279
ACTTCC	19278
GCATTC	19275
GAATGA	19255
CGCAAC	19236
AGATTA	19221
TATAGA	19195
TACCAA	19191
TTCATT	19182
CATGCC	19158
GATTTT	19156
AATCCC	19138
CCATCC	19125
GAACTC	19125
ACGGAA	19090
TACCCT	19088
GTCCAT	19084
CATAGA	19084
TTGGGG	19062
CCGCAT	19046
GAAGCG	18994
GCAGCC	18986
GACAAT	18975
ACTGAT	18973
AACTAT	18947
AGGACT	18946
AGGTTA	18933
AAACAC	18929
GCTCGC	18928
GTAGAG	18920
TCATAA	18915
TTGGCT	18907
GAGTGG	18902
ACGGTT	18894
CGAGGT	18894
ACAGTC	18874
CCAATG	18869
GCCAGT	18844
GTAACA	18837
GATGGG	18831
CGAGAT	18816
TTGAGA	18804
TATCGA	18797
TGAATA	18777
GTTGCG	18771
TTACTT	18768
ACACAT	18767
TCCCCT	18760
ACGTCA	18748
CCCGTC	18694
TCCCAT	18656
GAGTCA	18642
CGGACT	18621
ATCACT	18615
GGCTTC	18609
CTCCCT	18600
GAGTTT	18578
GTTTAC	18568
ACATCT	18561
CGAAGT	18541
CATGGA	18521
GCGGCT	18517
TATGTG	18513
TGGCTA	18513
AGGTAC	18503
AGAGGC	18485
GAAATT	18472
GCTTAG	18467
CTGTTC	18452
TCATTC	18449
AATTAC	18440
GCCTCA	18430
TGCAAT	18408
TACTAA	18395
ACGTAT	18395
GCTTGA	18382
CACGCT	18375
CCTCAC	18356
GTCGCA	18347
AGACGG	18346
CATCTT	18346
AGACAG	18339
TATGAT	18328
AAACTT	18322
CATAAC	18312
CACGTA	18301
CAACGG	18291
GTGACG	18288
ACCGGA	18280
TCCATA	18263
TGATTG	18242
TTCAGA	18242
TGAGAC	18224
GGATAC	18204
ATGAAT	18193
CACTCA	18191
TAGGAA	18162
CACTTA	18161
TCCTCA	18155
TGTGAC	18153
GCACGT	18124
TTGATT	18112
CGCTGC	18099
TTTTCA	18085
CATCGC	18063
AGAGGA	18059
CTGCCA	18039
AGACGA	17988
ATGTAT	17985
ATACGC	17984
CGTGGA	17954
TGGTCT	17932
GTCCCC	17908
ACGTGA	17905
CGCTGT	17891
ATGCCG	17874
CATATA	17873
CTCCTA	17821
CTTCCC	17814
ATTTCA	17811
TGTCGC	17801
ATACGT	17789
CGTCAC	17786
GGCGAT	17776
AGATGA	17748
TTCAAC	17747
TGAGTA	17715
CTCCAT	17710
GGATTA	17710
TAACAT	17706
ATTCAT	17697
TTAAGA	17695
TACCGA	17680
TGTTGC	17665
ATGACA	17645
ATTGCG	17626
ATGTCA	17583
TTGTCA	17572
TAATTA	17570
GTCCTG	17544
GCGATT	17538
TTATAT	17538
TATATG	17533
GAAGGG	17527
CAACTA	17522
CTCCTT	17511
TATCTT	17464
CATAGC	17427
CCACAC	17418
AAGTCC	17393
CGCCTT	17385
CGGATT	17372
GCGTTC	17355
TGCGAT	17327
AGTCGC	17323
TTCCTC	17309
ATGGGT	17293
TCCTAG	17280
TTGAAG	17279
CATTAC	17262
TGTCCA	17253
GTTGCT	17234
CCTTCC	17228
CTCTAC	17224
TGCCTG	17212
CCTCTC	17202
AGTCAG	17139
TCTTAC	17125
TTCGTA	17121
TCAGGG	17106
TTTAGG	17080
ATTGCA	17052
TGACGT	17047
GTCGCT	17041
CTACTC	17000
AGGAGA	16972
TTATGA	16937
CGTTTC	16929
AAGTCT	16920
AGGAGC	16919
GAAGGT	16900
GAAACG	16886
TGGCGT	16874
ATTTAT	16865
GACAGG	16829
CAGTTT	16825
TGTATG	16824
GTCACG	16801
TCCACG	16800
GCTGAC	16793
CTGAGC	16778
AAATTC	16742
TGCATG	16741
GGGTAC	16730
AACGAA	16675
TGCGAC	16653
CACATA	16627
CACCGC	16626
CTGGAA	16624
CGCTCG	16584
AGACCT	16507
CTCCTC	16506
ATTGTG	16495
GCCTGA	16494
TGTCTC	16478
CGGGAG	16470
GCTGAG	16456
TCAGTC	16428
CTATCA	16416
GTGCTC	16365
CTGTGT	16355
GTTTGT	16351
AAAGTG	16341
TCGTGA	16332
GCTGCG	16327
CAGTTC	16318
CAATTC	16312
CGCCGT	16309
TGCTCT	16291
GGGATT	16286
TCGGCG	16252
CGATGA	16247
GACCTG	16214
ACACAG	16194
ATCGCG	16183
ATACAT	16175
TCGCTT	16156
TCAGGC	16139
GATGCC	16127
AGGATG	16117
TCATCG	16115
GGATAA	16106
TTATAC	16104
ACGGCA	16095
ATCAGT	16085
GCGGTA	16052
CATCCC	16042
CGAAGC	16036
GATGTG	16023
ATGGAT	16021
GCATTA	16019
CGAAGG	16012
CTAATT	16003
ACTGGA	16003
GACCCC	15984
ACGCGT	15979
ATCTCG	15954
TTTACG	15946
ACTCGT	15937
GGATAT	15930
TTCTCT	15914
ACCTCC	15912
CCTTAT	15910
CTTTTA	15909
TTGGAA	15882
CTATTA	15870
GCCTAC	15867
TCTGCG	15841
AGCTCT	15827
AGAGAG	15786
TGCTCG	15782
GCCAAC	15771
GCGAAT	15759
GAGAGC	15722
CAACAC	15719
CCACGG	15708
GCTTAC	15707
TCTTTG	15652
TCGATA	15642
CGAAAG	15637
ACCGAT	15629
GTACAT	15627
CGAACA	15601
TCGGTA	15600
CACAAT	15588
CTTTCG	15576
AAGGAA	15559
ACTTGA	15537
ATTGAA	15537
CTGTTA	15522
ATCTCA	15515
CGAGGG	15503
GTCGTA	15496
TAAGGC	15492
TCCCGA	15490
CCTCTT	15479
CTCTTC	15474
GGAAAT	15472
TGGACA	15469
AACACC	15467
TGAGGT	15465
GTCAGG	15462
CTACTT	15445
CGGTGG	15429
AATTTG	15417
GTTCGC	15398
ATCGTC	15391
TATAAT	15381
CGAACT	15381
ACCACA	15365
TAGCGG	15357
GTGACA	15341
ATGACC	15337
TAACGC	15334
TAAGTC	15303
CTGGAC	15280
TTGCCG	15280
TCAGTG	15275
TAATAC	15275
CGGTAA	15273
ACTTTA	15266
TTTTAG	15258
GACCTA	15249
AGTCTC	15238
CCTTCG	15223
TATGCC	15202
CTAGAC	15172
CTAAGC	15172
GCGAGT	15148
AGATTC	15147
TAGCCT	15135
TAGATA	15123
AAATTG	15120
AAGTGC	15119
TGACCT	15106
CATGCG	15098
ACACTG	15092
GCCACT	15087
TCGCAG	15079
GTCTAC	15067
AGTCTG	15047
CGACCC	15041
TTAACG	15033
GGACGA	15012
GGTTCT	15005
ATCCCG	14991
CTATTC	14983
ACGAGT	14935
CGTGAA	14935
GTCTCA	14934
AGTGCC	14931
TCTATG	14920
TAATGA	14908
CGTAAA	14897
GAACGC	14895
GGTCAC	14894
TTCGTG	14891
CTAACG	14871
ACACAA	14870
ACTTAT	14865
TAGTCA	14865
GACTTG	14862
GACATG	14860
CACACC	14844
TTAGTG	14844
CTCCAC	14841
TGAGCA	14840
ACGAAG	14817
GTTGCC	14810
GCGATA	14805
CGGCGA	14805
CACTGC	14784
CGAGCA	14773
GTGGTC	14768
AGCTTC	14754
CGCCGA	14749
GAAGTA	14708
TAGAGG	14708
ATTACT	14695
TCCCTC	14695
CACATC	14688
TCTATT	14684
CACAAC	14672
CGGCTC	14661
TCACTT	14655
GTCCGG	14649
GTAGGC	14613
GAGCCG	14609
AGACCC	14597
ACATGT	14594
ATCTAT	14573
CACTAT	14572
ACTGTT	14528
CACAGT	14520
CTTGGG	14518
CGGGAT	14518
ACATTG	14517
CCGTTG	14496
CCGTTC	14493
ACACTT	14489
TCTACA	14466
TATACC	14457
GACCTC	14437
TAATAG	14434
GGACAC	14412
TCGCGT	14408
GACATA	14399
TTCTAT	14395
GGGAGA	14375
ACCTAT	14372
TGCTGT	14370
ACGAGC	14369
GTCTGC	14362
ACGACA	14358
CGAGTA	14357
TCCCTA	14349
CAGTGG	14334
TGGCAG	14314
ACGACT	14302
ACGCGA	14293
GCGTTA	14285
GTTCTC	14282
GTCCGC	14273
GTCCAC	14263
AGCGGG	14250
ACACTA	14249
GCATCT	14245
ATTCTC	14235
CCCATC	14232
TCCGCT	14224
GAGGCG	14209
GCCGCG	14205
GAGGTT	14190
GTTTCA	14174
GGAGAA	14164
GTACAC	14160
AATTGG	14126
CAAGTC	14120
CCTGCG	14114
AACCGG	14107
AACAGT	14107
CTTAGT	14082
AGGCAG	14072
GAATAA	14062
AGGCCG	14053
GACTGG	14046
TTCCAG	14046
TGCCCA	14026
TACTTG	14022
CGAATA	14019
TAGCGT	14013
ATGTGC	13992
CGGCAC	13978
CCACCG	13961
GTAGCT	13957
GCGAGA	13942
CGCAGC	13933
CACAGA	13917
GCTTTC	13908
TACTCG	13903
CGACGT	13887
GGGCAT	13868
TCATTA	13846
GATGGC	13831
GCCTTG	13824
GCACAC	13823
CCTAAC	13821
CGCAAT	13775
GTGCAG	13763
GAGAAC	13756
CGCAAA	13737
TACCTC	13729
CACGAG	13720
ACTTCG	13715
CGACGA	13693
TGTATC	13672
TTATCT	13667
ACCTTC	13632
CACTTT	13618
CGTTGG	13610
TCAGGT	13591
CAAGCC	13573
AGAGAA	13568
TGGGAG	13568
TCAGTT	13559
CGCCAC	13548
ACTCAG	13542
CCTCGC	13532
CACCTC	13532
ACGAAT	13483
ACCCTA	13478
ACTTCA	13477
CCGATA	13474
ACGTTA	13436
TTTACT	13425
TTTCAG	13419
TTCGTT	13408
GTCCAA	13404
AGCTAC	13399
GCGTCG	13377
CTTACC	13359
TGGAAC	13358
ATGGCC	13353
AACCCC	13344
GCCCGG	13342
CTGAGT	13336
CCCCCT	13320
GGTCGG	13318
CGCGCT	13309
CCCCTC	13307
GAGGAG	13291
GCGAAA	13277
GACCGA	13267
CCTAGA	13213
GACGTG	13205
ATATGC	13203
AAACGA	13187
GATGCA	13178
TAGTCG	13161
CCCAGA	13146
GGAGAG	13145
GTCCAG	13142
TATTTG	13115
CTAATC	13097
CGTGCC	13073
GGAAGG	13057
CAGGGC	13025
GTAATG	13018
TTGTGG	13002
CCAAGT	12997
TGGCTT	12994
TGCAGC	12989
CTTAGA	12969
GACGGA	12966
TTGAGC	12966
CTCCGG	12966
CTCCCA	12958
CGAGGC	12957
TTAGCG	12936
TCTATA	12933
AAATGG	12922
AGGCAA	12886
TCTACC	12884
TAAGGA	12882
TGGGAT	12879
GTGCTA	12878
AATCGA	12873
ACGCGG	12860
CCACCT	12843
CGCAGA	12805
TCGACG	12803
CTAGGA	12720
GCCGTG	12666
ATTCCA	12634
AGCATA	12606
TAGGAG	12600
GAATTG	12575
AAGCGT	12573
ACAATC	12556
CAGCGC	12544
AGTGCT	12538
ATCTGG	12532
GTAGTT	12511
TATGAA	12501
CTTCGA	12485
CACCCA	12470
ATTATA	12466
GGGTCG	12456
CGCGAA	12454
ACCGAA	12452
CATTTA	12445
CGCGAT	12429
GGTAAC	12420
ATAGAC	12401
GGTGTT	12401
GCACAG	12396
TAGCGA	12393
CTCTAT	12392
TTCTCC	12388
GAATTT	12371
AAAGAT	12365
GGAGGG	12362
GGCGGA	12347
GTCGAG	12334
TACTTT	12330
GCAGGG	12328
GTGAGA	12325
CTCTCA	12324
CTACCC	12308
TGTCAT	12284
CTGAGA	12275
CCAGAG	12260
CTGTCG	12257
CGTCGT	12246
AAGGGG	12242
TGCGGC	12241
GGCATA	12224
GCTGGG	12210
CTATAA	12205
GGCTGT	12203
CCAACT	12194
CCTTTG	12191
ATAACT	12190
ACGGGG	12184
AGCTGC	12184
GCCGCA	12150
TGGATA	12137
CATAGG	12132
ACATGG	12125
CTACGT	12120
CGTGGC	12095
ACGTGC	12066
TTCAAT	12064
GGCACT	12051
AGAGGT	12036
TAGGTC	12026
GCCCCC	12005
TACCCC	11999
GCCACG	11973
CCAACG	11972
TATTCC	11923
GATGAT	11922
CTTCAC	11913
TTGCCC	11912
GTGGAC	11908
CCTAAG	11907
GGACAG	11907
GCCTTA	11905
CGTATC	11904
CCTGTC	11900
TCAACT	11874
GATACG	11870
CCCTGG	11867
CGGCCA	11864
GCCGAA	11864
ATCTTT	11862
GAGAAT	11858
TTCTAC	11848
TCGACT	11847
GGGGAT	11846
GTACTG	11833
GCTATG	11824
GTCACT	11817
CAATGT	11810
CCCAAG	11804
TCGTCC	11790
ACTTGG	11771
TGCCAG	11770
CTCAAG	11759
TTCAGG	11740
CCCCCA	11729
CAACCC	11717
GAGGTG	11715
TTGGCA	11713
TGTGGT	11707
TCACTG	11692
GAGTGT	11678
GCGTGC	11669
GGAGTA	11628
TAGTGC	11610
GTGAGC	11605
TCACTC	11566
CGCCCT	11547
CGTCGG	11542
TATATT	11529
GTAGAA	11522
TATAGT	11508
GCCTTT	11445
AATCCT	11441
ACACCC	11437
CAGTGT	11410
TCCAGA	11397
CGCAGG	11396
TTTCGA	11395
AGTACC	11329
ACTCCG	11314
CCACGT	11291
TGCCTT	11284
GAAAGC	11280
CCTCTG	11266
TCGTTC	11215
TACTCC	11208
TTCATA	11204
TTACCC	11202
TGATAG	11173
TCAGCC	11173
CTATCT	11143
TTACAT	11135
CCGTAC	11135
ACGGTA	11126
ATAGCC	11126
CACTGT	11100
CACGCG	11099
ACTAAC	11077
CAGAGA	11077
TGCAGT	11054
TCCAGT	11047
GTCTAG	11044
TTGCGC	11032
ATAGGC	11031
GACTTA	11019
ATACCT	11015
CGGAGT	11013
ATCCGG	11012
GCCCAG	11010
TTTCGC	11002
TGTAAC	10996
GTGTTT	10977
CTGGGA	10966
ATATGA	10958
AGTTCC	10949
CTGCGA	10944
GTGGTA	10938
GGCCCC	10935
TGTCCC	10934
TCATAT	10914
AACCGC	10900
TATCTA	10881
AGCTCC	10878
TCTGTG	10867
GTATTA	10866
ATGGGC	10865
TATGTA	10859
ACTCAC	10848
TGTCTG	10845
CATGTC	10837
CCGGAG	10826
TAGGTG	10821
GTAATA	10809
ATCGTG	10806
GCTGTC	10799
TGGCCG	10798
ACTTGC	10795
TGTGCT	10766
GCCCCT	10765
TTTCAA	10761
GCGTCT	10754
CTGCGC	10749
GGGCAA	10727
GGTGTC	10725
ACGCCC	10724
AAGTAC	10721
TGAAGT	10700
TGCGCC	10698
CACGGC	10696
CCCATT	10652
TGGGTT	10643
TTACGA	10642
GGACGG	10634
CGGTAG	10622
CGGCTT	10616
ATTCGC	10602
TGCGGT	10597
GTGTTC	10584
CGGACG	10582
GGATGG	10577
CCGCAA	10576
TATTAG	10558
GTTAGG	10548
AACTCC	10541
GGCAGT	10540
TTAGTT	10529
ATCGCT	10515
CGGTTG	10508
CTTGAG	10506
ATCTTC	10498
CGCCGG	10486
CGTGCT	10480
TACGCC	10473
CTATGG	10473
TGGTAC	10463
CTAAAC	10457
AGACGT	10444
CGGCCT	10437
TTTGGG	10428
CAGTTG	10428
ATCGGC	10426
CGAAAC	10424
TCGAAA	10422
CTTAAC	10407
GCGTAT	10385
ATTCTT	10376
ATGGGA	10375
TACAGC	10366
CGGAAG	10338
TCGTTA	10296
CACAAG	10287
GCCGGA	10286
GAGGGA	10280
AGTGAC	10269
AGGTAG	10259
AGGGAT	10256
GTTGTG	10248
CCCTCG	10245
AGCACT	10239
ATTACA	10236
CCACCC	10231
CTACTA	10224
ACGATA	10219
GATTAC	10217
GCCTCG	10209
CGACTC	10180
CGCTGG	10159
GGTTGC	10158
ATAGCT	10151
CAACTC	10130
CGAACG	10114
TAGAGA	10111
TGTGCA	10106
AGACAC	10105
GCTTCA	10085
TCTGGA	10073
CACCGG	10059
CACCTG	10037
ACACCT	10037
GCGGTC	10029
GTCGTG	10026
TGAGTG	10014
TATAAG	10000
ATGTGA	9999
TTATAA	9993
GCGGTT	9992
CCGGTG	9987
TGCCCG	9987
GAGGAA	9983
CTCCCG	9976
TGCATC	9959
GGAGAC	9955
CTAATA	9946
GCAGGC	9928
TTGTAG	9925
CATGGG	9924
CGATTA	9895
CCTCCG	9890
GTTCAC	9867
CGATGG	9832
TTGTGC	9830
CGTTCG	9830
GCCCTC	9804
TGCGCG	9791
TACCCG	9784
CCAGTC	9776
CCACTC	9766
NCCCCC	9743
TTTATA	9731
GTGTGC	9730
CCCGTA	9726
AACCCA	9714
GTCGCG	9712
CCGTGT	9712
TTATTC	9709
GCGGAA	9695
GTCGAA	9686
CAGGAC	9674
ACCCGA	9662
CTGACA	9656
ATATCG	9646
CCTACC	9640
CCATAG	9616
GGATGC	9612
TCACTA	9609
AGGAAT	9607
ACGCTT	9582
ACGGAG	9575
CAGCCG	9562
TCCCAG	9562
GTGGCG	9552
CTCTCG	9541
GCACCC	9541
GAGTAG	9535
CTCGAT	9532
AGCACG	9531
GTCGTT	9517
GCCCCG	9495
TGTCAG	9492
ACTGCC	9481
ACTCTC	9469
AGTCCG	9443
GGGTCT	9433
CTGTAC	9408
ACTCGC	9397
TTAGGA	9391
CCGCCC	9376
TCGCTC	9368
AGAGGG	9363
TATAGG	9360
TCCGTA	9336
GACTAA	9331
GCCCAT	9324
ACCCCC	9319
AGGCCT	9317
CCACTA	9280
ATCCCC	9262
CGTAAC	9254
GTTACC	9242
CCGCGT	9217
CGAATC	9202
CGGGGC	9191
TTAATT	9186
CCCATA	9162
CCCCTG	9140
CGGCTG	9127
GTGAGG	9121
CGAATT	9114
GAGAGA	9113
TGTCGT	9067
TTCGAC	9065
GGCACC	9046
ATCGGA	8973
CGTCGC	8961
TCTTAG	8953
GGTCCT	8946
ATCATT	8942
ACCCCA	8935
TACTAC	8891
AGAATA	8881
GGCGAA	8869
CTAACT	8858
CACGGA	8843
CGGAGC	8834
CTACGC	8830
ACGATT	8825
CGGCGG	8825
CCTAAA	8822
TCGAGA	8820
AGAGTT	8818
GAGGTA	8814
ATGACT	8799
CGATTG	8799
ATTCGT	8795
CTTCGT	8778
TCCGCC	8756
CGCGGA	8722
ACCTCT	8717
TTCACC	8717
TTCCAC	8703
GGGTCA	8702
ATGTCC	8701
CACACG	8696
ACCCCT	8680
CGCTCA	8677
CTCATA	8668
TATTCG	8647
CACCCT	8642
AATTCG	8637
ATCTTA	8635
CACCTA	8627
ATCGAG	8621
GCACCG	8569
GCAAAC	8566
TGCGCT	8565
CTTACA	8560
TAGCTC	8559
TCGTCG	8542
GTCTGA	8535
ACGTGG	8527
TCGAGC	8516
TTGCGG	8514
TAAGTA	8459
GGGAAA	8452
AGTATA	8442
CCTGTG	8416
TCGGTT	8390
TTTCCC	8373
GTAGAC	8367
TCCGCA	8366
ATCCGC	8357
CCGCTA	8324
ACTCCA	8304
TGGAGT	8300
AGTGTG	8290
CGCCCC	8282
GGGACG	8281
GCTCCG	8281
TCACCG	8276
TCCCCG	8275
TTACGG	8274
CGAAAT	8268
CGTGCA	8267
CTCGAG	8216
TGTCTT	8213
AAGAAT	8211
CCTAGT	8208
CAGGTG	8207
GATGCG	8206
GGAAGA	8204
GTTCCG	8179
GTGAAG	8164
GGAGTC	8164
CGACAT	8147
AGTCGT	8140
TCCACC	8138
GTGAAT	8106
TTGTGT	8103
TGCACG	8083
GCACGA	8078
TAGGCG	8071
GGGCCA	8066
ACCCTT	8063
TGTGAG	8061
ACGGCT	8052
CGATGT	8051
CCTGTA	8028
CCAGTA	8026
GGAGCT	8026
ATCCTA	8019
GCTATC	8015
TGTTCG	8005
CTGTGA	7973
CGCACG	7973
AATCGG	7951
TAAATG	7950
GAGTTC	7946
GGCCTA	7917
GTAGTC	7914
TTCCCC	7910
ATCCTG	7897
CGATTC	7890
AGTGAT	7886
TAGATG	7885
TGTAAT	7881
CGGGTA	7867
CCCACT	7861
CCGGGC	7860
TATTGT	7849
CCTCGA	7849
TCGGGT	7818
GTATAT	7811
GGAGGA	7804
GAGTCC	7798
GAGTTG	7797
GAATAG	7770
GGGTGA	7733
ACGTAA	7725
CACTGG	7723
TTACGC	7708
TAGTGG	7705
TCTAAC	7680
TTCGCG	7677
GCAATT	7644
GCTGTA	7622
GAGTGC	7621
CAGCTC	7609
ACTACC	7606
TGGGTG	7588
TGCACT	7583
ATAGAG	7581
CGTCCG	7578
ATCCCA	7565
GCACTA	7558
CTAAGA	7558
GCGCAC	7557
CTAGGG	7548
ATTTAC	7517
ATTAGT	7517
TGGCTC	7515
GAATAC	7514
AAAGGC	7507
CGGAAC	7504
ACCTGG	7502
ATTGAT	7502
CCAGGG	7498
AAGGGT	7493
TAGAGT	7493
TCGTAA	7491
TAGCTG	7488
AACTAG	7481
TGCCTC	7479
GGTGCC	7471
ACTGTG	7455
CGCATC	7454
TAGTGA	7441
ATATGT	7427
CCACGC	7415
ACTTTC	7408
CCCACC	7407
CGTTAG	7392
GTACCG	7377
CAATTA	7342
TTGTCC	7336
CTCAGA	7334
TGTAAA	7331
CTCTGG	7330
ATGATA	7324
CCCAAC	7321
GTAGTG	7319
CCGGAT	7285
GAGAGG	7263
AGAGTG	7251
CACCAC	7217
AGTCGA	7186
TCGATT	7179
ATACTT	7177
TAGAAG	7150
CACATG	7121
ATCCCT	7107
GCACTC	7103
CACAGG	7095
CCCGAG	7094
CCAGAC	7091
AGCTCG	7073
CCCACA	7070
TCATGT	7067
TGCGAG	7066
GAGGGC	7049
AGCCCC	7043
GTAACG	7021
TCTGTA	7020
AGACTG	7018
AGGATT	7006
CGATGC	6996
CAGTGA	6969
ACTCTG	6944
CCAGTG	6919
CTCCGC	6914
GCCGGG	6908
ACCCAG	6907
CGGACA	6902
AGTCTT	6901
GAGTCG	6882
CAGTCT	6877
TGTCCG	6868
GAGCCC	6865
AGATAG	6850
AGACGC	6840
ATCCTC	6839
GTTAGC	6827
TCCCTG	6817
GGAGGT	6816
ACGCCT	6802
AACTAC	6781
CCCCGA	6775
CCCCAG	6772
GGTCCC	6771
TCCCAC	6765
TCGGCT	6758
CCCGCA	6753
TTCGGA	6753
AAGTAG	6741
CCCTTG	6727
CTGGGC	6724
CCTATC	6707
TCCGAG	6705
AGCCGA	6683
GCAGTG	6680
GTTACG	6677
GGGGAG	6660
TTAGGT	6653
TAAGAC	6641
GGCCAA	6633
TGTAGA	6604
TCTGAG	6595
CACTAC	6577
CCTATT	6568
GCGCGT	6560
GCCTAT	6531
ACGGGA	6517
TGAGAG	6514
GGCTAC	6504
ACTATA	6478
GGTGAG	6468
ACTCTA	6451
GCACGC	6406
GTCTTA	6393
CCAGGC	6343
CCGCTC	6340
GCTAAC	6335
TAGCGC	6330
TACCTA	6318
GAGAGT	6294
GGCTGA	6288
CTCGGA	6273
CCACGA	6269
GCGTGG	6255
TCGTTT	6241
GTGAAC	6233
GACGTA	6233
CATGTT	6228
AAGCCC	6189
TAGCCG	6172
CAGGAT	6164
GAGATC	6154
CACCCC	6148
TCGTGT	6143
GGGGTA	6137
GCGTAG	6133
TGTGAA	6123
TACATG	6103
TGAGCG	6101
CCGCCG	6094
CGTTAC	6094
CCCCAC	6088
ATCCGA	6053
GGGCCG	6051
AGACCG	6048
GGAACT	6044
CGGATA	6021
GGACCC	6002
CCCCAT	6002
CGCGAC	5998
TGATAC	5983
ATTTCG	5918
CATGTG	5908
TCTACG	5903
TCCGTG	5903
CGCATT	5899
GATTCG	5893
AGGGAA	5874
ACTTGT	5869
CAGAGT	5868
TTAGAA	5864
AGGTCG	5851
GATAGC	5843
GTCTGG	5808
ACCTTA	5798
CGAGAG	5796
CTCACG	5783
ACTTAG	5779
ATGGAG	5776
ATTCCT	5767
GGAGCG	5759
GGTGAA	5751
ACTAAT	5749
GCGAAG	5737
CGTAGA	5699
TCGGGG	5684
TCCGCG	5683
AATTCC	5659
TAATTG	5647
GAGCGG	5641
GAGGAT	5637
TACAAC	5628
CATCGG	5628
GGGCAG	5624
TCGATG	5600
GGGGAC	5585
CACGAT	5563
GGGTAG	5559
GTTTCG	5520
CCGGCT	5516
CTAACA	5509
CGACCG	5499
TTTACA	5497
AAGTTC	5497
CGTAAT	5484
ATACCC	5465
CGTGCG	5429
CCTTAC	5426
ACGTCC	5419
TGACTG	5418
CCCCGC	5412
GAGTGA	5410
CAGTAC	5404
CCTCGT	5403
CGTGTT	5385
CGTGAG	5384
TGTACG	5358
TCCGAT	5357
GGGGCC	5349
CCCCTA	5334
TCGGTG	5311
CCTGCC	5305
GAGGGG	5291
TATCCG	5281
ACGGAT	5280
GACACG	5272
GGAATA	5250
CGAGTC	5235
ATATAT	5232
GACAGT	5228
CGATAT	5185
TCCTCG	5157
GTTTAG	5150
ACACGT	5144
GTGTGG	5126
AATTGC	5125
TAACTC	5125
GGATGT	5109
CCGAAA	5081
TAGTTC	5079
CCCCGG	5073
CAGGGG	5061
TGCCCC	5059
TGCTAG	5055
CAGCCC	5026
TTGTGA	5025
CTGGGG	5009
TATAAA	5004
TTCACT	5001
GTCCGA	4992
ACCGAG	4986
GGGGCT	4941
TCCGTC	4933
CTGCCC	4930
CCGATT	4908
TTGTCG	4895
CCTGGC	4835
CCGCGC	4831
GCATGC	4822
ACGCGC	4806
ATGCGA	4803
TTGAAA	4787
ATTCGA	4785
GCATGT	4777
CCGGTC	4767
CTAGAA	4766
GCATCG	4751
CCAGGA	4741
GGGTAT	4697
GGCCCA	4694
TTAGAT	4693
CCGCAG	4684
GCGGAG	4682
ACCTCG	4681
GGTAGT	4671
ACGTCG	4651
ATTACG	4627
GCTGTG	4569
CACAGC	4567
GGCCCT	4562
TAGGTA	4558
NCAGAA	4556
TACAAG	4556
CTCTGA	4499
CAAGAC	4494
GTGGAG	4488
CGAGCT	4458
GGCTAT	4437
TTGGCC	4413
CGCACA	4409
AGAACA	4388
TAGCCC	4384
TCCCTT	4345
TACATT	4314
GGTCGA	4301
ACTAAG	4297
GGACCG	4297
CTGCGG	4294
AGGTCA	4283
TTCTAA	4262
TAGGCC	4248
GATCAG	4243
GCCCCA	4234
ACTCCC	4197
CTAGCA	4183
CCATGG	4164
GACCCG	4148
GGTCTC	4115
TGGAAT	4110
TCCGAA	4108
CCTTGT	4098
GCCGTA	4087
AATACA	4065
TTACAC	4064
CCGGCC	4052
CCTATA	4016
TAGACT	4006
GTTCCC	3987
GATCCG	3971
ATCCAG	3948
GCCCAC	3882
CTCGAA	3844
GGATAG	3839
CTATAT	3833
GGCTCC	3831
GATCTG	3824
AGTTCT	3823
GGCCGA	3821
CGGAGA	3820
GTACAA	3818
ACTACA	3809
CTACGA	3780
TCCAGG	3745
ACCCAC	3732
CAAGTG	3713
AAACCC	3711
CGGTGA	3704
GAATTC	3664
CGCTAT	3656
TGCCCT	3632
GAGCTC	3631
GATCCC	3623
TCGCGC	3590
GGTGAC	3589
ACCGTA	3576
GATCTC	3569
AATGTA	3561
CCCGCG	3560
AGTACT	3551
CTAGTG	3551
CCGACA	3545
AGGACA	3539
CGACAC	3525
CCCCCG	3523
CTTTCA	3522
GAGGTC	3477
TCGAAT	3464
TGTATT	3432
CCGTGC	3417
GGGACT	3409
AGTTTC	3363
CAGCTG	3359
GATGTC	3349
ATCGAC	3344
GGAGCC	3336
AGAGAC	3325
CTGAAG	3319
GGGCTA	3310
CCTGGG	3308
TTCGAG	3307
TTCTAG	3296
TTCCCG	3293
CCTGGA	3264
GGATCA	3215
GGGGTT	3201
GAAACT	3187
TGATCA	3177
GGTCCG	3173
CAGAGC	3156
ATCTCC	3155
GTACTA	3145
GATAGG	3139
TCGTGG	3120
ACAGTT	3099
CGGTTT	3063
TAGATC	3031
TGTTGT	3029
AATTCT	3024
CCTTGG	3010
TGTGTT	2992
TGGACG	2971
GCCCTT	2941
ACGCAT	2909
CAGTGC	2895
AGCCTA	2893
CTTCCG	2890
AGGGCT	2874
GGGGGG	2863
NAAAAT	2834
TTAGGC	2832
AAAAGG	2830
TGTCCT	2825
AGGGAG	2813
GACCGG	2800
CACGTC	2788
TGATCT	2757
CTAGCT	2746
TCAATT	2725
TAACGG	2714
GGTGCG	2713
CCGGTA	2710
GGATCT	2704
TAGATT	2702
GAGCAA	2700
CTAGGT	2687
NAAAAC	2673
ACTGTC	2660
CATGTA	2648
AGTCCC	2644
GGGTTT	2642
TGTTAG	2638
TCCTAT	2637
CTCTAG	2636
CGCCCA	2620
CACCGT	2605
TGGCCC	2604
TCCAAT	2593
CTATAC	2556
ACACGG	2555
TAGGTT	2550
CACTTG	2550
TGTGTA	2530
AGACTA	2523
TCTAGC	2504
NAAACA	2474
AGTGTA	2471
AGAACT	2429
NAAAAG	2413
CAACGA	2397
TCTAGT	2390
CATTCC	2375
GTCGAT	2362
TCTATC	2339
CTGTAT	2334
CCGCAC	2319
GTACTC	2316
GTCCCA	2308
ACCGAC	2307
GCGGGC	2305
CCCACG	2304
GCCGGC	2299
CTGTGG	2295
CTAAGG	2281
ACCCAA	2262
CTGATC	2258
CCGTGA	2248
GCCAGG	2225
GCCTGG	2225
TAGTTA	2200
CATTGA	2172
CAGATC	2165
NAGAAA	2160
GCTAGC	2147
CTAGAT	2142
TCTAGA	2131
NCAAAA	2129
TTGCTC	2126
ACTGGG	2113
NGCTTT	2105
CTCGGG	2100
AGATCA	2099
GGCCCG	2098
AGGACC	2097
TCCGGA	2091
GCCCTA	2083
GATTCC	2076
GGAACG	2066
GCACGG	2054
GGGGGT	2041
NACCAT	2041
GGGGCA	2036
NACCAA	2032
AAAGGG	2026
ATTCCC	2024
GCCCGC	2022
GACTAG	2021
NACCAG	2014
GGTGTA	1991
CTAGTC	1981
TCGATC	1974
GGAATG	1970
NAATTC	1968
NAAGCA	1933
NTTCTG	1920
NGCTTG	1916
GCTATA	1908
GGGTGG	1907
CACCCG	1872
NTTGAC	1866
NAACAA	1851
GGGAAC	1846
GGTGGG	1845
CAGGTC	1844
ACGTCT	1843
AGGGGG	1842
NCAGCA	1842
AGATCT	1838
NAGCAA	1837
ATCTAC	1828
NCCAGC	1824
NTAAAA	1820
CGTTGT	1820
TCGTTG	1819
ATCGAT	1816
NCATAA	1811
NAGAAG	1809
NCACCA	1807
GTGGTG	1805
CGAGTT	1804
GTCTTG	1801
NTTCAG	1797
NTTAAT	1795
NATAAA	1793
TGTACT	1786
NGAAAA	1784
NAAGAA	1778
CGCACT	1774
NAATAA	1774
GGGGTG	1774
GAGCGA	1770
CGCACC	1769
NAAATG	1758
NTGCTG	1757
GTCGGT	1755
GTATGA	1754
NCATCA	1745
AGGCCC	1744
GCATAG	1719
CTCGTA	1709
ACTCGA	1688
NTAAAG	1688
NAAATA	1685
NTTGCT	1684
ACCGGG	1684
NAACAT	1683
NAAAGC	1679
TGATCG	1677
AAACCG	1670
ACCCGG	1657
GCTACG	1656
CAAGGG	1654
CGTGTC	1654
NTCAAC	1641
TGTGAT	1640
ACCTAG	1638
CTTGTA	1615
NAAAGA	1609
TAGAAC	1608
NGTCAA	1603
NATGAA	1601
TGGGCG	1592
NCTGCT	1591
CCGAAC	1587
NAGCAG	1579
TTGTAC	1578
GTCCTA	1567
NAATCA	1566
NTTGGT	1565
NTTATC	1562
AGATCC	1560
GGGTTC	1545
CATCCG	1539
NCTTTA	1534
NTAAGC	1526
NAACAG	1525
NCAAAT	1523
AGCTAG	1522
GGGAGT	1521
GAGATA	1519
NATTTT	1516
ATGATC	1516
TGGAGC	1514
CGAGCC	1513
NCTGGT	1508
GGGAAT	1505
NTAACC	1494
AACCCG	1494
NGCGGC	1492
GTCCCG	1492
NTTGTT	1483
NATTAA	1482
NTTTTG	1482
NAAACC	1482
TGTAAG	1481
NATTCA	1481
NACAAA	1480
NAAGAG	1472
NATCAA	1468
NATCAG	1467
NTTAAA	1467
GTAGGG	1466
ACCGGC	1466
TAACTA	1461
NCAACC	1461
NCAACA	1455
NCCAAA	1454
NATGGT	1452
NTCTCT	1449
NGCAAT	1449
NCGACA	1448
AGAATT	1448
NGTTAT	1445
TGCGAA	1442
NTCAGC	1442
NTTTCT	1437
GCCCGT	1434
NCAAAC	1427
CCGTCG	1424
NGAAAC	1424
NATAAC	1424
NTTTAG	1423
NCAACG	1423
NACATT	1422
GATCTA	1420
NGATAA	1418
NGCTTC	1411
NTTTGA	1411
GGATTC	1410
NGTTCA	1410
CCTAGC	1408
NTACCA	1407
CGCCCG	1406
CACCGA	1400
NGACCA	1399
CATCGA	1398
NTTTTT	1392
NTGCTT	1391
CGTGGT	1387
GAGTAC	1387
GTGGGT	1386
TGTATA	1386
NACGAA	1378
GGGATC	1378
TACGTC	1369
NCACAC	1365
NAGCTT	1364
NGCGTT	1364
NAATGC	1362
NTTTAT	1350
NCTCTT	1347
NTACTG	1347
TGGGCC	1345
NGCGTC	1345
NATTGC	1343
NCTCCA	1342
NCATGA	1340
NAATCT	1339
GTCTCG	1339
ACCCCG	1337
GCTAAG	1335
ACCCGC	1333
CTCCGA	1329
NAAATT	1325
NAACGT	1321
CCGATC	1313
NGAACA	1310
NTATCA	1310
ACTAGC	1305
NACAAC	1301
TGTAGT	1298
CGAGGA	1292
NAATGA	1292
NCTTGC	1288
CGACGG	1287
NCTGAT	1286
NGCTGG	1283
NTTCAA	1281
NCGTCA	1280
NGTTGA	1280
CGATCT	1279
NCAATA	1278
NTGATT	1272
ACGGTG	1271
NCTCAG	1270
ATATAG	1270
GATATA	1268
NATGCT	1266
GGAATC	1265
NAAAGT	1263
NATAAT	1262
NAGCAT	1262
CCGAAT	1261
NTGGCG	1260
ATGCGT	1260
NTAAAC	1259
NCTCTG	1259
NTGAAT	1258
NTCCAT	1258
NCGACT	1257
NTGATG	1252
NCCTCC	1251
NTTTGG	1251
NAAATC	1250
NCCATA	1248
GTTCTA	1247
NACACT	1245
AGCCCG	1242
NGTTTT	1242
GCTAGA	1240
NGAAGC	1239
GCTAGT	1239
NGTATG	1233
NATGAT	1232
NCTCAT	1231
NCATTA	1231
NCAAGC	1231
NTTCTT	1230
NTTAAC	1228
NAACCT	1227
NTTAAG	1226
NTATGG	1221
NACGCC	1220
NAAACG	1217
CTAGGC	1216
NACTTC	1216
NTTTAA	1214
NCTTAT	1212
NCCTTC	1209
NTCCTT	1209
NTGTCA	1208
NACCCT	1207
NCCTGA	1206
NTCTGC	1203
NAATAT	1201
NCTCCT	1200
NACGAT	1200
GCGGGA	1198
NCTGAC	1197
NTCCAA	1197
NGCAGA	1197
NGTCAG	1195
NACTCA	1194
NTGGTC	1193
NCTGCA	1193
NACCAC	1192
NGCTCA	1191
CCGTTA	1188
GATAGA	1187
NGCGTA	1185
NTGACG	1184
TTGATC	1184
TAGGGC	1182
CCGGGA	1181
NTTATT	1179
NATGAC	1177
NTCAGT	1175
NAAGGA	1174
NATGTT	1173
NATTAT	1173
NTACAC	1173
NGCAGC	1170
AGCCGG	1170
NTCATG	1169
NACCTG	1169
CACTAG	1168
NCCAGA	1161
NTGTTT	1160
NGGAAA	1157
ATAGGG	1157
NACATA	1156
GCGGGG	1156
CGATCA	1155
NTGAAA	1154
NAAAGG	1153
NTAATG	1149
NACGCA	1148
NAATTT	1146
NCCGGC	1145
NAACGG	1144
NCTCGC	1143
NATAAG	1142
NGCCAG	1141
GTGGGC	1140
NGAAGT	1138
NCCGTT	1138
NAATAG	1136
NACGCT	1136
GGCGCG	1135
NCTGGC	1134
TGGATC	1134
NTTTTA	1133
NGCTGA	1132
ACCCGT	1132
NCGTTT	1128
NTAAAT	1128
NATACC	1128
NTTTTC	1128
NTTGCA	1128
NCAGTA	1126
GCTAGG	1125
NGCTGC	1124
ATGGGG	1120
GTTCGG	1119
NGCATT	1119
NTCAAT	1117
NCGCCT	1116
NATGGC	1115
CGGCCG	1109
NTAATC	1108
NTACAT	1108
NTGCAA	1104
NACTGC	1104
NGATTG	1103
NCTGAA	1102
NACGGC	1099
GTACGA	1099
NTTGGC	1098
NTATTG	1097
NTTTCC	1097
NCTCGT	1097
NTGGTA	1095
CGAATG	1094
GGGATA	1094
NGACCT	1090
NTTACC	1086
NCTAAA	1086
NCCTTT	1085
NTTGAG	1084
NTTAGC	1084
NAACTG	1082
NTCTTG	1082
NATCCA	1082
NGATGA	1079
GCGCGA	1079
NATTTA	1078
NCAATC	1076
NTCTTT	1074
NAGATT	1074
NTTGAA	1072
GGCCGG	1071
NAGCCA	1067
NGACAT	1066
NGACGA	1066
NAGATG	1064
NTGCCA	1059
NAATCC	1059
NTAATA	1057
NAGGGT	1057
TAGTCC	1057
NGCAAC	1056
NGAAAT	1053
NAAACT	1048
NCCGCT	1048
NAGTAA	1048
TACGAT	1047
GTGTCG	1046
NGTAGC	1046
NGTTTA	1045
NTCTGT	1045
NACCTT	1043
NAACGC	1043
GCGGGT	1042
NCCTGT	1041
NTTCAT	1040
NAATGT	1040
NGCACA	1040
NTGCAG	1040
NTTCCA	1039
NTGACC	1038
CTAGCG	1033
NTTTGT	1032
CCTTAG	1031
NGAATG	1030
NCCACC	1029
ATTCTA	1028
TATATA	1025
NAGAGC	1025
ACTAGT	1025
NAGCTG	1023
GTGGGG	1019
NTATTT	1018
NCTTAA	1016
TGGGCT	1015
NACGAG	1014
CGGGGT	1013
NCCATC	1013
NGATTA	1013
NAGCAC	1011
GCCCGA	1011
NGGCAT	1009
NTCAAG	1008
NCAAGT	1006
NAGCGT	1004
NCGGCA	1004
NCTGTT	1003
NAAGTT	1003
GGATCG	1003
NCATCC	1002
AAGGGA	1002
NCGCAA	1000
NTGAGT	999
NGATTT	999
NGCCTC	996
AGGCGA	993
TGTGCG	993
NACAGA	993
NGTCCA	991
NGGTTA	989
TGTCGA	989
CGAGAC	984
NGGTCA	981
NAAGCG	981
NGAACG	980
NGTAAA	980
NAGAAC	979
NTGGTG	977
NAAGGT	976
NCTTGG	976
NCTTCC	975
NAGGCT	973
NGCCAC	971
NAGCCT	970
NTTCTC	967
TATAGC	966
NCTTGA	965
AACTCG	965
ACGATC	965
NATCAT	963
NTCATT	961
NACTTT	961
NTCTGA	961
NTGATA	959
NAATAC	959
NGCTAA	957
NTTGAT	956
NTCAGA	953
NGAGAT	953
NATCTG	951
NCCAAG	951
CGGGCT	950
NTCACA	950
NGAAGG	949
AGTGCG	948
NTTGCC	948
NAACAC	947
NGATAT	947
NATTTG	947
NAAGTC	946
NATTAG	944
NGCATC	943
NGCGCC	941
NCTAAT	941
CGGATG	941
NTTGCG	940
NACCGC	939
NCTTTT	936
NAATTA	935
NAGACC	934
NAACTT	932
CCGTAG	931
CCTACG	930
NTATGC	928
ACGGGC	926
NATGCA	925
NTACAA	925
CGCTAG	924
NTAGCA	923
NGAGAA	922
NTTTAC	921
NCGAAC	920
NGACGC	918
NTATTA	918
NATTTC	915
ACTACG	914
NATATT	910
NCAATG	909
NATGGA	909
NTCACC	907
NCCATT	905
NATCTC	904
NAGACA	901
NTCAGG	899
GGCTCG	898
ATACGG	898
NCATGG	897
NTTATA	897
NGCATG	896
NGAAAG	894
GCCTAG	893
CCGGAA	892
NCAACT	891
NTTAGA	890
NAGGAA	889
TGCCGG	888
NCACCT	887
NTGTTA	885
NTAACA	885
NGATGC	885
NGGCGG	885
NCCAAC	884
NCCTCA	884
NCATCT	884
NAGTAG	884
CCGTAT	883
NTATGT	881
NGCCAA	880
NGAATC	879
NGTACC	878
NCTACA	878
NCAGCT	877
AAGGGC	873
NATTGG	872
NGTCAT	871
NGGTAT	870
NCATTC	869
NGTATT	869
NTCGGC	864
NTGGAA	863
NATCCT	862
NTCGTC	862
NCTACT	861
CGTAGC	860
NGGAGG	858
NTGGAT	856
NGTCGG	855
NTTACT	853
NACACC	853
NCTACC	853
NCGACG	850
NACAAT	849
NCCAAT	849
NGCGCT	848
NGAGGC	848
NCTTTG	847
NATGCC	845
NGACTC	845
NACGCG	843
ATCTAG	842
NCTCCC	841
NAAGAC	841
NATCGG	839
NAAGCC	839
NCAGGA	839
NTGTTC	836
NGCGGT	836
NGGCGT	836
NTAAGA	836
NCTGCC	836
TCGTAG	835
NTGTCT	834
NTGAAC	833
NCAGCC	832
CGATAG	832
GTGCGG	831
NAAGAT	831
NTTCCT	829
NACATC	828
NGGTAA	827
NCCACT	826
NCGCTT	826
NCAAGG	826
NTGAGA	824
NCTCTC	823
NGAAGA	823
NGGCAG	822
GAGTTA	822
NGCAGG	821
NCCAGT	821
NGTGGC	821
NGCCGC	821
NTTAGT	819
NTACCG	818
NGTACT	816
NAAGTG	816
NAGCGG	816
NGACTG	815
CGGGAC	815
NCCTCT	814
NGTTGC	812
NCATGC	811
NGCGAC	809
NGTACG	809
NTACCT	808
NTCCTG	808
NGTCTG	806
NTGCCG	806
NTCTTC	805
NCCGCC	805
NATAGC	805
NCTCAC	802
NTAGAC	799
NTTGTG	798
NGCTAT	797
NCCGTC	796
NACTGG	795
NCAGGT	794
NTAATT	793
NTGAAG	792
NCTTCG	791
NACAGC	790
NCTTCA	789
NCACAT	789
CGGATC	788
NACAGT	786
CGGGCG	784
NAGTTG	783
NGATGG	782
NGCCTG	781
NCTTTC	780
NTGGCA	777
NTGCAT	776
NTAACG	774
NGCCTT	773
NTCACG	772
NACGGT	772
NAAGGC	770
NACGTC	769
NGCTAC	768
NGGTTT	766
NTCTCA	765
NCGGCG	765
NGCAAA	764
NGTTTC	764
NCGCCG	761
NTATAA	761
NTGACA	759
NAATGG	759
NTGGCT	758
NGCTCT	755
NAACTC	753
NTGCTA	753
NATTGA	751
NGGCGA	751
NACGTG	751
NGAGCA	750
NTCGGT	749
NGTTGG	747
NAGCGC	746
NATCTT	746
NGTAAT	745
NCTATT	743
NTAAGG	742
NGGTTG	741
NCGTTC	740
NAGATA	739
NTGCGT	737
NAGTTT	737
GTATAG	737
NGGAAG	736
NGCATA	735
NATGTG	734
NCATAT	734
NCCTTG	734
NGCTGT	733
NCGCAT	727
TTGGGC	726
NTCCAG	726
NAGAGA	726
NCTCGA	726
NCACAA	725
NGACGG	724
NCGTTG	723
NCGCCC	722
NAGCTC	721
TCGAGT	719
NTGAGC	719
NTTAGG	718
NCGAAG	718
NTGACT	718
CGTGGG	717
NAACCC	717
NGTGTG	716
GGCGGG	716
CGGGGG	716
NGCCGT	713
NGGCAA	711
NACGGA	711
NAGTCA	711
NATGTC	709
NTCTTA	706
NGTTCT	703
NTACTC	702
NGGACT	702
NACTCC	702
GTGCGA	700
NAGAAT	699
NCCCTG	698
NAGGTA	697
NTGAGG	696
NTCTAA	693
NAGGAG	693
NGTAAC	692
NAACCG	692
NTTGTA	687
TTGGGT	684
NACAGG	684
NTGCTC	683
NCATTG	683
NGCAGT	683
NAGTGG	682
NGCGAA	682
NCATAG	681
NGACCC	680
NGCGAT	680
NGTGCA	678
NCGCTC	677
TACTAG	676
NAACGA	674
ATCGGG	673
NTTCGT	673
NAGGAT	673
NATAGT	672
NCACGC	672
NCACAG	671
NCCGGA	671
NATTCT	670
TGTGGG	670
NATCGC	670
NACTAA	669
NATAGA	669
NCGGTT	668
NACTAT	667
NAGACT	666
NCGCAG	666
NTCTGG	666
NCGTAC	665
NATACA	664
NGTATC	661
CCGCGA	659
NGGCTG	659
NATACG	658
NTCCAC	658
NGTCAC	657
NAGGCC	656
NTATCT	656
NACCTC	656
NCTCTA	656
NCAGTT	654
NTGTAG	652
NGACAG	651
TACGTA	647
NGTCGC	647
NCACTG	646
NTATCG	646
NCTGGA	644
NACTTA	644
NGTGTT	644
NGTGAT	642
NCTGCG	639
NACTGT	638
NCCCTC	638
NATTGT	635
NTGGAG	635
NTCGCT	633
NCGTCC	631
NTCATA	631
NAAGTA	630
NCAGTC	629
NCAGGC	628
NCCACA	627
NTATTC	626
NTACGC	624
NCACTC	624
NCACTT	622
NGGTGA	622
NGATAC	620
NTAACT	620
NTCACT	618
NCTGAG	618
NATTAC	617
NGATTC	614
NGCACC	614
ATTCCG	612
NTAGTT	612
NGTTAC	612
NGGATG	610
NTACGG	610
NCCCAT	609
NTCTAT	607
NTGGCC	607
NAGGTG	601
NGGATT	597
NGTGCT	597
NGGCCA	597
NGAGTA	596
NGCGAG	595
NCGATA	594
NGGGTT	594
NCCTAC	594
NCCGAC	593
NAGTCG	592
NACAAG	591
CGGGAA	590
NGTGCC	590
NACGTA	590
NTAGAG	590
NAGGAC	590
NGTTGT	588
NTCGGG	587
NCGATG	587
NCACCC	585
NTTGGG	585
NAGTCC	585
NCAGAC	582
ACGTAG	582
TTCGCA	581
NTCGTG	580
NGAGCT	580
NTACTT	580
NATGCG	579
NCGTGA	578
NGGATA	578
NCGAGA	578
CGGAAT	575
NGAGGG	575
NGTAGA	574
NACCGT	574
NTCTCC	572
CGTAAG	572
NGCCGA	571
NGTCCT	569
NTGTGT	568
NCACGT	567
NAGCGA	565
NGATGT	564
NTAGCC	564
NAGTTA	564
NCACGA	563
NGAGTG	563
NGGTCT	563
NCGAGT	562
CGTAGT	560
NGTTCC	559
NCTCCG	559
NGTGGT	558
NGAGCC	558
NGATCG	558
NTAGAA	558
NGGTAC	558
NGGCAC	558
NGAGCG	557
NCTGTA	556
TATACG	555
NACACG	554
NTGGAC	554
NGGGAA	552
NAGAGG	551
NCCCAA	549
NAGTGT	548
NGGTGC	548
NGGCTT	545
NGGAGA	544
NGGTCG	539
NCTGTC	539
NCGAAA	539
NGAGTC	535
NTACCC	534
NGACGT	532
NCGAGC	531
NTCTAC	530
NGTGAC	529
NAGGTT	529
NACTAC	529
NATATG	528
NGGGAT	528
NTCGCA	527
NTTTCA	526
NTGCGC	525
NTGGGA	525
NTAGTG	524
NTTCAC	524
NGTCTT	523
NCGTGT	523
NTTCGG	522
NACTTG	522
NGTCGT	517
NTCCCT	516
NTACGA	516
NCGCTA	516
NCCCCT	514
NCGGAA	513
NTACGT	513
NACCCC	512
NAGGCG	512
NCCGGG	511
NCAGAG	510
NGGGCG	509
NGGCCT	509
NTATGA	509
NGGTGG	506
NCGGTA	506
NGTTCG	505
NTCCTA	504
NGACAC	504
NTCGTT	504
NCGCGT	502
NGGTAG	500
NCGTCT	500
NGAACT	500
NCCCCA	499
NGAATT	499
NTTTCG	498
NAATTG	496
NCAATT	494
NGCGGA	494
NACCCA	494
NCGTAT	493
NCCGAA	493
NTTCCG	493
NTGCCC	493
NAGAGT	491
NCACTA	491
NTCCCC	490
NGAGGT	488
NTTCGC	486
NGTATA	485
NCCTTA	482
NATGGG	482
NGTTAG	481
NGCTCC	481
NGGAAC	481
NTGTAT	473
NTAGCT	473
NTCTCG	472
NCTTAC	472
NACCGA	468
NTCCTC	467
NTATAG	467
NGACCG	466
NCCGAT	465
NCCGCA	463
NTTACA	463
NTCCCA	463
NGAATA	462
NTGTGC	462
NATGTA	461
NCATGT	459
NTCCGC	459
NGGCTC	456
NTAGTC	454
NGTGAG	454
NGAGAG	454
NTGCGG	452
NACCTA	450
NCCGAG	448
NATCCC	448
NGGGAG	448
NTCGCG	444
NAGCCG	444
NCAGTG	443
NCTAAC	443
NGTAAG	440
NGGACG	440
NCGGCC	440
NGTGGA	439
NTCGAA	439
NTAGCG	439
NTGTGA	439
NCGGCT	435
NCTATG	434
NAGGTC	434
NGGACA	433
NACATG	431
NCAGGG	428
NGACTA	427
NAACTA	427
NGAGGA	422
NCGATT	417
NATATA	415
NAGTGC	415
NCTTGT	410
NGGAGT	409
NTGTGG	407
NCGTTA	404
NCATCG	402
NTAGGT	402
NAGTCT	401
NTCCGG	401
TTCGAA	400
NGAGTT	400
NTAGGA	399
NGTGTC	399
NCGGGT	396
NTAGGG	396
NGGCTA	395
NCCCAG	395
NTGCGA	394
ATTCGG	394
NATCGA	393
NGCCTA	390
NGTAGT	390
NGCTCG	388
NATCCG	387
NGTCTC	385
NGGAGC	384
NCTTAG	382
NGGGTA	382
NGGTTC	382
NTACTA	381
NCCACG	379
NCGGAT	379
NTCGAG	378
NCGCAC	376
NCGTGC	371
NCGGTC	368
NCGAAT	364
NTTCGA	364
NTTACG	363
NCTGTG	363
NCCGTG	362
NCCTAT	362
NGTCCC	362
NCTAGG	357
NAGTTC	356
NATAGG	356
NTAGAT	355
NGAGAC	355
NCCTCG	354
NCACCG	353
NAGTAC	352
NTCGAT	350
NCCCTA	348
NTTCCC	348
NTATAT	344
NCCCGG	343
NCACGG	343
NCGCGG	343
NTCGAC	341
NCCTGG	339
NCTATC	339
NCGTGG	338
NCGCGA	336
NCCCGA	332
NTATAC	332
NTCGTA	330
NCGTAA	329
NCCGCG	328
NAGTGA	327
NTGTCC	327
NGCACG	325
NGTCCG	323
NGCGCG	322
NGCGGG	320
NCCCTT	318
NGCACT	317
NACCGG	314
NCCTAG	312
NGCCCC	310
NGTGAA	306
NGGCCG	302
NTCCCG	299
NCCAGG	297
NTGGGT	295
NCGTCG	293
NAGCCC	292
NGCCCA	292
NTCGGA	290
NCTAAG	290
NTGTCG	287
NATTCG	287
NAGGGA	285
NTAGGC	281
NCGGAG	279
NGGGCA	278
NACTCG	277
NTTCTA	274
NCTGGG	271
NCCGTA	270
NGCCCT	270
NTGTAC	269
NCTATA	260
NATTCC	257
NCCCGT	254
NCGGTG	248
NCCCCG	248
NTGGGG	243
NTCCGA	243
NGGACC	242
NAGGGG	241
NGTCGA	240
NGATAG	230
NCTAGA	228
NGGGAC	226
NGGGGC	226
NAAGGG	225
NGTGTA	222
NCGGGA	220
NCGCGC	219
NAGGGC	217
NATCTA	214
NCCCAC	210
NCGATC	203
NTCTAG	199
NCGGGG	197
NACCCG	193
NGGGTG	188
NAGATC	187
NGGGGT	187
NTGGGC	183
NGCCCG	174
CCCNCC	160
NCGGGC	159
NGCCGG	155
NCCCGC	152
NGGCCC	142
NGGAAT	138
NACTAG	137
NGGGCC	131
NGATCC	121
NCTAGT	121
NGGGGG	110
NGTGCG	108
NGATCA	107
CNCCCC	103
NCTACG	103
NCTAGC	97
NGATCT	96
NGGGCT	91
NGCTAG	88
NTGATC	81
NCGTAG	74
NGTGGG	62
NGGATC	57
CCNCCC	56
CCANAA	51
CCNGAA	42
ATGNTT	36
AANCAT	36
CNAAAT	34
CNAGAA	33
CAANCA	32
CNAAAC	32
CAANAC	32
CAANCT	31
AANCTG	31
CAANAT	30
CANCAG	30
AANAAC	30
TAANTC	30
TNATTC	30
ANAAAG	29
AGNAGC	29
TGNTAA	29
TTTNTG	29
CANACA	29
CATNAA	28
GANATT	28
GCNGCA	28
TCNAAA	28
AAANCA	27
TCANCA	27
CANCAA	27
CTNAAA	27
TGNTGC	27
AANAAG	26
CATNAG	26
CANAAG	26
GCGNCA	26
GACNAT	26
GCNAAA	26
AANAAA	26
TANTTC	26
TGANGC	26
CTNCTG	26
TTTNAC	26
AGNAAA	25
TGNTTT	25
AAANAG	25
GANAAA	25
AANCAG	25
GTNCTG	25
TTTNGA	25
CANGAA	25
CANAAT	25
CANTAA	24
TTNAAA	24
AGNAAG	24
ATNAGC	24
GANTAT	24
ANAAAA	24
CAANAG	24
GCNACA	24
GANGAG	24
TANTAA	24
AANAGT	24
TNCTGA	23
AACNAA	23
AANATA	23
GANACC	23
ANAAGC	23
TGNTGG	23
AANAGC	23
CTCNGT	23
CNACCA	23
GACNTC	23
GCGNCT	23
CNTGCT	23
TNTCAG	23
CGTNTG	23
AGNTAT	23
ACNGAA	23
TTNAGC	23
GTNAAC	23
TANGCA	23
CANAAC	23
GANGCT	22
AGNTTG	22
CAGNAA	22
AANAGA	22
ACANAA	22
CTNCAA	22
CANCCA	22
GAANAA	22
ANATAA	22
ACGNTT	22
TGCNTT	22
ATNAGA	22
AGANAT	22
AAANGA	22
CTGNTG	22
ATNCTT	22
TNCTTG	21
TGCNTG	21
GNGACA	21
AGNGTT	21
TCNCCT	21
TANAAA	21
CTNCAT	21
AANCAA	21
CAGNAG	21
TTNTCG	21
CCNGTT	21
TCTNCA	21
ANACAT	21
CTTNAT	21
AANGCT	21
GTTNAT	21
GANAAC	21
AANTCA	20
TCANAA	20
TTNAGT	20
TTTNGT	20
TCNCCC	20
GANTGC	20
TTNTTG	20
GCTNCC	20
GANCTT	20
GCNACT	20
ANTGCT	20
CTCNTT	20
AGCNTG	20
AANGTG	20
ANCAAC	20
TTTNGC	20
TNTCTG	20
ANGCTG	20
ATTNAG	20
TNGTCA	20
CNACAA	20
ACTNCT	20
AAANAC	20
GACNCC	20
CACNTT	20
TTNTGG	20
TNAAAA	20
TGNATG	20
TGCNTC	20
GACNAA	20
GNTTAA	20
CCNCCA	20
ATTNAA	20
TGANGA	20
TANGGT	20
GANCAA	20
TNTTGC	20
ACANAT	20
TNAACA	19
ACNCAA	19
AANATG	19
TGNTTG	19
GNTAAA	19
TCNTCA	19
AATNAC	19
TCTNAA	19
CANCTT	19
CTGNCA	19
CTTNAG	19
ANAAAT	19
ANGAAA	19
ATNATG	19
CGCNTC	19
GANACA	19
ANAAGT	19
TANTCA	19
CTNAAT	19
ACNTTT	19
GGTNCT	19
TTNTGC	19
TAANCA	19
ATNCAG	19
TTTNTT	19
CGNCAA	19
GACNGC	19
GTANGC	19
TTNGAC	19
GACNTT	18
GNAACA	18
AGNTTA	18
GNCAGA	18
CGNTTT	18
TANCTG	18
CNCTCT	18
AGCNAC	18
TTNTCC	18
TTTNAT	18
AANTTT	18
CACNAA	18
GTNCTT	18
AAANCT	18
CTTNCC	18
GGCNCA	18
AGNAAT	18
ATNAGG	18
TGNTTC	18
GANATG	18
ATNGTG	18
CNCCAG	18
GTNAAT	18
AANGAC	18
TNATCA	18
TNCTTC	18
CGNCGT	18
CANATT	18
AGNATG	18
AGNATC	18
TNATGG	18
TCANGA	18
GCCNCC	18
ANAAAC	18
AANCTC	18
TTNAAT	18
TGNTCA	18
TNAAAC	18
GAGNTT	18
TTNGTT	18
TTCNTG	18
ATNTTT	18
CNAGCA	18
GCNTTT	18
CNTCTT	18
CCANCA	18
CTNACC	18
AANCCT	18
CTANAC	17
TGNTAT	17
CANTAG	17
AACNAT	17
CGGNAG	17
GCNGCC	17
TGANGG	17
AANACC	17
TTNTTA	17
TGNAGG	17
GCNGAC	17
CTGNTA	17
TNTGTT	17
GCNATT	17
AANTGG	17
CTNTGT	17
TTNGCT	17
GGNCAG	17
TGCNCA	17
AGNGAT	17
AGANAA	17
CCTNCT	17
TANAGG	17
GGCNGT	17
CTGNCG	17
TNAATG	17
ANTGAC	17
TANCCT	17
CTTNAA	17
CTCNTG	17
AANGAT	17
TANCTT	17
TGANTT	17
AGNAGT	17
TNACCA	17
TCNCGA	17
GTTNTC	17
TNCAAG	17
GTTNGT	17
CNAAAG	17
TTTNTA	17
GATNAG	17
AAGNAG	17
TTGNTT	17
GANGAA	17
GANAAG	17
GNCGTC	17
ATNTTC	17
ATNAAG	17
TCNGGT	17
CCCNGC	17
ANTTCT	17
AAGNTG	17
ANTCAG	17
GNAAAA	17
GCNGTT	17
CNCGTT	17
TANTTT	17
TCTNTT	17
AGANGC	17
TTANTC	17
GNCAGC	17
GNCACA	17
AGCNAG	17
ACANGT	17
ANATTG	17
AAANAT	17
CNGATA	17
ATNTCT	16
GCTNAT	16
CANTCA	16
CTNATT	16
TCNCGT	16
ATNTGG	16
GANGTG	16
TNTCGT	16
CANATG	16
TNTTTT	16
AAANTT	16
TGCNGA	16
TCNTTT	16
GGCNTT	16
TTANCC	16
TTNACC	16
AATNTT	16
TTNTGT	16
CNCGGC	16
TAANCC	16
ANAATG	16
GNTTTA	16
TGNTGA	16
GNTTGC	16
ATCNGC	16
TTNAAG	16
TGNCGC	16
ANAACG	16
ANGGTT	16
CANACC	16
GCTNTT	16
TAANAA	16
AANACT	16
AACNTG	16
GANAAT	16
ANACCA	16
TCNAAC	16
TCNAAT	16
AAGNAC	16
TNTAAT	16
CNTAAT	16
GANCCT	16
TNCTCC	16
GGTNAT	16
AGCNGC	16
CTANTG	16
GTCNAT	16
TCTNAT	16
TTNATG	16
AANTTA	16
CCGNTT	16
CTTNCT	16
ACNCTC	16
GTGNTT	16
TTNAGA	16
CANCAT	16
TTTNCA	16
GGTNAA	16
GCANCA	16
TATNTT	16
GTGNCA	16
TANCAT	16
CATNCA	16
GNGTTG	16
CCNGCA	16
TANTGA	16
ANCAAT	16
CGTNCT	16
TGNATT	15
TATNGA	15
CGGNCA	15
ATNCAA	15
CCNTCC	15
GNTTCA	15
CNGCAT	15
TNTCGC	15
CTANAA	15
AAANGC	15
TTANTG	15
ACNACT	15
CAANGT	15
GTNGAC	15
TCNACC	15
AAGNAA	15
ANTAGC	15
AANGCG	15
ACANGC	15
TNTTGA	15
ANCAAG	15
TCTNGT	15
AGCNTC	15
CTTNTT	15
AGCNCC	15
TCCNGA	15
GGNAAA	15
GTNTTT	15
ANACAA	15
TACNAA	15
CANGTT	15
AGCNAA	15
AGANTC	15
AGNAAC	15
TTNTCA	15
ACNTCA	15
GATNCT	15
TCTNGC	15
ATNACC	15
TNATGC	15
TCNCTT	15
GANTCA	15
ATANCA	15
CCNGCT	15
GNTATT	15
GTTNAC	15
CAGNCT	15
TNAAGC	15
TTNGTA	15
TCNTGA	15
ANCCAA	15
CTNTTT	15
TANCAA	15
AANAAT	15
TNAACG	15
CTNTAG	15
GCNTTG	15
CCNTTA	15
GCNTTA	15
TNCTTT	15
TTCNGG	15
AGANAC	15
AATNCA	15
ANAGCA	15
AAGNGG	15
GANGCC	15
ATTNTT	15
ANACGA	15
CTNCAC	15
CAGNTT	15
AGNAGA	15
AATNAT	15
ATGNAA	15
AANACA	15
TACNGT	15
ACNTAA	15
ATTNTG	15
ANGAGA	15
AAANTG	15
GAANCC	15
TCANAT	15
ATNGTT	15
ANTAGT	14
CATNAT	14
TNCCAC	14
GCNCAT	14
TNAGCA	14
TNTGCC	14
ANGTTT	14
ACNACG	14
GTNTGT	14
TTTNCC	14
ACNAAA	14
CANTCC	14
GCNGAA	14
CANGCT	14
GTNAAA	14
GCNTCC	14
GTCNGC	14
ATANCG	14
CAGNAT	14
TNGCCT	14
GCNAGC	14
CGCNTT	14
ANGTAA	14
CNGAAT	14
GNCGTT	14
TCNAGG	14
CCANGA	14
TCGNCG	14
AGTNTG	14
GNCAAC	14
CNGAAA	14
TACNTT	14
TCNCTG	14
ATNGAA	14
ACANTA	14
GNATGG	14
ACANTG	14
CNGCCA	14
TCCNTC	14
GNAGGA	14
CNGTCA	14
CNATGA	14
GNCTGC	14
ATNAGT	14
ACNTAT	14
TAANGC	14
TTANCA	14
CNAATG	14
CCNCTT	14
CNAAGT	14
TCTNAC	14
ATNAAC	14
GATNGG	14
GATNTT	14
CTGNTC	14
TTANAC	14
TTCNAT	14
AANGAA	14
ATTNCT	14
ANTGGC	14
TANCAG	14
TANAGT	14
TTTNAG	14
ACNGCC	14
ANCAGC	14
CAANTA	14
ACNGCT	14
ANTGTT	14
CTNGCG	14
CTCNAA	14
CTCNAC	14
CTCNCA	14
CTNGTC	14
AGTNAT	14
TATNAG	14
ANGAGC	14
TATNGC	14
GAANAC	14
GAANGA	14
GNAAAC	14
GNAACC	14
CNTGAT	14
GNAAGC	14
CNTGAA	14
CNTCTG	14
TCANCC	14
CNTCAG	14
ATNTCA	14
CCNAAT	14
CTGNAA	14
CCNTTC	14
TGNGAA	14
GNTCTG	14
TAANTT	14
TGNCGG	14
GCANGT	14
TTNCTG	14
GNTACT	14
ACNATT	14
CGNTGA	14
ATCNTG	14
GGCNGC	14
GNTACC	14
CANTTT	14
GNTAAT	14
AACNAG	14
AACNTA	14
AGNTGG	14
TNTTTA	14
CGTNAA	14
TNTGGT	14
TNTTAT	14
CGCNAG	13
AACNAC	13
CNTTAG	13
GCCNTC	13
CNTTCT	13
GNACGC	13
AACNGC	13
CNTTTC	13
TATNTG	13
CNTTTT	13
ATNTAG	13
TATNCT	13
ATANTG	13
TTTNCT	13
GNAAAG	13
TGGNTG	13
TCANGT	13
CTNCCT	13
TCANGC	13
TGGNGC	13
CNTCAA	13
TGTNCC	13
CGNCAT	13
TNTATC	13
AACNCC	13
ANACGG	13
GNTTTT	13
ATANGA	13
CAANCC	13
TNTGCT	13
TTNGGA	13
GNTTGG	13
TTCNCA	13
TGNGGC	13
ANCATA	13
TAGNCA	13
GTCNAC	13
TNTTCA	13
CTNTTG	13
GGNATT	13
AATNCG	13
CTNTCA	13
CTNTAC	13
TNTGGC	13
ANCCAG	13
TANGTT	13
CGCNGT	13
ANATGC	13
ANATTA	13
ANCACC	13
ANCAGA	13
AGANCG	13
TANTTA	13
CTANAT	13
TANTCG	13
TTNTAT	13
GGTNGC	13
GGNAAC	13
CTTNGG	13
TANGAA	13
TGNAAA	13
CGCNTA	13
ANCTGT	13
TANCCC	13
ANTATT	13
CNACTG	13
TNATAA	13
CACNCA	13
TCNGCA	13
GCANTC	13
GANTGG	13
CNATGT	13
AANGGA	13
ATNACG	13
CCNTGC	13
TCNCTC	13
AGANGT	13
TNAAGG	13
GANGGC	13
GANGCA	13
GNCGCT	13
CNCATT	13
TGANCA	13
AGNTTT	13
GTTNTG	13
AAANAA	13
TCTNTG	13
TNAGAA	13
TCTNTC	13
TTANAT	13
TGANAC	13
GNACGG	13
TCTNAG	13
GCNTCA	13
TGANTG	13
CCNTCA	13
GCANAA	13
GCNCTT	13
ANCTCA	13
GNGATG	13
ATNGCA	13
AATNGC	13
GTCNGT	13
GNCAAA	13
TACNCT	13
CGNTGC	13
ACCNGC	13
TNCTCA	13
ATNGAG	13
CGNGGC	13
GTNTCT	13
TCCNGT	13
GNAGTA	13
CNGGAG	13
AGNCAA	13
GTTNTT	13
GNACTG	13
CNTAAA	13
ANGACC	13
TNCCAT	13
ACNAAT	13
GANCAG	13
TTNCAT	13
ACNTCT	13
TTANGG	13
ANGGTA	13
TNAAGA	13
CNCGTA	13
TTANTA	13
AGTNGC	13
TNCATC	13
AGNGAA	13
ACCNTT	13
GGNTAA	12
TNTAGG	12
GTCNTT	12
ANTTAG	12
ANTTAT	12
GNCCAA	12
GNTTCC	12
GNTTAT	12
GNTGGC	12
ANGATT	12
AGANTG	12
ACTNAC	12
GNGCTT	12
GNGATT	12
GNGACT	12
GTANCA	12
CCANGC	12
AANTAG	12
CCANCT	12
CATNGT	12
ANTATG	12
GTNTGC	12
GTNGAT	12
CCANAG	12
GNATTT	12
GTNACC	12
ANTAAC	12
GNAATC	12
GNAAGA	12
ANGCTT	12
GTGNCC	12
GGNATG	12
GATNTG	12
ATNCAT	12
CANAGA	12
ATNATA	12
ANATCG	12
TATNAA	12
GANGAT	12
GANGGT	12
AGCNCT	12
CNTGGT	12
GANGTT	12
TNCTGT	12
ACANCC	12
TGNCCA	12
TGNCAT	12
TGTNGC	12
TCANCT	12
TCANTA	12
ATGNCG	12
TGNCAG	12
TGNCAC	12
ANAATT	12
GCANGA	12
TTNATC	12
ANAACC	12
TGNAAC	12
AGCNTT	12
CNGCTT	12
TCCNAA	12
GAANGT	12
TNATTT	12
CTNGAC	12
CTNGAA	12
AANCGG	12
ATTNTC	12
CTTNCA	12
ACNTGA	12
CTTNTC	12
AANCCA	12
AANCAC	12
TTGNCG	12
ACCNTA	12
GAANGG	12
CANAGT	12
AAANGT	12
ATNTTA	12
TTGNTC	12
AAANTA	12
TNTCCT	12
GACNAG	12
ANCGCC	12
ATNGCG	12
CTCNAG	12
TNAAAT	12
TANACC	12
TTNAAC	12
TANAGC	12
CNATAT	12
TTNGCG	12
TNGTTT	12
TCNAGC	12
CNCCAT	12
GCNATG	12
TGCNGC	12
CNCACA	12
TCNCGC	12
GCNTGG	12
TGCNAA	12
TTANTT	12
AGNGAC	12
TTNTAG	12
AGNGGA	12
AGNGGC	12
CNACAT	12
TNTACC	12
ATANAA	12
TTANAA	12
CCNGGC	12
CGTNAC	12
CANGAG	12
CGNCCA	12
CNGAAG	12
ANTCAT	11
CNACAC	11
ACCNGA	11
AANATT	11
GNTGAG	11
CNGATG	11
CNACCT	11
TNTCTC	11
GTTNCT	11
CNACGT	11
TACNAT	11
TACNCC	11
TNATAT	11
GNATTA	11
GTTNTA	11
GNGAAG	11
TGGNCT	11
TNAGAG	11
TCNGTA	11
CNATAA	11
ACNGGT	11
TNACTT	11
CTCNTC	11
CTNAAG	11
TCCNTT	11
GNATAA	11
CGTNCG	11
ANGCGG	11
CCNCAA	11
AANCGC	11
AAANCG	11
ACTNTA	11
CTNAGT	11
TNATTA	11
ACNACC	11
GNGCCA	11
TTANAG	11
ANCTTT	11
CNAACA	11
CAGNTG	11
TAANAC	11
TNTTGG	11
GTANAT	11
AANGTC	11
TNATCG	11
CNAAGA	11
GNAGCG	11
ANAGAT	11
CNCATC	11
GNCGAT	11
ACNCTA	11
AGNCGC	11
ANATCA	11
GNTTGA	11
CNTTAA	11
AAGNTC	11
TCGNGA	11
AACNGG	11
GNTTCT	11
GNCACC	11
ANAGAA	11
CGGNAA	11
TCNACT	11
AGANAG	11
ANACTG	11
CNCGAC	11
AAGNCA	11
TCANAC	11
TTANCT	11
CGNCTT	11
TCANCG	11
TTTNCG	11
TCANGG	11
TNAATC	11
TGGNAT	11
AANGCC	11
ANCAGG	11
AGGNGC	11
TANAAT	11
GNTGGT	11
GNAGAG	11
ACNGCA	11
ANAATA	11
TGNACA	11
GNCGGC	11
ANTCTG	11
TGCNAT	11
GNTATA	11
CAANGA	11
TCNCAA	11
CGCNGC	11
CAANTG	11
AGGNTG	11
CANTAT	11
TANGCG	11
TNCTAA	11
GCNCCT	11
GCNGCT	11
TTNCTT	11
TTGNTA	11
ACTNAA	11
GANCGG	11
GCNTGA	11
GCNTGC	11
TTNGAA	11
GAANAG	11
CGANCA	11
ANTAAT	11
CANCCT	11
TTNGTG	11
GCANGC	11
GCANCT	11
CATNAC	11
GCGNAC	11
ATNATC	11
TTNGCC	11
ANTTGG	11
TNTATG	11
ATNCTC	11
GANAGA	11
ATNCTG	11
GANCAC	11
CCTNCA	11
GCCNTT	11
GTNAGC	11
GANCAT	11
GTNATT	11
TNTAAC	11
GCCNCA	11
GACNCA	11
CTNTAA	11
GTNTTA	11
ANTTTT	11
ATGNGT	11
TTNTCT	11
GANGTC	11
GGNAGG	11
TNGACA	11
GGANAC	11
ATANGC	11
TTNTTC	11
CANCCC	11
CCANGT	11
CCCNCA	11
CTTNGA	11
GCANCC	11
GGNAAT	11
CTTNGT	11
GGANCA	11
ACNTTA	11
GGANGC	11
ANGATA	11
TGGNAA	10
GNTCTT	10
CNCTGC	10
CNTATT	10
ATNAAT	10
CNTCAC	10
CNCTTC	10
TGGNCA	10
GTCNAA	10
CGNAAC	10
CNTCAT	10
ANACCT	10
GNAGCA	10
GNAGAA	10
TGNAAG	10
TNGCAA	10
TTNCCT	10
TTNATA	10
ATGNCA	10
ANGTTA	10
CNTAAG	10
CNGACT	10
TTNCTC	10
GGCNTC	10
TCCNAC	10
GNTGAT	10
ACTNCA	10
ATGNCT	10
CANCGT	10
GNTGAA	10
CNAGAT	10
TCNGAA	10
GNCTCA	10
GNTAAG	10
GCNTTC	10
GNCTTC	10
TTNTTT	10
GCTNCA	10
GNGTGA	10
CNAGGT	10
GNGTCT	10
GCTNCT	10
CCNTGA	10
TCNTTC	10
CGNTCT	10
AGNTAC	10
AATNTG	10
GNGCAA	10
CNAATC	10
TTNTGA	10
GGANAA	10
GNGCGT	10
TCTNCG	10
TCTNGA	10
AATNCT	10
TGANTA	10
GGANAG	10
TGANGT	10
TCNAGA	10
CCNCCT	10
GNCAGT	10
GNCATA	10
TCGNAT	10
TCGNCC	10
TCGNCT	10
AACNCT	10
TNGTTA	10
CGNCTC	10
GCGNAG	10
TTANCG	10
GNTCAG	10
CCTNAT	10
AGTNTC	10
GCGNTT	10
GNCCTG	10
AACNTC	10
AANTCT	10
TCNATT	10
GCNCCA	10
CCTNTT	10
GCNGGT	10
CCTNTG	10
GCNTAA	10
TCNCAT	10
CCTNTC	10
TGTNTG	10
GTNATA	10
GGNTAC	10
GTNAGA	10
ANCATC	10
TNTGAC	10
CAGNTA	10
CCGNCT	10
AGANGA	10
GTNACT	10
CANACG	10
GAGNCA	10
ATNGCC	10
GTNACG	10
GAGNCT	10
ACNTCC	10
GTNGGC	10
TGTNAA	10
CAANTC	10
TANCGA	10
GGTNAG	10
TNCTGG	10
TNTCTA	10
ATNTGT	10
ACCNCT	10
GTTNCC	10
GTNGCA	10
GGNTGA	10
GTNCGG	10
ACCNTC	10
CCANAC	10
GAANTT	10
TTGNGT	10
CTGNAT	10
CANGGA	10
ATNTGA	10
AANCCC	10
ATNTAA	10
ANTCCG	10
GTNCAA	10
GACNTG	10
ANCCTG	10
AANGGT	10
TNACCT	10
TTCNTA	10
ANTTTA	10
GANGGA	10
GANGTA	10
ACCNAT	10
TGNTGT	10
AANCGT	10
CTNCTA	10
TGNCTT	10
GTNTTC	10
TTTNGG	10
ANTAAG	10
GGNCAA	10
TANGGC	10
CTNTAT	10
CCNAAG	10
AAGNGC	10
ANAGGC	10
ANAGCT	10
ATNACT	10
ANTTTG	10
ACANCT	10
ANGCTC	10
CNTGAC	10
TGNCGA	10
GGTNGT	10
ANTGAA	10
TANTGG	10
CTANGT	10
TNCCAA	10
AANCGA	10
CTNATA	10
TNTGCA	10
GGTNTC	10
ACNGAC	10
GGTNTT	10
TNTGGA	10
GGNATA	10
ACNCAC	10
ANATCC	10
TNCAAC	9
TNTCTT	9
AGNGCC	9
AGNCTT	9
CCTNTA	9
AGNGCG	9
GTNTGA	9
TNCCTC	9
GTNGCC	9
GTNTCA	9
CCTNGT	9
AGNTCG	9
GTANCG	9
CGANTT	9
CANGTA	9
AGNGTG	9
GNGTCA	9
CACNAG	9
TNATTG	9
TGANTC	9
GTNGCG	9
TNTTAG	9
AGGNGG	9
AGGNTT	9
GTGNGA	9
CGNAAG	9
CANCGC	9
TGGNTT	9
ACNATC	9
AGNACG	9
TNTTAA	9
TNGACC	9
TNGCTG	9
TGNGTG	9
TGNACT	9
TGNAGA	9
TGNCTA	9
TGNAGC	9
GNTGTT	9
TGNATA	9
TNGAAG	9
CANATA	9
TNTCAT	9
TGCNGG	9
CGNTTA	9
CGNTGT	9
TNCCTG	9
CGNTGG	9
TNAGCG	9
AGNCTC	9
TNCGTT	9
TGCNAC	9
GTTNGG	9
GGANTG	9
CGNTTG	9
TNACTC	9
GTNAAG	9
TNGTTG	9
AANGCA	9
CGCNAT	9
CGNCAG	9
TGTNAT	9
CGNATG	9
GTGNAC	9
TNTCCG	9
CTNTTA	9
TAANAT	9
TAANAG	9
ACNTCG	9
GGNGGC	9
GGNCTG	9
CTNCTC	9
CTNCTT	9
CTNGTG	9
GGNCCA	9
CTNTCT	9
TAANGT	9
ACCNCA	9
GGNAGC	9
ATTNGT	9
CTTNAC	9
GGNACC	9
ACNTTG	9
TTGNCT	9
GAANAT	9
GAANTC	9
ANTGGT	9
CNTTTA	9
TATNGT	9
ACNCTG	9
ANCACT	9
CTANGG	9
GGTNCG	9
TANCGC	9
TANCCG	9
CAANGC	9
CCGNTG	9
GAANTG	9
TANATC	9
ANCAGT	9
ACNGGC	9
TAGNAG	9
ANCGGC	9
ANCGTC	9
AAANGG	9
ANCTGC	9
GGNTGG	9
ATCNAC	9
TTNCAA	9
GCCNAC	9
GCCNGT	9
GGCNGA	9
GGCNCC	9
ACNAAC	9
GGCNAC	9
GGCNAA	9
ATCNCT	9
ATCNCG	9
GCANTA	9
GCGNCG	9
TTNGGG	9
GCNAAT	9
GCNGGA	9
GCNGTC	9
GCNTGT	9
GCTNGG	9
AATNTA	9
AATNGA	9
ATNATT	9
TTGNTG	9
GACNGA	9
ATNGCT	9
AAANCC	9
ACANTC	9
ACGNCA	9
ATNCGG	9
GAGNAG	9
GAGNCC	9
AGANGG	9
TGANCT	9
GANCCC	9
GANCTC	9
ANTTGT	9
CCCNGA	9
ATNACA	9
CCANTA	9
ACANCA	9
ATGNCC	9
ACTNAT	9
GNAGAC	9
GNCTGT	9
CCNAGA	9
CNATTA	9
CNCTGT	9
GNCTAA	9
GNAGCC	9
TCNGGA	9
GNCACG	9
AGTNTT	9
CNCAAA	9
GNCTTT	9
CNCTGA	9
CNCAAG	9
AGCNGG	9
TCNGTC	9
AGTNGT	9
TCNCCG	9
CNATAG	9
CCNAGC	9
CNGCTG	9
CNGCTA	9
GNATCA	9
TCNGCG	9
CNCTTT	9
CNATGC	9
CCNCAG	9
CNGCAA	9
CNGATT	9
GNATTG	9
TCNGAT	9
CCNCAT	9
GNATGC	9
GNCGAA	9
CNTTGA	9
CGTNAG	9
GNGGCA	9
ANAGTG	9
AGTNCG	9
CCNGAT	9
GNCCAT	9
CNAACC	9
CNTGCG	9
AAGNCT	9
ANACGT	9
CNCCAA	9
GNAATG	9
CNTCCA	9
TCNCAG	9
TCANTC	9
TCNCAC	9
TCGNAA	9
TCNTAG	9
GNCGCC	9
CNGTTG	9
GNGACG	9
GNACGT	9
TCNTGG	9
GNCGAG	9
TCNTTG	9
CNACTT	9
CNACTA	9
AGNCGG	8
TCNACA	8
GTNCAG	8
ANGGAT	8
GTNACA	8
TNTTTC	8
GTGNAT	8
TNTAGA	8
TNTACT	8
TGANAT	8
TTNTAC	8
ANGGTG	8
AANTGC	8
ACTNGT	8
AGNGTA	8
TCNTTA	8
TNGTGA	8
TNGGAA	8
TCNGTT	8
TTNGAG	8
TTNACG	8
TNGCTA	8
TNGCGG	8
TNGCGC	8
GTGNTG	8
TNGCGA	8
TNGCAG	8
AGGNAA	8
TTNCTA	8
TTNCCA	8
AGGNAC	8
TTNAGG	8
AGNCTG	8
TCNGCC	8
TTCNAG	8
TACNCG	8
TACNGA	8
TNAGAT	8
TACNGC	8
ANCGCT	8
ANCGAA	8
ANCCGT	8
TTCNTC	8
TNACCC	8
TNACAC	8
TTCNGA	8
TAGNAA	8
TTCNCG	8
TCANTT	8
TANAAC	8
ANAAGG	8
TGTNTC	8
TTCNAA	8
TANATA	8
TANATT	8
TNTGAG	8
TANCGT	8
TANGAG	8
ANAGTC	8
TGNCGT	8
ANATTC	8
TNTGTG	8
ANAGTT	8
AGCNGA	8
TGNGAC	8
TGNGGT	8
TNCATG	8
AGTNCA	8
TNCTAC	8
TNCGGT	8
TCGNTG	8
GTNGAG	8
TTGNCC	8
TTGNAT	8
TTGNAG	8
TTGNAC	8
GTNGCT	8
GTNTAG	8
TNCCGC	8
TNCCCA	8
GTNTGG	8
TNCATT	8
GTNCCA	8
TNCAAA	8
ANGAGG	8
AANCTT	8
ANGAAG	8
TNATGT	8
ANGAAC	8
TAANCG	8
TAANGG	8
ANGCAT	8
TNATGA	8
ANCTGG	8
AGCNTA	8
TNAGGG	8
ANCTCT	8
ATANAT	8
CANTGT	8
GNACAA	8
CGANGG	8
CANTTC	8
CGNTTC	8
CGANGA	8
GGANCT	8
CANTTG	8
GCNACG	8
GANCTG	8
GANTGT	8
GANTTA	8
GANTTG	8
GANTTT	8
ANTCAA	8
CCGNGT	8
CACNGT	8
CANCGA	8
CANTGG	8
GGTNGG	8
GCANGG	8
CAGNGT	8
GAGNGT	8
CANTCT	8
GNGTGT	8
ANTGAT	8
CCCNTT	8
GNATAC	8
ANTAAA	8
CGNCGC	8
ATNCCA	8
GANACT	8
AATNCC	8
GCNAAC	8
CGNGTA	8
CTCNCT	8
CANATC	8
CNACGC	8
ATGNGA	8
ATGNGC	8
GNCTAC	8
GTANGA	8
GNCTCC	8
CNTTGT	8
ACNCTT	8
CGANAA	8
ATGNTC	8
GTANGG	8
CNATAC	8
GCNTCG	8
GNGAGA	8
GNGAGC	8
CCNGCC	8
CCNGCG	8
GATNAC	8
GTANAA	8
GCNATA	8
CAANTT	8
GCNATC	8
CTANTC	8
CGTNTT	8
GNCATT	8
GNCCAG	8
GCANAG	8
GNCCCC	8
GCNCCG	8
CCNATC	8
GCTNGC	8
CNCAGT	8
CCNTGT	8
GATNGC	8
CCNTCT	8
CTNAGG	8
CTNGGT	8
CTNGGA	8
CTNCGT	8
CCTNAC	8
CTNCCG	8
CTNCCC	8
CTNCCA	8
CTNATC	8
CTNTCC	8
CATNCC	8
GGGNGG	8
GTCNGG	8
GGGNGA	8
CNGACG	8
CNGAAC	8
GACNGT	8
CTNACA	8
GGNCAT	8
GCCNGA	8
GGNGAC	8
GCCNAG	8
CATNTC	8
ATTNAC	8
GNTGTC	8
ACGNGT	8
ATCNGG	8
GGCNTG	8
CNGTAT	8
CCTNGA	8
GGNACT	8
GGNACG	8
ACNCCT	8
ACNTGC	8
GGNTTT	8
GNTATC	8
ATNCCG	8
GGTNCC	8
CAGNGA	8
ATCNAT	8
GGTNAC	8
ATCNCC	8
ANTCCT	8
CGNACT	8
CANTAC	8
GNTCCT	8
ATNGAT	8
CNCGGG	8
CGNAAA	8
CNTCTC	8
GTCNCA	8
CTGNGG	8
CNCTCC	8
GGGNAA	8
CNTCGG	8
GNTTAG	7
GNGCCG	7
CNCAAC	7
CNGCAC	7
ATANTC	7
TNGCAC	7
TCGNTT	7
TCCNTG	7
GNTCGG	7
GCNCTC	7
TCCNCC	7
GCGNTC	7
TNGCGT	7
TCCNAT	7
TNGAGC	7
TCCNAG	7
GNTCGC	7
CANCTC	7
CNCGTC	7
TNGGAT	7
GNGGCT	7
GNGGCC	7
CNCCTA	7
GNTGAC	7
AGTNGA	7
TCNATG	7
ATCNGA	7
GNGTAT	7
CNCGAG	7
GNTCTC	7
TCNAGT	7
GNTGCC	7
TNGGAG	7
GNTCCA	7
TNGCAT	7
CNCAGC	7
CNGAGC	7
GCNAGA	7
TGGNTA	7
CGGNAT	7
TGNCCT	7
GGGNAC	7
TNACGT	7
TNACTG	7
TGNATC	7
TGNAGT	7
TGNACG	7
TGNAAT	7
TGGNTC	7
TNACAG	7
TNAGTC	7
TGGNGG	7
ANTGGG	7
ACTNAG	7
AGNACT	7
GGTNTA	7
CGNAGG	7
AATNAA	7
ACNAGG	7
GGNCAC	7
GGNGCA	7
GGNGAT	7
CGCNGG	7
GGNGAA	7
GGNCTC	7
GGNCGT	7
GGNGTG	7
GGNCGA	7
GGNCCT	7
TGTNAC	7
AACNCG	7
CGCNAC	7
GGNTGT	7
TGNTAC	7
TGTNGG	7
ANTTCG	7
TGTNTA	7
TGNGAG	7
TNAATA	7
TNAATT	7
CNAATT	7
CACNAC	7
TGANCG	7
ACTNTT	7
ACTNTG	7
CNAACT	7
GNCCTA	7
GNCCTC	7
GNCCTT	7
GCTNAC	7
CNAATA	7
CNGCGT	7
TNCTAT	7
TNCTCG	7
ACTNGC	7
GNCTAT	7
AGTNAC	7
GNCTGA	7
TNGAAA	7
CNATCT	7
CNATGG	7
CGANTA	7
AGNATT	7
TNCACG	7
TNCACT	7
CGNCGA	7
AGNCAC	7
GNAAAT	7
CGNGAA	7
GNAAGG	7
TGCNGT	7
TCNCTA	7
CGNTAA	7
GNACCT	7
GGANAT	7
ATANAG	7
AATNGT	7
GNAGTG	7
CGANCT	7
CACNCT	7
TNCCTT	7
ANCACA	7
TTNACT	7
ANGGCA	7
TTNGGC	7
ANATGG	7
GTNCAT	7
ANATTT	7
GTANTG	7
ANGTTC	7
CCNGAC	7
TAANTA	7
TANTTG	7
AANTAT	7
TANTAG	7
TTANGC	7
CTANCT	7
CTANGA	7
CCNGGA	7
CNTTCA	7
CNTTCG	7
CTNAGA	7
ANATAG	7
AANTCG	7
CCCNGG	7
TTNACA	7
TATNAT	7
TANGTG	7
AANTCC	7
AANTAA	7
ANGGCC	7
CCNGAG	7
ANCTTG	7
ANCTTA	7
ANCATT	7
ANCGCG	7
GTNGGT	7
GANTGA	7
TTCNGC	7
ANCGGA	7
GTNCGT	7
ATNCGC	7
TANCGG	7
TANCCA	7
TANGGA	7
TANAGA	7
ACNGTA	7
TANACT	7
ACGNCC	7
ACGNAA	7
ACNGGA	7
TAGNTT	7
ACNAAG	7
TANGTC	7
CCCNAT	7
ACANAG	7
GATNTA	7
GATNGA	7
CCNATG	7
GTNTAT	7
AANAGG	7
ACNGGG	7
ATNGAC	7
GAGNGC	7
ACNTAG	7
ANCGGT	7
GATNCA	7
GATNAA	7
GTNGTC	7
CNTCCT	7
TNTATT	7
TNTCAA	7
CTCNGG	7
TTTNAA	7
CCTNAA	7
ANGTCT	7
ATTNCC	7
CNTATA	7
CNGTTA	7
ANGTGA	7
CTTNTA	7
TNTCGA	7
CANGGC	7
GANAGG	7
CANGGT	7
CNTTAT	7
GANCGC	7
ANAACT	7
AANTGT	7
CATNTT	7
CANGAC	7
ACNTTC	7
CNGGTA	7
CNGGTG	7
CATNTG	7
ANGTAC	7
GANCGA	7
ATTNAT	7
AANTTG	7
TTGNGA	7
ANTCTC	7
ANAATC	7
CNGTCT	7
ANACAC	7
ANTCAC	7
AAGNTT	7
AGGNAT	7
CNTTAC	7
GAGNTG	7
AANGGC	7
ANAGGT	7
ANGACT	7
ANGCCA	7
ANGCAG	7
TNTTTG	7
GANGCG	7
AAGNGT	7
ATGNAG	7
ANAGAG	7
GTTNAA	7
AGANCA	7
CNTGCC	7
TNTGAT	7
ATTNGG	7
ANAGGA	7
ACNACA	7
CTCNAT	7
GCANTG	7
AAGNGA	7
CANTGC	7
GCANAC	7
CTNTCG	7
CTNGCA	7
CTCNTA	6
CGNAGC	6
GAGNAA	6
CGNAGT	6
GAGNTC	6
CGNCCT	6
TANCTC	6
GANACG	6
GGCNCT	6
CTNAGC	6
GAANGC	6
GGNCGG	6
ACNCAT	6
ATTNCA	6
GGNATC	6
GGNAGA	6
ATTNGA	6
ACCNAG	6
ACNTGT	6
CTNTGG	6
CTNCGG	6
TGNGTT	6
TGNGCC	6
TGNGCA	6
ATNCGA	6
TGNCTC	6
CTNACT	6
GGGNAG	6
ACCNCC	6
CGGNGC	6
ATNGGT	6
CTGNCC	6
CTGNAG	6
ANCTCC	6
TGGNGT	6
TGGNCG	6
TACNTA	6
TACNTG	6
TGGNAC	6
CNCAAT	6
GCGNGT	6
CNCGAA	6
CNTGGC	6
AGTNAG	6
ATGNAT	6
GCNAGG	6
CNTGTT	6
GCNCAC	6
GCNGAG	6
GCNGTA	6
GCGNGC	6
CNTTGG	6
GCNTAT	6
TATNGG	6
CNATTC	6
TCNGAG	6
ANATCT	6
ANATGA	6
CNATCC	6
TCNTAA	6
CNTACA	6
CNGGCC	6
CNGGAA	6
GAANCT	6
CNGGGT	6
TCCNCT	6
CNGCCG	6
CNGTAA	6
CNGCAG	6
CNGTAG	6
CNGACC	6
TCNTAC	6
CNTACC	6
AGTNTA	6
CNCTCA	6
ANACTC	6
ANACTT	6
CNTGAG	6
CNCGGA	6
GCGNGA	6
GCANTT	6
CGNTAT	6
AGNTCA	6
CACNGA	6
TAGNTC	6
TAGNCG	6
GGANCC	6
TAGNAC	6
CACNTC	6
GANTAG	6
GGANGT	6
CGNTCA	6
AGNTGA	6
TGCNAG	6
GANTAA	6
GANGGG	6
TGCNCC	6
TGCNCG	6
CGNGTT	6
GANAGC	6
AACNGT	6
AGNCCA	6
CNAAGC	6
CNAGGG	6
TCNTCC	6
CNAGCG	6
ACNGAG	6
CTANCG	6
CNAAGG	6
GCTNGA	6
GCTNGT	6
GCTNTA	6
GCTNTC	6
AGNCAG	6
GCTNTG	6
GATNCC	6
TCTNCC	6
TANGAT	6
CGTNGG	6
CNGGGC	6
ATANTT	6
CGTNAT	6
AGNTGC	6
TNAGTT	6
GTCNCT	6
CCCNAC	6
GTCNGA	6
CCNCGT	6
GNTGCA	6
TTNGGT	6
GNATCT	6
TNCGAC	6
GNTGCT	6
CAGNGC	6
ANGGCT	6
GGTNGA	6
ACGNCT	6
TNGGTT	6
TNGAGT	6
TTCNAC	6
GNTTCG	6
GNTTTC	6
TNAGTA	6
TNGTAA	6
GNGAGT	6
CAGNCC	6
CCCNCT	6
TNGACT	6
GNCAGG	6
CCCNTA	6
GTCNTG	6
ANGGAA	6
TNGTCG	6
ANGCGA	6
AGCNGT	6
TNGCCC	6
GTNGTG	6
CANCGG	6
TTNCGG	6
TTNCCG	6
GNGGGA	6
GTGNGT	6
GTGNTA	6
CCNATT	6
GNAATA	6
GNGGAC	6
GNTAAC	6
GNTACG	6
GNAGGT	6
AGGNTA	6
CCNACA	6
CCNAAC	6
GNAGTC	6
GNAACT	6
TNGCTT	6
CCNAAA	6
ACNAGC	6
TTNCCC	6
GNTCAT	6
TNCCTA	6
TTNCAG	6
TNCAGA	6
ANTGCA	6
TTANGA	6
GGNGTT	6
TNTAGC	6
ANGCCG	6
GGNGTA	6
CCANCC	6
TNTAGT	6
CCANAT	6
GNCCCT	6
GTNAGG	6
GNCCGC	6
TGTNTT	6
AANGTA	6
CCGNAG	6
AGGNAG	6
GNGAAA	6
ANTACC	6
TNTTCG	6
CGCNCG	6
GTNATG	6
TNTCCA	6
ACGNTG	6
GNCTGG	6
TNTTAC	6
GGNTAT	6
CANGCG	6
TNTAAG	6
GNCCAC	6
GNCATG	6
TNGTGC	6
TNACTA	6
TNGTTC	6
CCCNTC	6
TNACGG	6
TNACGC	6
TNACCG	6
CANGAT	6
CCTNGC	6
TNAAGT	6
ANGCAA	6
TNAACT	6
TTGNGG	6
GTNCGC	6
GTTNCA	6
TNTGTA	6
CANTGA	6
GCNCAG	5
CCNACC	5
GNGGCG	5
ACNGAT	5
GANCTA	5
GTTNGC	5
ACGNAG	5
GANCCG	5
CTANTT	5
ANTACT	5
GNGGAT	5
GNGAAC	5
TNGACG	5
GNGAAT	5
GNGCAC	5
CNATCA	5
GNGCAG	5
GNGCAT	5
GCNTAC	5
TAGNTG	5
GCNGGC	5
GCNGCG	5
CAANGG	5
TCNGGC	5
GTNCCG	5
CNCAGA	5
TCNGTG	5
AAANTC	5
TNGATA	5
ACGNAC	5
TANACG	5
CTCNCG	5
ANTAGA	5
CNTTTG	5
CNGTGT	5
ANACAG	5
ANTCTT	5
ANATAT	5
TNTACA	5
ANAACA	5
CCNTAC	5
ANGCCT	5
GCCNCT	5
CCTNAG	5
CCNGTC	5
GCCNTG	5
TATNTC	5
TATNTA	5
TNGTAG	5
TATNCG	5
CNGCGG	5
GNTTGT	5
CNTCCC	5
ANTCCA	5
CNTGCA	5
ANTCGC	5
AAGNCC	5
CANGGG	5
CNTCGT	5
ANACGC	5
TNTTCC	5
ATCNTT	5
CNTATC	5
TNTTGT	5
CNTAGG	5
ANAGGG	5
TCANTG	5
ANTCGG	5
AGGNCA	5
GTANAC	5
CCNCAC	5
ATCNAG	5
CTANGC	5
GCGNAA	5
CCNCCG	5
TCGNTC	5
CANCTG	5
GCGNTA	5
GATNTC	5
ATCNCA	5
GNGTTA	5
GATNCG	5
GTNTAC	5
CCNATA	5
CANCTA	5
GATNAT	5
TNGCCG	5
TANGCC	5
CTANCC	5
CCNGGG	5
TCCNTA	5
CNGCCC	5
ATCNGT	5
GNTGGG	5
CNGAGT	5
CCNCTA	5
TANTGT	5
GNGTAC	5
GNTCGA	5
GNTCCC	5
CNCTAT	5
GTNTTG	5
TANTAC	5
CCNCGG	5
TTANGT	5
CCNCGA	5
TNAGTG	5
CTNAAC	5
CAGNGG	5
ANGGCG	5
GGCNGG	5
TNATAC	5
TGGNAG	5
ANGACA	5
CGNACG	5
ANTGCG	5
CGNACC	5
CTNCGA	5
CTNCGC	5
AACNCA	5
AGNACC	5
ACGNGG	5
TNAGGA	5
CTNGAG	5
AGNCCT	5
TGCNCT	5
GNAATT	5
CGNGTC	5
CGANTC	5
ANCGTG	5
ANGTGC	5
CGNGCT	5
CTGNAC	5
CTNGAT	5
TAANTG	5
CTGNGC	5
CGNCTG	5
TTNGAT	5
TTNGCA	5
GTCNCC	5
TNCAGC	5
TAANGA	5
TGTNCA	5
ANTTCA	5
ACCNAA	5
TGTNGA	5
TGNTCC	5
CATNGC	5
GGNTTA	5
ACNCCG	5
CTTNCG	5
ANTTCC	5
ACGNTA	5
GGNTCA	5
ACNCCA	5
GGNCTA	5
GGNGGT	5
ACNCAG	5
CGCNGA	5
GGNGAG	5
GGGNCG	5
CGGNTC	5
CATNGA	5
CGGNTA	5
ATNTAT	5
ATNTCC	5
CTNGGG	5
ACNAGT	5
CTNTGA	5
CANAGC	5
TGNCTG	5
ATNTGC	5
AGGNCG	5
CTNTTC	5
TGNGTA	5
TGNGTC	5
ACCNAC	5
ACNGTC	5
TNCCCC	5
TTGNCA	5
GCTNAG	5
GNAGGC	5
GCTNCG	5
TNCGTG	5
CACNTA	5
TTGNGC	5
ATANAC	5
TNCCGA	5
AATNGG	5
ATANCC	5
TNCGCG	5
ANGTGG	5
ACANGG	5
TCTNTA	5
AGNGGT	5
CACNGG	5
CGANCC	5
TTNATT	5
GNATGT	5
GAGNAT	5
GAGNCG	5
ANCCTC	5
GNCAAT	5
ANCGAT	5
CGNTAC	5
GNCGTG	5
GNACCG	5
GNACGA	5
CNACTC	5
CGNTCG	5
CNACGG	5
CNAGAG	5
ANCCCC	5
GNACCC	5
GNACAT	5
GGANGG	5
GANATA	5
TTGNAA	5
TNCCAG	5
GNACAC	5
TTNCGA	5
CNACCG	5
ANCGTA	5
ANGTCA	4
GTANCT	4
CCANCG	4
CCANTC	4
ANCCTT	4
ANGGAC	4
GGNGCG	4
TTCNCT	4
CTNGTA	4
TAGNGA	4
TAGNGC	4
GAANTA	4
CATNGG	4
ANCCCT	4
GTNCAC	4
ANGGGT	4
ANGTCC	4
ATTNTA	4
GAANCG	4
CCNTTG	4
ANCCTA	4
CCGNCA	4
ANCCGA	4
ANCCGG	4
ACGNAT	4
GTTNAG	4
AGANCC	4
ACNTGG	4
CTGNGA	4
GTANTT	4
ANCGGG	4
TANTCT	4
GTCNCG	4
TANTCC	4
CTGNGT	4
TANGAC	4
ANTATA	4
TTNCGC	4
CCNCGC	4
ACGNCG	4
ATNGGC	4
CTGNCT	4
TANGTA	4
GTGNAG	4
GTCNAG	4
CCNAGT	4
ANCTCG	4
ANCTAC	4
GTNGTT	4
GTNTCG	4
GTCNTA	4
CCCNAG	4
ANGAGT	4
TAGNGG	4
TAGNGT	4
ATGNTA	4
GAGNAC	4
CCGNTC	4
ACNCGT	4
AANTTC	4
ACGNGC	4
CCNTCG	4
ANGGGC	4
TATNCA	4
ANGCGT	4
GTANTA	4
GTGNTC	4
CCNCTG	4
GTANTC	4
ATNGTC	4
CCNCTC	4
CTNACG	4
AGNTAG	4
TNCGGA	4
CGTNTC	4
TNCGCC	4
CGTNGA	4
TGANAG	4
CGTNCA	4
TNCGAT	4
GNATTC	4
CACNAT	4
AGNTCT	4
TNCGGC	4
GNAGTT	4
ATANCT	4
AGNGGG	4
AGNGAG	4
CGANGC	4
GGANTC	4
AGNCTA	4
CGNGGA	4
CGNGCG	4
TCNTAT	4
CNCAGG	4
GCNCGT	4
TNGATG	4
GNGCGG	4
CNCACT	4
GCNGTG	4
GNGATA	4
CNATTG	4
TNGAGA	4
GNCTTG	4
CGNGAT	4
CNAGGC	4
CANAGG	4
GNCGGT	4
TNCTAG	4
CGANAC	4
GNCGCA	4
TNCGTC	4
TNCGTA	4
CGANAT	4
ACNATA	4
CAGNAC	4
CGGNGT	4
ANTTGC	4
TGNCCG	4
TNACAT	4
ACNCGC	4
AGGNCT	4
TGNGAT	4
AGGNGA	4
GGGNTG	4
TNAGAC	4
ACNCGA	4
TGNTCG	4
TGNTCT	4
GGNTGC	4
GGNAGT	4
GGNCCC	4
GGNGTC	4
CGCNCT	4
GGNGGA	4
GGCNAT	4
GNAACG	4
CGANTG	4
TNCATA	4
CGNCGG	4
CGNCCC	4
ANTGCC	4
CGNCAC	4
CGNATT	4
CGNATA	4
TNATCC	4
TNTGCG	4
GGCNTA	4
TNATAG	4
CGNAGA	4
ANTGTC	4
ACTNCC	4
ANTGTG	4
TNAGGT	4
ANTTTC	4
CGGNTG	4
GCCNCG	4
CNCCTG	4
GNGTGC	4
GNGTGG	4
CNCGCG	4
AGTNCT	4
CCTNCC	4
GNGTTC	4
CNGTCG	4
TCGNTA	4
TCGNGT	4
TNGTGT	4
TNGCTC	4
GNTAGT	4
GNTATG	4
TNGGCA	4
CNCGCT	4
CNGGGG	4
TNGTCT	4
GCCNGG	4
GCCNTA	4
TNGTCC	4
TNGGCT	4
CNGGAT	4
CNGCTC	4
TCCNCA	4
GNTTAC	4
TNGGGT	4
CNGAGA	4
ATCNTA	4
TNGGTC	4
GNGGGT	4
TCNATC	4
TNTGAA	4
ANAGAC	4
GNGGAA	4
ANGATG	4
AAGNAT	4
CNTAAC	4
GCNCGA	4
CNGTTC	4
CNCCGT	4
ANAGCC	4
CNGTGA	4
GNGGTA	4
CATNCG	3
ACGNTC	3
TTNTAA	3
TGTNAG	3
CCNGTA	3
CNGGCG	3
ACCNCG	3
TNATCT	3
TATNCC	3
CANGTC	3
TCCNCG	3
ANCTTC	3
AGNATA	3
TNTCCC	3
CNGCCT	3
TNCAAT	3
TNCAGG	3
TNCAGT	3
ANATGT	3
TNGGTG	3
ANGTAT	3
CNGTAC	3
CCANGG	3
CNTTCC	3
TGNCCC	3
CCANTG	3
CGGNGA	3
AGANTT	3
CTNGCT	3
CGGNGG	3
CGANGT	3
CNTAGA	3
TGNGGG	3
TGTNGT	3
CNTAGT	3
CAGNCG	3
CNGGTC	3
CGCNAA	3
CANGCC	3
CGGNTT	3
ATTNGC	3
TNAGGC	3
CNTGTC	3
CNTCGC	3
ACNCCC	3
CATNTA	3
CCNTGG	3
ACGNGA	3
CNAGCT	3
CNAGTG	3
TTCNTT	3
CNAGTA	3
CCNACT	3
TNGAAT	3
CNCCCA	3
TCNTCG	3
CNAGGA	3
CCGNAT	3
TCNTGT	3
CNCCTC	3
CNAGCC	3
ANCCCG	3
CNACCC	3
CGANAG	3
CNCGAT	3
CTANTA	3
TTCNCC	3
TANATG	3
CNCATA	3
TANAAG	3
CNCATG	3
CNCACG	3
CCGNGC	3
TNGAGG	3
TCNATA	3
ACNCGG	3
CNCCAC	3
TAGNCT	3
CCGNCC	3
TCNGCT	3
TCNGGG	3
CNAGTT	3
TAGNCC	3
TNGATT	3
TNCCCG	3
AGNGCT	3
TACNAG	3
CTANCA	3
TANTGC	3
CACNTG	3
TNGGGG	3
CGNTAG	3
ACNGTT	3
CGNGGT	3
ACCNGT	3
AGNCGT	3
ANCACG	3
AGNCGA	3
AGNCCG	3
TNGGTA	3
TTNCAC	3
CGTNGT	3
AGNTTC	3
CGTNGC	3
TCGNGC	3
TNCGCA	3
TCGNAG	3
CACNCC	3
CNCTAC	3
CGNGAG	3
TNGGCG	3
CGANCG	3
CACNGC	3
CNCTTG	3
ACTNGA	3
ACNGTG	3
TNCCCT	3
ANGGAG	3
ATNCGT	3
GNCCGT	3
GNACTC	3
GACNCG	3
GACNTA	3
GCCNGC	3
ATNGGG	3
ATANGT	3
GNTGTA	3
GCNAAG	3
GGNTCG	3
GNATGA	3
GCNTCT	3
GGGNAT	3
GNGCTC	3
ANTTAC	3
GCNCGG	3
GANTTC	3
GNTGCG	3
GAGNGA	3
GTNCCC	3
ANGGGG	3
GGNTCC	3
GTNGGG	3
GNGTTT	3
GGGNCC	3
GCNCGC	3
ATNCCT	3
GACNGG	3
GNGTCC	3
GCNCCC	3
GNCCGG	3
GNGTAG	3
ANTGGA	3
AANTAC	3
GANATC	3
GNACAG	3
GCCNAT	3
ANTGTA	3
GNCTTA	3
GGANTA	3
GGNTCT	3
GNAGCT	3
GNCGTA	3
GCNTAG	3
GCGNAT	3
ANGCGC	3
GNCTCG	3
GTGNCG	3
ATCNTC	3
GNATAT	3
ATNTCG	3
ANTCCC	3
GGNTAG	3
GGGNCT	3
GNCGCG	3
GNCGGA	3
GTANAG	3
ANTACA	3
GNCACT	3
GNGAGG	3
GAGNTA	3
GTNGAA	3
GNACTA	3
GCNGGG	3
CCTNCG	2
ANTCGT	2
ANCGAG	2
ACTNTC	2
CGNAAT	2
ANCGAC	2
GAGNGG	2
CNGCGC	2
CCNTAG	2
CCTNGG	2
TNTAAA	2
GNAGGG	2
CNAGTC	2
ATNCCC	2
GGNGGG	2
TGNGCG	2
CGGNCG	2
CGGNAC	2
TNAGCC	2
ANGCCC	2
TACNAC	2
ACTNGG	2
GGGNTA	2
ANTACG	2
CNAACG	2
TACNTC	2
TGNGCT	2
CNGACA	2
TNTGGG	2
GTTNCG	2
ACCNGG	2
CANTTA	2
ACANTT	2
TGNTAG	2
ANCTAA	2
CCGNAC	2
CCGNCG	2
AANCCG	2
ATGNGG	2
CCCNCG	2
CCNTAT	2
GTNCGA	2
TNACGA	2
TCCNGG	2
CCCNTG	2
TNTATA	2
CCGNAA	2
ATNCTA	2
TNCACC	2
CANGTG	2
CNCTGG	2
CNCTTA	2
ATNGGA	2
CGGNCT	2
CNTCCG	2
CNCGCA	2
GNCCCA	2
TNCGCT	2
CNGTTT	2
GCNCTA	2
AGANTA	2
TAGNTA	2
GGANGA	2
AGANCT	2
GNGTCG	2
CNTCGA	2
ANACCG	2
CGNGAC	2
AGNCCC	2
CCNGTG	2
GNGGTT	2
AGNTCC	2
GTNGTA	2
ATANGG	2
CANCCG	2
CNCCTT	2
GNCGGG	2
CNCCCT	2
TCNACG	2
ANGTCG	2
CNTAGC	2
GNGATC	2
ANGTAG	2
GNGCTA	2
CNTGTA	2
GGNGCT	2
CTCNGA	2
ANCCCA	2
CTNGGC	2
GGNGCC	2
CNGGCT	2
TNCTCT	2
AGTNCC	2
CNTGTG	2
CGNACA	2
TNGTAC	2
CANCAC	2
ANGGGA	2
CGCNCC	2
CGCNCA	2
GANTAC	2
GNATAG	2
CGTNCC	2
GCANCG	2
GCCNAA	2
CNTGGA	2
TGTNCG	2
CNGTGG	2
GNTCAC	2
CNACGA	1
AGGNCC	1
TGTTGN	1
CAGAAN	1
TANCTA	1
GGNCCG	1
AGCATN	1
TCGNGG	1
AANGGG	1
TCTCAN	1
CATATN	1
CTCCAN	1
TTATAN	1
GGNTTC	1
CTCNGC	1
GANAGT	1
TAGCAN	1
CNGTGC	1
CNCTAG	1
GTNCTC	1
ANCCAC	1
AGCNCG	1
CNCACC	1
GTNCTA	1
TGTNCT	1
GANTCC	1
CNCCGC	1
CCNACG	1
TACTTN	1
CNCTCG	1
GCNAGT	1
CNAGAC	1
GGTCGN	1
GCGTTN	1
AGCTGN	1
CNCCCG	1
CAAAGN	1
CNCCGA	1
TCTTAN	1
TGGATN	1
ANACTA	1
GNCCGA	1
GNTCTA	1
ATGATN	1
ANTCGA	1
CACNCG	1
GTGNGC	1
GTGNGG	1
CGNATC	1
AGCAAN	1
GNGGTG	1
CGNGCA	1
GNGGTC	1
GGGNCA	1
GGCGTN	1
GNTAGG	1
ANGAAT	1
GNTCCG	1
TAACTN	1
TNGGCC	1
CNGCGA	1
CGNCCG	1
GACTAN	1
ANGATC	1
CGNGCC	1
ATGGTN	1
GNCCCG	1
TNTACG	1
GNTAGC	1
TNGGGC	1
AGNACA	1
ATTAAN	1
ANACCC	1
CCTCCN	1
GNTGTG	1
TNGTGG	1
AGTCCN	1
ANCTAT	1
GTAGGN	1
TNGAAC	1
ACTNCG	1
ANTTGA	1
AAAAGN	1
TCCACN	1
TCTGCN	1
TAAAAN	1
TGGNCC	1
CNGGGA	1
TNCGAA	1
GNATCG	1
CATGCN	1
TNGATC	1
ATTGTN	1
CNTACG	1
AACTTN	1
TNCGAG	1
TAAATN	1
GGGNGT	1
GGGNTC	1
GACGCN	1
GGGNTT	1
AATGGN	1
TNCCGG	1
CNTGGG	1
CGNGGG	1
