process_radtags -f /media/mfisher5/New Volume/Mary/Raw Data/1275_S13_L008_R1_001.fastq.gz -i gzfastq -y gzfastq -o samplesT142 -b scripts/barcodes_L5.txt -e sbfI -E phred33 -r -c -q -t 142
process_radtags version 1.44 executed 2017-08-14 15:44:16

File	Retained Reads	Low Quality	Ambiguous Barcodes	Ambiguous RAD-Tag	Total
1275_S13_L008_R1_001.fastq.gz	304129654	837191	35483440	60796955	401247240

Total Sequences	401247240
Ambiguous Barcodes	35483440
Low Quality	837191
Ambiguous RAD-Tag	60796955
Retained Reads	304129654

Barcode	Filename	Total	No RadTag	Low Quality	Retained
AGCCAT	JUK07_10	2047917	1078260	2927	966730
AGTAGG	JUK07_13	5143447	2805656	6772	2331019
ATAGTA	JUK07_21	2976117	977844	5761	1992512
CGGTCC	JUK07_23	11027076	4389718	20456	6616902
CCATTT	JUK07_34	7065815	3456887	10408	3598520
CAGGCA	JUK07_04	2704553	575443	6639	2122471
GCAGAT	JUK07_12	1374592	528885	2481	843226
GTCATC	JUK07_31	6730942	1256504	16233	5458205
GACTCT	JUK07_11	3372084	738003	8461	2625620
TATCAC	YS_121316_04	2957955	1508035	4953	1444967
TGGGGA	YS_121316_19	1679168	695507	3099	980562
TGACAA	JB121807_10_c	471254	318426	387	152441
AATATC	JB121807_13_c	2301242	367509	4733	1929000
ACAGCG	JB121807_22_c	3647615	326013	8267	3313335
GATCGT	JB121807_26_c	4094966	223496	9464	3862006
GGTTTG	JB121807_36_c	1137152	311681	1940	823531
CTCGCC	JB021108_21_c	1119310	183403	2237	933670
GTGCCT	JB021108_27_c	313540	196370	277	116893
TAGTAT	JB021108_24_c	3184711	196149	7025	2981537
ACAAGA	JB121807_39	9941562	1787135	20725	8133702
TTCCGT	JB121807_03_rep	7641942	326776	17979	7297187
CCCTAA	JB021108_33_rep	7959463	288021	18609	7652833
AGGGTC	UP03_21	27841591	2518921	61568	25261102
AACGTT	JB121807_05_2	3213630	489836	7713	2716081
TACACA	JB121807_35_2	1459649	411304	3071	1045274
GTTGGA	JB121807_47_2	843123	240226	1582	601315
CCGAGG	JB021108_11_2	2363543	435281	5292	1922970
GGTACA	JB021108_28_2	952069	203474	2227	746368
CTGGTT	JB021108_40_2	1515903	345025	3051	1167827
TCAAAG	BOR07_01_2	7582577	3583518	12117	3986942
GCGCTG	GEO020414_10_2	3326119	346883	8492	2970744
GTATCC	GEO020414_30_2	2050287	246371	5282	1798634
ATGCAC	NA021015_06_2	13928010	499281	37880	13390849
AGTTAA	NA021015_09_2	13349655	469221	35483	12844951
AATGAG	UP03_18	11910778	1634272	28715	10247791
CAAAAA	YS_121316_21_2	11760088	1128234	29856	10601998
GACGAC	JUK07_06.1_2	11650683	736528	29315	10884840
TTTGTC	GE012315_11_2	12831272	1020496	30721	11780055
TGCTTA	JB121807_23_2	2138642	289682	4925	1844035
CCCGGT	JB121807_27_2	2966685	238835	7115	2720735
GCGACC	JB121807_30_2	3335749	308309	8236	3019204
CTTATG	JB021108_14_2	2366884	326579	5275	2035030
AGCGCA	YS_121316_20_2	8435594	1181564	20212	7233818
TCGCCA	JB121807_16_2	6038025	330491	15246	5692288
CTACAG	JB021108_25_2	1813531	253397	4147	1555987
GTAAGT	JB021108_31_2	2945784	264264	7027	2674493
ACATAC	BOR07_21.1_2	6189966	1845714	12962	4331290
GAAATG	UP03_013	5922706	1162420	14380	4745906
CACCTC	UP03_014	5729868	602076	15098	5112694
TTATGA	UP03_019	7346417	2498544	14580	4833293
ACTGGC	UP03_030	4519552	280461	12308	4226783
AGGTGT	UP03_044	5788649	385654	15643	5387352
CCTAAC	UP03_046	5095635	259045	14440	4822150
GCATGG	GEO020414_13_2	2643739	545593	6136	2092010
TGCCCG	PO010715_26_2	4864980	755407	12253	4097320
CTGCGA	GE012315_09_2	5614308	430333	14838	5169137
CGTGAT	YS121315_14_2	4060556	812625	9275	3238656
ACCCCC	NA021015_10_2	3685876	271367	9874	3404635
CAATCG	JB121807_18	2917432	288162	7035	2622235
GAACCA	JB121807_43	4064183	454636	9718	3599829
TCGGAC	JB121807_29	1665523	156902	4110	1504511
ATGTTG	JB021108_23	1573640	353529	3147	1216964
AACTGA	YS_121316_07	5777997	2848001	8647	2921349
TCTTCT	PO010715_07	6467227	2384118	12483	4070626
GGACTT	JUK07_08	6610275	429033	16262	6164980
GGGCGC	JUK07_33	5063882	290068	12780	4761034
ATCAAA	GE011215_11	9125743	552653	23069	8550021
GGCAAG	JB021108_11_rep	868515	224516	1649	642350
CATACT	PO010715_07_rep	6785274	2636691	12618	4135965
CGCGTG	GE011215_11_rep	7869563	291694	19505	7558364

Sequences not recorded
Barcode	Total
CCAGAA	217116
AAACGG	116956
TTAAAA	70067
ACAAAT	68450
CTCTCT	66570
CAGCAA	61891
TCAACA	60584
AAAAAT	60472
CCATCA	57243
AAAAAG	53652
TCAAGT	53238
CCAGCA	52873
AAACAT	50408
CCATCC	48727
ATGAGT	47885
GCAAAA	47023
CAAAGT	45930
CAGAAG	45658
CATTTT	45418
CTGTCT	45009
AACCAA	44873
TGAACC	43949
CACATT	43203
CTGTCA	43105
AGTAAT	42928
AGCGGC	42673
CCATGA	42446
CCATGC	42227
ATTCAG	42184
TATCCT	41313
AACCTG	41049
CTTTAG	40333
ACATCA	40063
TCAGCA	39903
TCAAGC	39506
AAGCTC	39495
AAAATA	39221
AGCAGC	39013
AACATA	38943
TTGTCT	38881
CGTCCT	38630
ACATTA	38304
CATTCA	38268
GACCAA	38109
CAAGAT	37954
TAAAGG	37858
CCACCA	37820
AAGCAG	37703
TCAATA	37586
ACCAGC	37531
TTGCTG	37530
CACCAG	37427
GTTGAC	37229
TGAATG	37165
CGCTCT	36922
ATAACC	36876
AAATGC	36871
CCCTCT	36657
ATAAAC	36568
CCTCCT	36548
ATTGCT	36409
CCTTTA	36397
AGAAAA	36124
AATGCT	36105
AAAACA	36044
CGGCCT	36032
CTCTTT	35989
CGGTTG	35882
AGAAGC	35844
CTGAAT	35603
GAAACC	35528
CATGAA	35451
AGTGTT	35420
TTTTTG	35373
AAGCTG	35347
TAAAGT	35323
GTCAAT	35262
ACTCTT	35246
TAAAGC	35225
ACATCT	35195
AATGGT	35157
GATTGC	35005
AAATAA	34860
CGCCAG	34737
CGTCAA	34647
AGAAGT	34429
AGAAAT	34316
CGTTCT	34271
CATGGT	34267
CAGCTT	34135
CATAAG	33878
CATTAA	33763
CACCAT	33620
TGTTGA	33570
AGAACG	33538
TTTAGC	33464
GAAAAC	33459
TCTCTT	33458
TTCTGC	33126
CCAAAT	32939
ATTCAA	32819
ACAATG	32791
CATCAT	32624
CATCAA	32540
AATAGT	32384
GCTGGT	32310
GATAAA	32256
AAACAA	32151
TGCTGG	32132
GACCAG	32072
TAATAA	31976
CCTCCA	31932
GATATT	31832
ATCCTT	31695
CAACAT	31630
TTAATA	31540
AAATGT	31500
GCCAGC	31478
CGGCAT	31369
ACAACT	31314
TTTCTG	31253
AGCATC	31196
AGAGAT	31156
GCAGCA	31122
TCAGAA	31104
AACCCT	31010
AAGAAA	30981
CAGTAG	30965
AGAAAC	30960
AAGAGC	30952
ATCAGC	30944
AAAGGA	30901
CTTTTT	30875
TCCAAA	30862
ACAGAA	30857
ATACTG	30833
ACCTTT	30775
TTTACC	30713
CCCTCC	30666
AGTGGT	30641
CGGTTA	30630
AACAGC	30604
TATGAT	30503
GTCAGA	30461
TTATAT	30435
TGGTCA	30373
GGGTCT	30266
AGCATT	30205
GGAAAA	30102
TGCTGC	30014
CGCTGA	29881
TCAACC	29846
CACCAA	29809
AGCTTG	29738
ATACCA	29716
AAACAG	29709
ACCATA	29691
AACAAC	29653
CAATAT	29615
TCATCA	29542
GAATGT	29492
ACGTTT	29473
ACAACC	29416
TAAAAT	29365
AATGCA	29351
GGTCAG	29273
GCTTTA	29209
CGGCTG	29184
AGCAGA	29175
CCAACA	29171
TGTGTG	29070
AAATTA	29051
AACCAG	28886
GAAGAA	28866
CAACGT	28825
GCATCA	28745
CTTGCT	28634
CAAAGC	28579
CAAATC	28577
CACTCC	28522
AGAGAG	28497
TGTTCA	28475
AAAATT	28466
AAATTT	28462
CGGCAG	28415
ATGGAA	28341
TTTGAG	28309
GAGATT	28300
TGATGC	28252
AGGGCT	28238
AACAGG	28103
ATCACC	28095
ATCTCT	28087
GCTTAT	28079
TAAGCA	27937
ATGCTT	27925
CGGCGT	27922
CAAGCT	27920
AGCCTC	27853
ATAATC	27828
GTTTAT	27748
ATAAGC	27709
GCAGGA	27553
AGATTG	27503
TTTGGT	27458
AGCGGT	27453
AAAAGT	27427
CGACCA	27424
AACCAC	27362
ATTTGG	27306
TGGTTT	27283
AAGAAG	27274
TGAACA	27258
TTATTG	27232
AATTTA	27163
TATTAA	27158
CCAGCT	27082
CATCCA	26980
ATCATG	26977
ACTGCA	26928
TAATGT	26880
CTGGCG	26854
CGTCTG	26844
AAGAGA	26772
CATCAG	26660
AAGGAT	26635
TTAATG	26549
AAAAGC	26444
AACGGC	26392
AACACT	26359
CTTCTT	26356
TATTGC	26347
AAAGGT	26170
ATAATG	26128
TATTTT	26123
TTCTTG	26090
AGCGAG	26077
TTGACG	26039
AAAGCA	26022
CAGCAT	25966
ATGAAG	25951
TATGGT	25908
CGATAA	25856
TGGTTG	25835
CCAAGC	25828
GATGCT	25720
ATTTTT	25688
CAGCAG	25569
CATATA	25553
ACTCAA	25551
AAATCA	25445
AGTAAC	25392
GGCGCT	25329
AAAAAC	25273
ATAGAT	25257
GAGAAA	25230
AAGCAA	25211
TACCAT	25192
CCACCT	25099
AAGAGT	25049
CTTTCC	25046
AACTAT	25010
TAACCC	24975
GGTCCT	24945
ATGATT	24922
TCAATC	24885
GTTCTT	24866
GGCAGA	24794
AGCTTT	24736
AGAATC	24732
CAGAAT	24708
GTTAAT	24705
AACAAT	24671
GAGGCT	24644
GGTTAT	24634
AGCACC	24625
CCACTG	24623
TATGGC	24591
TCATCC	24587
GCTGCT	24584
ATTTCT	24557
GCTAAA	24548
TCCGTT	24519
TTAAAT	24507
GTACGG	24431
ATTTAG	24422
GCATAA	24391
AAACGC	24383
AAGCAT	24383
ACACCA	24361
GCGGCA	24315
ACCAAC	24309
TTTGAA	24177
TGACGG	24049
AAACGT	24045
CGTCAG	24023
TATCCA	23995
GTTATA	23989
GTTTGG	23980
AGCAGT	23975
GCAATA	23950
GCTGAA	23895
TCAGTA	23870
GCAATC	23802
GCTGCA	23716
ACACTC	23672
TACAGT	23648
AGGAAA	23635
CTGCAT	23617
TTTTAT	23605
CACTCA	23585
CCTGCA	23563
CTTCGG	23522
GCTTGC	23510
ACCATG	23453
AGGATA	23449
GTGATT	23449
AAAGAA	23430
ATTTTA	23414
CAGAAC	23393
TTTTGT	23389
CTGACC	23351
AAAGCT	23343
GAGGGT	23334
GTCACA	23321
CTTTAA	23318
TTTCTT	23279
TTATAG	23241
TTCTGG	23138
TTTTTA	23136
TTAGAC	23110
CGCTAC	23045
ATGAGA	23038
ATTGGT	23030
AGATAT	23003
GAGCTT	22999
ACTGAA	22962
ATGGCG	22937
CATAGA	22889
ACTGCT	22874
CGGCTC	22834
TCACAC	22834
TAATCA	22833
AATAAT	22821
CCGTCA	22782
TTTGCA	22768
CAATAC	22714
ATTAAT	22678
GTTAAC	22658
AAACAC	22618
ACCATC	22593
GTTTTC	22592
CGGAAA	22550
GACCAT	22537
AAGGTA	22521
TATGTT	22516
CAAGAG	22502
TACCAG	22463
TTTGAT	22431
TGATTC	22350
ACACAA	22342
CCAGCC	22340
AAACTG	22329
GAAGGA	22313
AAGGAC	22295
AGAAAG	22290
AGATCG	22281
ACGCAA	22257
ACTCAT	22246
CCTTCA	22204
AAAACG	22202
CTTCAT	22194
AGGCCA	22112
GAAAAT	22112
CTTCCA	22104
TATTGA	22080
TTAACA	22042
GCTCTT	21981
CCCCCT	21936
CCTTGC	21925
TTGAAT	21919
GACCTT	21892
GCAAGC	21876
GACTGC	21842
CATTAG	21815
GACATT	21813
TCATGC	21794
GTCAGG	21767
CGCTTT	21721
CTTAAT	21716
AGTATT	21666
CAGGGT	21649
GAGCAG	21635
GGCGTT	21632
TATCTG	21630
CGTTGA	21628
TAACCG	21626
AACTTC	21625
AATCAT	21598
TGAATC	21553
CTGCTG	21551
CCTCTT	21547
AAGAAC	21522
GCGTGT	21520
CGCTTC	21503
CATTTG	21494
AGCAAC	21448
ATTAGA	21434
CAACTT	21429
ATAAAT	21424
CGGTAT	21400
ACTGAT	21376
GTTTCT	21376
GCCATA	21372
ATTGTT	21370
GGCGGC	21360
GTCACT	21311
CTGAAA	21307
GACGGT	21299
CGTTTT	21295
GACGCA	21291
CATTAT	21287
GTTCTG	21280
CCAACC	21255
GGAGGC	21252
CGGCCA	21245
ATTCTG	21230
AGCGAC	21224
CTGATA	21206
AAAGTC	21198
AACTTG	21196
CCTGTT	21174
AATCCA	21170
CATCTG	21165
TTATTT	21156
ATAAAG	21137
TAGGGT	21095
GTATTT	21078
ACCACT	21066
AGGCTG	21061
TCTTGC	21013
GCCTCC	20965
CTGCTC	20956
CAATGA	20918
TTTAAG	20902
GCCGTT	20844
AAACTC	20841
CAATGC	20805
TAATGG	20795
ACTGTA	20772
AAAGAC	20770
GCTTAA	20761
ACACAT	20758
CGGCAA	20715
AAGTAA	20698
AACAAG	20673
ATTAAG	20667
ATATCA	20664
TGCCGC	20579
CAACCT	20573
TGGTAA	20558
ACAATT	20550
GGAAAC	20549
TGTTAT	20535
AATTTT	20502
AGTCCA	20487
ATAGGT	20487
AGCGGG	20487
GACTTC	20449
ATAACA	20442
CAGCCT	20423
TGCTAT	20423
CAGCGT	20416
TGCAGG	20405
GAAAGA	20398
CCTCCC	20388
CCTTCC	20353
TTCTAG	20344
CAGATA	20287
TTCATG	20282
GGCTTT	20279
GGTCAA	20233
AGAATG	20195
TCTAAT	20170
CCTTTC	20087
TAAATT	20070
CATTTC	20055
GTCCTT	20051
TTAGGG	20050
AATGGA	20031
TCTTTC	20002
TCTGCA	19985
TGGAGG	19985
TGGAAA	19957
CGTCCC	19923
CAGCAC	19900
ACTCCT	19843
CGTCTT	19790
TAACTG	19784
GGCGTC	19776
AATAAA	19772
CCTCTC	19766
AGATGG	19732
TTAATC	19728
TTATCG	19719
GCTTCC	19686
TGCAAA	19626
TCTTTA	19622
ACAGTC	19613
ACTACT	19609
TAACCT	19603
CATTGC	19602
CAACGC	19595
TATGCA	19571
GAGAAG	19551
CCTGCT	19499
AATCAA	19496
TGACGC	19480
ATCAGG	19477
ATATCT	19469
TTTAGT	19459
GAAGGC	19441
TTTCCT	19428
AAGTCA	19422
TTTAAC	19409
TACCGC	19398
TTTAAA	19346
TTCCTG	19339
TTAGAG	19336
AAGCCT	19299
AATCTT	19297
TACTGC	19295
TTGCAG	19273
GAGACT	19251
CAGATG	19242
ACGACT	19239
CTGCCG	19235
AATCTG	19231
AATGCC	19219
TTAAGC	19197
ATGGCT	19185
TCCTTC	19182
CATCTT	19176
AGCTGG	19176
GCCATG	19176
ACCCTG	19170
CATAGG	19159
AAGTTA	19150
ACCAAT	19146
CTTGCG	19115
AATTCA	19109
AGTTGC	19105
TCACCT	19104
CCAATA	19040
AAGCGG	19031
GACAAA	19025
TGGTCG	18993
ACACAG	18984
AGGCAG	18909
GTTCAG	18903
TCTGGT	18897
TTTCCG	18837
ATACTC	18800
CCAATG	18758
AAATAG	18756
CTGACG	18744
AAGGTG	18740
AGACCA	18701
CGTATT	18676
AATTAT	18672
TGCCGA	18657
TTTAAT	18647
CTCCAA	18626
TTAACC	18617
TTCAGC	18614
ATACGA	18602
CGTTCA	18585
CTTTCT	18561
TTTTAC	18546
GATTAT	18542
CATAGC	18540
TCAGGA	18506
ATATAA	18501
TCTTGG	18489
AAAACC	18476
TCCTTT	18464
AAGGCT	18462
TGGTGC	18446
GCCTTC	18439
ACACTG	18427
TGAAAC	18397
GGGAGG	18367
GATGAA	18357
GAAGTC	18346
TGATAT	18295
TTGTTA	18256
ATTATT	18249
GCGTAC	18230
TTGATG	18221
CGACTG	18213
CCACAT	18212
AGATGC	18208
AGAGCC	18207
ACTAAA	18197
TTCTCA	18191
CTTGAA	18180
ATTAAC	18176
TGGCGG	18148
TCTGAT	18141
CCGTCT	18139
TGGCTG	18125
TTTTGC	18103
CCCTTC	18101
CAAGGT	18098
ACGTTC	18093
CAGATT	18081
GCTACT	18058
GGCATT	18035
GGATGA	18033
AGGCTT	18027
CTCATT	18017
GTCCTG	18012
TGTTTT	18002
TAAAGA	17979
AAATCT	17963
CATGAC	17947
GAACAC	17920
ACGCAG	17917
CATTAC	17877
CGCTGC	17868
GCTGCC	17854
CGGCAC	17848
ACATGT	17815
CAGGAG	17794
ACAGGT	17786
TGATTT	17786
GCTGTT	17778
TTCAAG	17745
GTAAAG	17742
GCGCAT	17721
CACCCA	17708
GTCTGT	17697
ATTAGC	17691
ATGCCA	17630
AAAGTG	17628
CTTCTC	17627
GCTTCG	17624
CACCCT	17620
CTTGCA	17616
GTTTTT	17582
ATGGCA	17556
ACATTG	17556
CTTCCT	17548
TGTAGC	17543
GTTGAG	17541
GACAGA	17535
CCAACT	17526
TTATAC	17522
AACCGT	17505
CAGACC	17501
GCTTTT	17500
GAAGCC	17499
TGGCCT	17486
GCAGTA	17469
CCCCTT	17460
CTAACT	17397
CGACCC	17391
TAATTT	17363
CGGTAG	17330
GAATGC	17322
AAAACT	17304
TTACCA	17297
CCAATC	17256
CCACAC	17253
GTGTGT	17244
ACCGTC	17200
AGCCTG	17191
ACCAAG	17159
CCTTGA	17153
TTTTTT	17147
CGTTGC	17142
GTTCAA	17141
TATTCA	17137
TACCTT	17137
GATTAA	17130
CTTGGT	17125
CTTTAC	17114
CATCCC	17107
CCTCAA	17100
TGAATT	17092
GGTGGC	17080
TCAGTG	17075
CATGGC	17054
AGAGCT	17050
TGGCAT	17048
CCTGAA	17042
TTAAAC	17036
TGCGAT	17014
AGAGGA	17011
ATTTGT	16974
GAAGTT	16968
GAACAG	16955
ACCATT	16938
AGTTTT	16935
TCATTG	16929
GTTATT	16905
TCCTGC	16905
ATGTCT	16892
ACACGC	16889
AGCCGC	16885
TGTTTC	16882
TTTGCT	16842
TGCCAC	16840
AAGATG	16813
GCCGCT	16782
CCACTC	16778
CCACAA	16771
CTGGAG	16763
ATACAA	16724
AAATAT	16718
CTATTG	16717
TTGCTT	16711
GCCGTA	16679
TTCTTC	16679
CCCTGC	16675
TCTGCC	16675
GATGTA	16668
ATAACG	16665
CAACTG	16648
AGACAG	16641
TCAACT	16641
ATTTTC	16631
TAAATC	16629
CTCTGT	16621
AAAGCC	16610
ATCACG	16600
CCTACA	16597
TTGCAA	16586
ATATTT	16584
ATGCGG	16560
TTGATA	16557
TGGACT	16513
TGGTGG	16485
ATGAGG	16472
AGAGGT	16470
CGGATT	16461
ACGCTC	16460
GTAAAA	16426
TCTTGA	16421
AGCATG	16409
TAATTC	16372
CTTTAT	16366
GTCCAT	16361
CGGTAA	16355
CCATAG	16349
ATATTC	16346
AGGCGG	16331
TAACGA	16302
TGGCAC	16287
ACACTA	16282
CAGTAA	16274
GTGATG	16269
CATTGT	16250
CAAGTT	16235
AGTGGA	16227
AACAGT	16202
TGCAAC	16188
TGAAAT	16171
ACCTTG	16149
GATTGG	16149
GGCCTC	16140
AGATTT	16109
AACGCC	16077
TTGAGT	16051
GTCTTT	16045
GGCTGG	16037
TGATGG	16036
AGTCCT	16015
AAGACG	16012
TGAGTT	16003
TTTCCA	15992
TCATAA	15991
CCACCC	15988
GGGGCG	15963
GTCGGC	15949
CTCAGG	15924
ACCAGT	15919
GCTCCT	15913
TCTGTT	15889
GATTGA	15880
ATGAGC	15879
TGATGT	15878
TTGTTC	15878
TCTCAT	15877
AGCACT	15861
GTAGCG	15850
TTGCAT	15843
TATTGG	15836
TCTAAA	15805
GCCATT	15801
CAAAGG	15799
GGAAGC	15797
GATTCA	15767
ATCTGC	15750
GGGGAA	15750
GTCGGG	15734
GTACGC	15723
TGAGTC	15722
ACCTCA	15713
GGGTTA	15690
AGTGTG	15654
AGGAAG	15650
GCTCAG	15639
TAAACT	15633
ACCGCT	15633
TGTCTA	15629
GCTATT	15616
TGGTTC	15588
ACCTGC	15586
AACGCG	15584
TAGAAA	15560
TAAGCT	15555
ACTTTT	15502
CTGTAG	15481
GTTGTT	15470
ACTTTG	15414
ATTGAC	15412
CAGTCT	15408
CTTCAA	15383
TAAATA	15380
AATTGT	15367
TCATTC	15363
TGCGTC	15362
GTCTAA	15356
GGAGCA	15347
CGAGGC	15346
TCACAT	15342
GCAACA	15328
GGTTGA	15326
CCTCAT	15318
TCCACT	15309
AGTCTG	15299
TAGCAA	15289
GGTTGT	15277
CAAGGC	15276
ACGAAC	15269
TTAGCC	15254
TCTTAA	15251
TAAAAC	15251
CATTGG	15243
TATTTA	15237
CGCGGC	15231
TCTGAA	15204
AGGAGA	15189
CAAGGA	15186
TTAGAT	15179
GTGGAT	15176
TACTGT	15164
TATTTC	15147
GCTCAA	15127
GAATAT	15125
AAGCGC	15124
GCCGTC	15115
CAAACC	15110
GCAACG	15100
CACTGC	15092
GGCAGC	15084
AAGGCC	15078
ACACTT	15070
CCTCAG	15070
CTAAAT	15068
AAACCT	15055
ATTGGG	15051
TGCAGA	15029
TATCGG	15012
AAAGAT	14998
TATCTT	14997
TGGTCT	14983
CTCAAT	14981
GTGGCC	14969
TGTTCC	14965
ACTATT	14951
GCAGTC	14938
GGTATT	14912
CCGCTT	14904
TCCTGA	14899
GCCTGT	14885
GTTGAT	14852
TCTCAA	14837
CATGCC	14834
TTGACA	14804
ATCGGT	14788
GTGATA	14786
CGAGAA	14785
CAAGTA	14753
TGAGGC	14752
TGCTCC	14747
AATAGA	14736
TCCATC	14724
GCAACT	14712
TTAAGG	14710
AGTCAC	14704
GGCTGC	14688
CTGTTC	14684
CGCCAA	14682
AACATG	14675
ATCACT	14674
TAACTT	14673
GTTCAT	14670
CGTACC	14631
CGGACT	14616
GGTGCT	14607
GGCGTA	14601
ATTTCC	14600
CATGGA	14593
CAAATT	14591
ATAGCC	14568
CATTTA	14562
GCCAGA	14547
AGGTTA	14542
CTGAAC	14538
CTTTGC	14536
CAGCCC	14535
TTGGAT	14526
ATGACA	14483
AATCCG	14466
TAAACG	14458
AGGAAC	14458
AACACC	14445
CAGCGG	14426
AACTAG	14426
TGCATT	14420
AAGATT	14407
CCAAGT	14405
ACAATC	14401
GAACGG	14401
AGGGCG	14394
TAAGAG	14372
AGGCAA	14362
AGACTC	14326
ATAATT	14322
CGACGC	14319
GATTTA	14293
CCCAAT	14289
GAACAT	14286
TCTCGG	14284
CGATAC	14280
CTTAAA	14274
TTTTCC	14270
TTACCT	14263
TGAAGA	14261
GCCAAT	14246
TGAGCT	14235
CACAGA	14234
AAGCTA	14231
CTCACT	14203
CCTGAG	14183
TAACAG	14181
CGAAGA	14177
TAGACC	14169
AAGGCG	14164
ACCTCT	14160
CACATA	14158
ACGCCG	14140
CGTCCA	14139
CGTGCA	14128
AGTCAG	14116
GAATGA	14113
TGTTGG	14109
ACTTCC	14095
ACGAAA	14082
GACCGC	14067
TTACTG	14065
TTAGCA	14064
CAACAC	14051
ATAGCT	14035
TCCAGC	14023
CGTCAC	14020
ACCTGT	13945
GTTAAA	13944
GCGTTT	13933
TAATGC	13928
GGCTCA	13917
TACGAA	13911
GCCGCC	13873
GGTGGT	13845
TAATCC	13823
CGACCT	13816
TCTCTC	13811
ATAGGC	13809
GCAGCC	13807
AGCTGC	13799
ATTGCA	13796
AGGACG	13752
CTCTTG	13732
AAATCC	13723
GATAAT	13723
TCAGTC	13705
AAACTT	13698
ATGACT	13691
ATAAGG	13680
CAGTTA	13658
GATACC	13647
GGTAGC	13631
CAGTTT	13614
ATACAT	13614
TTTCAT	13609
GAGTAA	13605
CAGTTC	13599
AGGTAC	13597
GGTTCC	13595
GCGTCA	13579
CACACC	13540
GGCCTG	13531
AGAGGC	13526
AATACG	13501
GGTCTA	13489
TCCAAC	13485
CAACTA	13481
GAAGAG	13477
GGTTAC	13471
GAATTA	13465
TGAGGG	13462
ATAGAC	13458
AAACTA	13441
TTAACT	13431
GTTCCA	13410
TTGAAC	13397
TGGATT	13386
GAGCAC	13376
TACCAA	13369
GTATAA	13366
ATCTGT	13357
AAGTGG	13339
CTCTGC	13337
CACGAA	13335
CGGAAG	13315
CCAGTC	13309
TGGAAG	13308
ATCTAT	13297
GTAGCA	13292
CTGACT	13279
CACTTT	13270
ATGTAT	13266
GGAGTG	13265
TTCTTT	13265
ACCACA	13253
TGGATG	13229
TAAGAA	13222
CGTACG	13219
AGGAGC	13217
CTTGGC	13201
AGACGG	13198
AAGTGC	13196
TTTCTA	13189
GATGTG	13181
TATGGA	13177
GCATTC	13176
GGCTAA	13173
AGCATA	13157
CCTTAT	13144
TGAAGG	13141
ATGAAT	13120
TGAATA	13102
ATGACG	13094
GCCACA	13094
GCTCAC	13091
GATGTT	13087
AAACGA	13068
TCACGC	13064
TTTTGG	13063
AGGATG	13042
CCTCTG	13038
TCCATT	13031
TCATCG	13014
AACGAA	13008
GGCCGT	13007
CACTTA	12994
GATTAG	12989
GCTCTC	12987
TCCCAA	12981
CCTTTG	12977
GCCAAA	12970
TTGGAG	12957
GATGCA	12948
CCGGCG	12941
TGGGAG	12902
CGTTTC	12888
GAGCAT	12878
AACTAC	12859
CGAACC	12848
AGTCTC	12846
CTTCCC	12821
TTTATT	12820
GTGGCA	12798
GCGGCG	12786
TATGAA	12781
CACAAC	12777
AGTTCG	12768
CAGAGA	12766
GATAAG	12762
TTGAGG	12753
CGCTCA	12747
TAAGTG	12742
GGGAGA	12741
AGCTCT	12740
CGAGCG	12738
AATCCC	12718
GCTCAT	12717
GATAAC	12707
GCATCT	12680
AGGCCT	12671
CTTTGA	12667
TTTTAA	12663
ATATGG	12656
AGATTA	12645
CGCATA	12644
ACACCT	12633
CTACCA	12632
TGTGGC	12618
GGCGCC	12586
ATTGCC	12578
GAGACA	12571
CTATGT	12544
ACTGTT	12538
GTTACT	12535
CCAGAG	12528
AAATGG	12516
ATTACC	12506
ACGTCA	12506
TCCATG	12505
AGATGA	12505
GTATTG	12503
GAACTC	12489
CGATGA	12477
CTCCTG	12469
CCGACT	12466
ACGGAA	12464
AAGGAA	12459
TGTCTC	12439
AGACGA	12430
TAGCAG	12410
ACGGCC	12403
GTCTGC	12397
GCACGT	12392
TACCCT	12378
GTTTTA	12375
CTCAAC	12347
AGTCGC	12336
GCTTGT	12331
TACTAA	12321
AATCGC	12318
TTCGAT	12309
TCATTA	12300
CTTGAC	12295
AATTAC	12279
GCACAC	12278
AGAGAA	12277
CCGCCT	12268
TTACTC	12267
GCATTA	12261
CTCCTT	12240
TGATTG	12229
TGCGTT	12221
CATCGC	12218
TTCACG	12215
ATGCTA	12190
GATGGG	12187
CTCCCT	12168
CGGGAG	12158
AGTGCT	12149
TATAGA	12145
TGACTC	12137
TTGACC	12132
TATGCG	12124
GAAAGC	12123
GCCGAG	12119
CAGGGC	12118
CTCTTC	12101
AAGTTT	12095
TTCCAA	12095
ATTCAT	12084
TAACGT	12080
TTTTCG	12077
TCACGA	12068
TATGTG	12061
GCAGGC	12053
ATACCG	12052
TGAACG	12049
CTGAGC	12045
TTACTA	12044
TGGTAG	12032
TCTCCC	12032
CAACGG	12024
ACCAGG	12005
ACTAAG	12002
CACAAT	11989
GCTCCC	11986
TTGGTA	11984
TTTAGA	11978
TTGAGA	11966
ATACGT	11958
CACAGT	11948
GTAGAG	11938
TGACCC	11923
TGTTAC	11913
TATCGA	11906
TTGCTA	11892
CGTTTA	11884
TCGTGT	11866
CACGTA	11857
GGTCAT	11854
GAAGCG	11853
GAGTCA	11851
CTGGAA	11842
CACTGT	11840
CGCAAC	11822
CGGTGG	11813
AGGTCA	11783
GTCACG	11779
CGTGTA	11776
GCCAGT	11756
CGCAGT	11755
CTTTGT	11752
TTCGGC	11736
AGACCT	11719
ATTTGA	11715
GAAGGT	11709
ATTTCA	11708
GGCCAC	11706
TAGCTT	11704
GAGGCC	11704
GTTTAC	11701
CTCTTA	11682
TAGAGC	11680
GAGTGG	11674
GGGATG	11674
CGCCGC	11669
AGCTCC	11661
CACGCT	11635
TACCCC	11633
GATTTT	11632
AGACCC	11609
ATTGAA	11609
TTACTT	11607
CCACTA	11606
TTCCTC	11604
AAGTCC	11599
GGAGAG	11590
ATACGC	11588
GTGCAG	11572
TTCATT	11572
GTAAAC	11570
ACGTGA	11566
CTAACC	11555
AAGAGG	11549
TGTGAC	11538
GCACCT	11528
TCACGT	11527
TCAGGC	11526
CCACCG	11524
TGAGAT	11522
GATTTC	11515
GTAACA	11512
CGAGCA	11508
TCTCAG	11504
ATGTCA	11490
TACCTG	11478
CTGTGT	11477
GCTTGA	11470
TAGTTG	11468
TTCCTA	11458
GAGTTT	11446
CAACCC	11444
ACCGGA	11429
GTGTGA	11425
TAAGTT	11423
TTGACT	11415
ACGTAT	11406
GCTCGC	11393
GGTGTT	11388
TTACCG	11386
AGGCTA	11360
CAATGT	11358
TGGGAT	11344
TCTTTG	11328
CCTCTA	11317
CAATTC	11315
GAAGGG	11313
TCCATA	11312
ACGGTT	11300
CTATTA	11294
CTCAGC	11274
CTATCT	11272
CGCTCG	11268
CTATTC	11267
TTATCT	11267
AGGACT	11262
TTGGTG	11256
AAATTG	11252
TGGCTA	11250
GTCCCC	11248
ATGGGT	11247
ATACTT	11246
TACATC	11233
ATGGAT	11203
TTTGCG	11199
GGCGGT	11181
TCCTTG	11181
CAAGTC	11173
GACAGC	11170
GCCTCA	11149
GGAGAA	11147
CTCACA	11136
AAGTCT	11129
ACTCAC	11127
GTCCAC	11121
TCAGGG	11114
ATTTAT	11108
CTTTTC	11089
TGTCCA	11076
TGCTAC	11073
ACTTGA	11065
TCATAT	11051
CGTGGA	11040
TCTACA	11039
CCGCAT	10998
TTCTCT	10993
CCACGG	10983
TTGAAG	10963
ATGACC	10962
TTGTTT	10960
TTCAGA	10958
TGCATG	10953
TATATG	10943
AGCTAC	10941
TGAGAC	10934
ACTTTA	10932
TATAAT	10927
AGGGAT	10911
TTTTCA	10894
GTGACG	10894
ATTGTG	10867
TCACTT	10860
GGCTTC	10856
CATGTC	10855
TTGATT	10842
CCCATC	10839
GCTAAT	10832
ATGCCG	10830
TTCTCG	10816
CGAACA	10799
TTGGGG	10797
AGCTTC	10791
GTTGCT	10789
GTGAAA	10785
AGGGAG	10772
AACCCA	10757
TCTCTA	10754
GTCGCA	10746
TTCGCT	10743
TGTCTG	10730
GTTGCG	10719
TAGGAA	10714
TGTCGC	10713
TAAACC	10710
GAAGCT	10708
CAAGCC	10695
GCACAG	10692
GCGTGA	10681
CGCAGA	10668
CGCTGT	10654
TTGGCT	10646
TATGCC	10643
CAGTGT	10636
GCTGAG	10633
GCTCTA	10614
GTCCGG	10612
CTGGAC	10609
GGATTA	10608
ATCAGT	10606
TGTTGC	10605
CGAAGG	10594
GTAGTT	10589
GTGGTC	10585
GTAGGC	10585
GTCTAT	10575
ACTTCA	10569
AAGCGA	10550
GCCCGT	10541
AACCGG	10517
GTGTTA	10512
GGTCAC	10500
CACTAT	10493
TCAGTT	10493
CCAGTA	10480
CGGAGC	10471
CATGCG	10450
TATACC	10445
GGATAC	10438
GAGGAG	10427
CCTGTC	10417
TGACGT	10412
TTCCCA	10409
ACTCAG	10407
AAGATA	10406
CAGGAC	10397
CAGGTG	10385
TCTTAC	10374
TGTCAT	10359
GGCTGT	10351
CCCCCA	10340
AGTACT	10337
GTCGCT	10327
CAGGAT	10317
GTCTCA	10314
TTGGCG	10312
GTCTAC	10305
CTGTAA	10303
TACTTC	10298
TCGTGA	10296
AGACAC	10283
TGAGTA	10274
CGAAGT	10269
TGTATG	10268
CCGTTG	10262
CGCAGC	10262
TGGACA	10258
GTTAAG	10257
GGCGAT	10251
GGAAAT	10242
CAGTGG	10241
GGACGA	10233
CTATCA	10232
CTCTAC	10231
CGCAAA	10226
GAATAA	10218
AGTGCC	10215
CGCCTT	10214
ACCTTC	10214
AGTACC	10213
CACCGG	10203
CTCCTA	10200
TACGCT	10198
ACTCTC	10187
TAACAT	10185
GCACAA	10181
TACAAT	10173
TTCGTT	10165
GCGGCT	10155
GACGCG	10151
TGTGCC	10151
GGGATT	10122
CTGCCC	10116
TACCGA	10114
GTTCTC	10110
ATCGTC	10107
TGGCGT	10103
TTCAAC	10103
CGAAGC	10098
GTGCTC	10089
GTCCAG	10084
TTACAT	10080
GGTATC	10079
GCCTGA	10075
ACTCGT	10067
GCTGCG	10063
CGGACA	10056
TAATCT	10044
ATGTGC	10042
ACGGCA	10040
TTAGTG	10036
TGTGCA	10022
TTTAGG	10015
GTGTAG	10014
AACTCC	10003
CGGCTT	9985
GAAGTA	9981
GGATAA	9978
CGTGCC	9972
CTGTTA	9966
CTTTTA	9948
ACGCGT	9933
CTCGAT	9932
TCCACG	9931
AGATTC	9914
TTAACG	9907
TCAGGT	9897
TCTATT	9892
GTCCAA	9891
TATTCC	9879
ACCCTA	9868
CCAGTG	9866
AGAGTT	9861
CCACGT	9855
ATCTCA	9850
TATCTA	9838
GCCTAC	9827
TCACCC	9821
ACGATG	9821
AAATTC	9818
CGCCCC	9809
CCAACG	9806
CTAATT	9765
TCATGT	9754
TTTACG	9748
ATGGCC	9745
TCAATT	9745
GACACC	9743
CTCAGT	9741
TGGAAC	9730
AAGCCA	9725
AATTGG	9713
GCTGAC	9706
TCACTG	9691
CCGTTC	9691
GGTAAT	9677
GGAACC	9675
AGAACC	9667
CGCCCT	9657
CTACCT	9655
TGCGAC	9649
TTCGTA	9648
ATTGCG	9645
TCTCGT	9612
GTTCGC	9611
ATATGC	9611
CGAGGG	9600
AACACG	9596
GATGCC	9595
TCCTAG	9592
GGGTAC	9565
TTAGTT	9562
TGAGCC	9552
CGCCAC	9541
ATATAT	9534
GGAAGG	9533
CACAAG	9530
TAATAC	9529
ACCTAT	9521
ACTTAT	9515
GAGAGC	9504
AATTTG	9504
TGAGGT	9496
GACATA	9494
GAACGC	9493
CCTGCG	9493
ATAGAG	9480
GACTTG	9474
CGTAAA	9471
ACGAGT	9467
TAACGC	9455
CCCCTG	9454
TCTCTG	9453
GGGCAT	9425
GTAGCT	9425
GGATAT	9419
CCCAGC	9384
GCGTTC	9383
TGCAGC	9382
ACCGAT	9381
AGGCCG	9380
GCCAAC	9364
AGAGGG	9364
ATCCCG	9354
TCCCTA	9352
ACGACG	9339
CGAACT	9332
GCTCGA	9322
CATGTT	9320
GACAGG	9316
TTCCAG	9307
TAGATA	9302
ATAACT	9292
CATCTA	9290
TGGGTT	9287
CCCGAC	9285
CGAAAG	9282
CGAGGT	9280
TTCTAT	9265
TCCCCT	9263
CCTTCG	9251
TTGTCA	9251
CTGTAC	9248
GATGGC	9230
GGTTCT	9219
GCGGTA	9211
ACGAGC	9198
CCAGAC	9197
TGCAAT	9196
CTTTGG	9194
ATCGCG	9192
GCTTTC	9151
GTTTCA	9143
CGGCTA	9141
ACGAAG	9127
TTTTAG	9126
GTACTG	9124
GATGAT	9099
GCCCGG	9092
TGGCAG	9083
ACGGCT	9077
CATGGG	9074
ATTCCA	9064
GCAAAC	9063
TGTATC	9056
TTGGAA	9055
CGAATA	9051
CCTCGC	9032
GGAGGG	9015
GTACAC	9014
CGTCTA	8996
TAGTGC	8983
GCTGTC	8964
TAATTA	8964
TCTGCG	8954
TAGTCA	8930
GCTTAG	8926
TTCGGG	8925
CGAGTA	8918
GACCTA	8916
GTCCGC	8915
TGAGCA	8900
CGACGT	8895
GCCTTT	8886
GTCGAG	8850
TCGGCG	8849
CCTCGG	8847
GGACAC	8845
TCGATA	8831
ATCTCG	8828
GCGAGT	8828
GCGATT	8802
TCTTAG	8780
AGAGTG	8777
GCGTTA	8776
ACTTGG	8776
CGCCGT	8773
GCGCAA	8769
GTAGAA	8748
GTCGTA	8740
GAGGTT	8738
CAGTTG	8734
TCGGTA	8722
AGGTAG	8719
GTGACA	8715
CTGAGT	8714
CCTATT	8706
GTTCAC	8702
GAATTT	8701
TCCTCA	8685
CTAGAC	8675
GGTCGG	8646
CGGTTT	8640
ACGTTA	8631
CCCATT	8630
CACTGG	8625
AAGGGG	8624
CTCTCA	8624
ATACCT	8616
CTACTT	8599
GAGCCG	8568
TAGCGG	8557
TTAGAA	8557
CTGTCG	8543
AATCGA	8537
TTCTAC	8534
GTGAGA	8522
TAAGGC	8517
TAATAG	8510
TCGCTT	8506
CCCATG	8495
ATTCTC	8494
CTCCCA	8493
TCTATA	8492
CACACG	8488
TTGCCC	8479
ATTACT	8476
GCGAAT	8472
CAGTAC	8456
TCGCGT	8451
ATGGGC	8443
ACCCTT	8416
ATCCGG	8402
TTAGCG	8394
TATTTG	8392
TGCACT	8377
ATCTTT	8370
CACGAG	8342
AAAGGC	8333
CCCCTA	8332
GGACAG	8332
ATTATA	8328
GTGTGC	8327
GCGATA	8309
GTTTAA	8304
AAGCGT	8299
ACTGTG	8299
CTACTC	8295
TAGCCT	8291
GAGGGA	8290
CGCAAT	8288
ACTCTG	8285
AGTATA	8275
TTCGTG	8269
CGAGCC	8269
ACACGT	8268
TCGTGC	8262
CCAGGG	8253
GACTGG	8248
CTTTCG	8247
GTTTGT	8244
GCCTTG	8225
GCCGCG	8224
TCAGCC	8220
TCCTCC	8218
CGTTGG	8215
CGGAGT	8208
TTCCAC	8206
AAGACA	8203
CTTGGG	8195
TACTCG	8187
TCTATG	8185
CAGCGC	8174
GGCGGA	8169
ACAGTT	8168
GGGCAA	8161
CTAACG	8137
AACCGC	8134
AGAATA	8133
ACTATG	8133
GCAGTG	8119
TTAGCT	8115
TCACTC	8103
CATGTG	8093
GACCTG	8091
ATATGT	8091
TAGCGT	8088
AATCCT	8087
GAGGCG	8077
CCCAGA	8062
CAGTGC	8062
ACGTGC	8061
CGTGGC	8060
TGCAGT	8054
TACGCG	8052
GCTTAC	8050
CGACGA	8040
AGTCGT	8037
TGAAGT	8035
CAATTA	8026
CCTAGA	8023
TTGAGC	8021
TGGCTT	8021
AGCACG	8020
ACTCCA	8016
TGTCCC	8014
CTAATC	8013
TAGAGG	8011
TTATTC	7995
CTGTGC	7991
TCCCTC	7990
CCGATA	7988
CGATTG	7976
GCTGGG	7971
TGAGTG	7968
CGGTGA	7963
GGAGTA	7963
CTGACA	7962
CCAGGC	7954
CGCCGA	7948
TCCTGT	7942
AAGGGT	7937
AATGTA	7936
GTGTTT	7932
TACTTG	7920
GGAGAC	7917
GCCACT	7916
ACCGAA	7915
TCAGCT	7913
GAGAGA	7912
CTCCAC	7908
ACTTCG	7908
GCCTTA	7908
CGGACG	7902
AGTGAC	7894
AGCCTA	7891
CGTCGT	7889
GACCGA	7888
CGGAAC	7887
TTGTGG	7886
GGGCAG	7878
AGTTCC	7876
CCACGC	7864
GGAGGA	7863
ACGAAT	7858
ACGCGA	7858
TTCTCC	7857
ACGCGG	7847
CGATGC	7840
CAGTGA	7820
GTTGCC	7817
TCCCGA	7811
CCCAAG	7802
GTCTAG	7785
GAGTGT	7784
GAGAAC	7776
CACAGG	7774
CGTCCG	7773
CTAAGC	7767
GCCCAG	7760
ACGGGG	7735
ATGTCC	7729
GGGTCG	7725
CACTAC	7724
TGGGTG	7719
CGCAGG	7717
TATATT	7706
TAGGAG	7706
GCGAGA	7702
CTAGGA	7700
CATTCC	7699
TGGATA	7693
GTGCTA	7688
ACCCAG	7686
TAAGGA	7680
CTTCAC	7679
ATGGGA	7678
TAGTCG	7646
TTGCCG	7644
ACGACA	7642
GAGAAT	7641
ATGTGA	7641
ATCTGG	7630
TGAACT	7610
TGCTGT	7588
CGTCGG	7569
CGATCT	7569
CCTCCG	7567
TTGTCC	7565
TGATAG	7564
CACATG	7554
CGTATC	7528
AGAACA	7527
GGGGAT	7514
GTAATA	7511
CACAGC	7506
ACGCAT	7488
CGATCA	7479
GCCGTG	7471
CAGAGC	7457
CCCTCG	7455
GAGTGC	7452
GGTGTC	7445
TACGTG	7444
GGGGAG	7439
GAGGTG	7432
TCGCAG	7430
TGTGCT	7428
TTACCC	7427
CAGCCG	7422
AGGCCC	7421
TAAGTC	7410
CTATAA	7390
CTTCTA	7387
TGTGGT	7385
TCGTTC	7385
GCGTCG	7380
GTATTA	7360
TTTACT	7356
TAGGTG	7349
GTGTTC	7341
ATCCCT	7340
GGGTCA	7338
GCCGCA	7338
AGAGAC	7337
TGTAAC	7337
TCCAGA	7335
ACGGTA	7332
TGGTAC	7319
CTAGAA	7312
CGTCTC	7292
TGCCTC	7278
TGCGGC	7274
AAGTAC	7269
CCGTAC	7255
TCTAGG	7249
TATAGT	7246
CGCGAA	7242
CGAAAC	7227
TAGGTC	7219
TAAGGT	7215
CCCGTC	7209
CGATGG	7208
AGGAAT	7201
TATTAG	7200
TCTACC	7198
GATACG	7196
CGGGCT	7174
CAAGAC	7159
CTCCGG	7157
CCTTGT	7156
TTTCAG	7156
GTCTGA	7133
GCCCAT	7124
ATCTTC	7119
GTGGAC	7112
CGACTC	7111
CGATTC	7111
CGGGGC	7103
TCACTA	7096
TATAAG	7078
TTGGCA	7072
TTCAGG	7069
GCCCTC	7063
CCGGAG	7051
CACGCG	7046
GGACGG	7045
CATTGA	7039
CCCCAC	7030
GTGGTA	7022
ACGCTA	7020
CACGGC	7012
GACCCC	7012
GCTCCA	7009
GCCGAA	6950
GACTTA	6949
GGAAGA	6943
GGGTAA	6942
ATCATT	6934
GAGGAA	6932
TACGGA	6932
TGGACC	6919
TTCAAT	6915
CAGCTG	6915
TATGTA	6912
TGCTCT	6895
GTGAGC	6893
TTCATA	6892
AATACA	6867
ATGATA	6861
AGGGAA	6859
TAGACG	6854
CGCGCT	6851
CCTGTG	6847
GACAAT	6840
AGGATT	6840
ATTCTT	6838
CAGGTC	6837
ACGGAG	6825
TTAATT	6823
GGCATA	6819
GCTATG	6815
GATCTC	6815
CGGCCG	6808
TAGCGA	6793
GGCCCC	6787
AACCTA	6776
CGTTCG	6774
ACGATA	6760
ATCCTC	6756
TGTCAG	6752
ATTGAT	6750
TCCTAC	6746
AAACCC	6727
CCAGGA	6726
ACTAAT	6726
ACTCCG	6724
CCGCAA	6714
GTTTGC	6714
CGGAGA	6698
TGCCTT	6684
TATGCT	6684
GCCCCT	6683
TTTGGG	6678
CCTGTA	6676
ATCCAG	6673
GCCACG	6662
CGATGT	6661
GTATAT	6660
CGGCGG	6659
ATTACA	6649
TGTAGA	6648
CGATTA	6639
CTCAAG	6634
CCCATA	6633
GTAGTC	6632
TGCATC	6631
ACGCTT	6620
ATATCG	6619
AGTCGA	6614
AGACTG	6605
ATCGGC	6594
ATCGTG	6588
CTTACC	6587
GAGTAG	6577
CAGCTA	6576
TTGTAG	6572
TGGAGT	6569
CCCACA	6557
GGAGGT	6551
GCCTCG	6541
AAGCCG	6529
GCCGGA	6526
GGGAAA	6518
ATGTAA	6505
CCCTTG	6498
CCCTGG	6489
ATCCCA	6484
AGTCTT	6480
GCCTGC	6479
AGTCTA	6478
TACTCC	6473
GCTGTA	6455
TCGCAT	6452
CGCTGG	6451
AGTCCG	6448
CGTCGC	6448
ATCGCT	6440
AGGACA	6433
AATCGG	6428
ATCCTG	6421
TGTAAA	6420
GGAGTC	6412
CATGTA	6410
GGGTGA	6410
AATTGC	6394
TACTAC	6383
ATTAGT	6379
CGCCGG	6377
TGCGGT	6369
CCGCCC	6364
ATCTTA	6337
TGTCTT	6337
TACGGG	6334
CAGAGT	6323
CTTGAG	6319
GGGCCA	6319
GATTAC	6318
CCTGCC	6315
TGGCTC	6308
TGCGAG	6297
GTTAGG	6292
TACTTT	6290
CTCCAT	6287
TGCACC	6278
GCGAAA	6274
AGGACC	6259
CCGTGT	6253
ACTTTC	6230
TACAGC	6227
GCGTAT	6218
TCCCAT	6218
CTAATA	6213
CGTCGA	6204
CGCACA	6201
CGACTA	6186
GCTTCA	6181
TGAAGC	6172
TACAAG	6166
GTTCCG	6147
CGTTAC	6141
TTTCCC	6131
ACCTGG	6122
CACGGA	6120
ATTTGC	6112
ACCCGA	6110
TATAGG	6106
AAAAGG	6104
ACTCTA	6094
CAGGGG	6086
GTGAGG	6079
GAATAG	6077
GGAGCT	6068
GTAGAC	6064
CCCCAG	6063
GAGGTA	6060
ATCCTA	6060
GATCTG	6057
TCCAGT	6050
TGTACC	6045
ACTACC	6045
CGAACG	6041
GTTGTG	6040
GTGTAC	6038
AAGAAT	6009
TAGAGA	6008
TGCGCC	5980
GCCCCG	5980
TTTCGC	5977
TCTGGA	5977
CGAATC	5977
CAGACG	5962
GACGTG	5961
GCACCG	5957
TTTCGA	5955
CTACTA	5955
TTTATA	5952
TGAGAG	5948
GTCGTG	5945
GCGGTT	5944
AAGACC	5944
GGATGC	5918
TTGCGC	5911
TCGTTA	5901
TATTGT	5900
ACTACA	5894
GGCCTA	5893
ATTCGC	5892
ATTTAC	5891
GCTCGG	5859
AGATAG	5857
TGCGCT	5854
ACTATA	5850
GACGGG	5841
AGCCGA	5831
CTCTAT	5826
GCACTC	5811
GATCAA	5807
GACTAA	5780
CGGGTA	5780
TCTCGC	5772
GGGGCT	5770
GTGGCG	5761
TCGAAA	5761
CTCTCG	5753
TTGTGC	5732
GTCGAA	5727
CTAAAC	5725
TAGCTC	5719
TGTCGT	5711
GTGTCA	5702
CGACAT	5682
TTCACC	5679
CCTAGT	5668
AAGACT	5661
TAAGCG	5656
CCACGA	5654
GCGGAA	5649
GGCGAA	5648
GCACCC	5616
ACTTGT	5609
TTCCCC	5604
GAATAC	5602
CTCCCG	5588
GCGGTC	5585
CGTTAG	5577
ATCCGC	5575
TCGACG	5568
GCTCCG	5567
GTCTGG	5565
GCACGA	5564
ACGTGG	5559
GCACTA	5556
AGGTCG	5551
ACGTAA	5551
TCTGTG	5532
TCGTCC	5524
CTATGG	5521
TTGTGT	5503
GAGAGG	5490
CGGATA	5490
TACAGG	5480
CCCACC	5478
CGAGAG	5475
AGGGGG	5473
GGTCCC	5450
TACAAC	5434
TATCCG	5433
CAAGTG	5431
CTTAGA	5430
GGTTGC	5428
AAGTAG	5425
CTACCC	5419
GTCGCG	5410
GATGCG	5409
CGAAAT	5406
GCAATT	5405
GACGGA	5400
ATCGGA	5386
TGACCT	5370
GTAGTG	5367
TGTGAG	5359
CCGCGT	5356
AGACGC	5348
GGTCTC	5345
GAGTTC	5344
GGCCAA	5344
CTCATA	5341
ATGGAG	5336
GTGAAG	5283
CACCGA	5278
CGAATT	5278
ATACCC	5272
TAGATG	5266
TAAGTA	5258
GGCACT	5246
CGCATC	5213
GGTAAC	5212
TCCGTA	5210
GCTGTG	5207
TTAGGT	5197
GTACAT	5197
CCCCAT	5196
CACCGT	5191
CGCACG	5188
GGCCCT	5185
ACGATT	5177
GATCAG	5173
AAGCTT	5159
GGGGAC	5157
TCTGTA	5155
GGGCCG	5148
GTCGTT	5140
CGACAC	5137
TAGAGT	5112
TGTTCG	5112
ATCGAG	5091
AAGCCC	5082
GGTGAG	5065
ACCCAA	5062
CCTCGA	5043
AGTGTA	5039
GGGACG	5038
TTACGG	5038
CTCTGG	5029
AAAGGG	5019
CCGCTA	5009
ACTAGT	5008
ATTCGT	5007
TATAAA	4988
TTACAC	4976
TCGGTT	4972
GGTGAA	4972
TTACGC	4970
AAGTCG	4963
CTAGGG	4963
TAGCGC	4949
AATTCG	4939
GCACGC	4925
GTTACC	4917
CCGGCT	4908
TACGCC	4902
CCGGTG	4897
TGTGTT	4895
TGTAAT	4894
GAGCTA	4869
TGTGAA	4864
CACTTG	4862
TCCGCT	4860
CCCCGG	4849
TGGCCC	4836
CTTCGT	4829
GAGTTG	4819
GCGTGC	4800
ACCTTA	4795
AGCTCG	4775
CTCGAG	4762
CCCACT	4759
AGACCG	4750
TGGGCC	4745
TCTGAG	4743
TTCGAC	4741
CCCCGA	4740
GTACCG	4701
GGGCTA	4697
TATTCG	4695
CTCTGA	4695
TAGGCG	4688
CATCGG	4682
CAGATC	4681
TTGCGG	4677
TGATAC	4675
TCCGCA	4673
TAGCTG	4669
GAGGGC	4666
ATAGGG	4657
GGACCC	4641
CGATAT	4636
CCGGGC	4634
TAGTGG	4631
CACGAT	4623
TCCACC	4621
GAGTCG	4607
TTTCAA	4603
GGGGTA	4599
ACTTAG	4593
GCGTCT	4581
CGAGTC	4580
CCGGAT	4569
GTAACG	4556
AGTCCC	4540
CTGAAG	4536
GCCTAT	4531
CCGCTC	4526
TCGAGC	4524
GAAACT	4507
TACTGG	4496
GGGGCC	4491
GGGGGG	4486
TCTCCG	4485
TAGAAG	4466
GAGTGA	4423
TTGAAA	4423
TACCTA	4411
GGCTGA	4401
ATTCCT	4398
TACATG	4384
TCGTCG	4379
GGCAGT	4376
CGTGCG	4353
TCGACT	4349
GGAACT	4339
GACAGT	4333
GCTATC	4331
CTCCGC	4320
CTCAGA	4309
TCCCAG	4301
GTGAAT	4298
CGCCCA	4296
GGATGT	4294
CACCCG	4289
CTGGGC	4279
ACGTCC	4268
GAGAGT	4268
TCCGCC	4256
GAGTCC	4256
ACGGGA	4253
GGGTAG	4253
TAGTGA	4248
CTGTAT	4247
TAACGG	4241
TTCGCG	4238
GGGACT	4224
TCACCG	4220
TCTCGA	4209
GCCGGG	4205
TAAGAC	4197
GAGGGG	4191
ATCTCC	4176
CTAAGA	4160
GGTCGA	4151
TACATT	4144
AATTCC	4137
GGAATA	4133
AGATCC	4117
GATAGC	4113
AGATCA	4098
ACCTCG	4086
TGTCCT	4080
CTTTCA	4078
CGCGGA	4069
CCGGTC	4066
CCTGGA	4061
GTTAGC	4056
CGACCG	4054
CCCGTA	4037
AGACTA	4036
CGGATC	4022
GCGCGT	4004
CTGATC	4001
AGCTAG	3992
GGTCCG	3992
CCTATA	3990
CGCCTA	3990
CCCCCG	3990
GAGGAT	3986
TCGTAA	3970
TAGCCC	3968
AAGTTC	3964
CCCCGC	3963
GTGTGG	3959
CCTTGG	3955
TCGATT	3952
TCCGAG	3949
GGTGCC	3949
CCTCGT	3943
TGTACG	3931
TGTTGT	3928
GGAGCG	3913
TAAGGG	3910
GTCTTA	3904
TCGGCT	3899
TCCGTG	3897
TCGAGA	3896
CGTAGA	3878
TTCACT	3877
TCTAGA	3874
GTGAAC	3865
ACACGG	3864
AGTTTC	3860
AGTTCT	3848
AGATCT	3842
CGGATG	3835
GGGTAT	3821
TTCTAA	3797
TGTATT	3791
GATTCG	3784
ATCCGA	3766
GATCCG	3752
GTGGAG	3751
CGCACC	3746
GTCCGA	3725
TGAGCG	3715
GGCTAC	3706
CGCATT	3706
GGTAGT	3696
AAACCG	3695
ACGGAT	3694
TGATCC	3689
ACGCCT	3686
TTTACA	3682
CCGCAG	3671
GTACAA	3661
GTTACG	3658
TCCCAC	3657
CCGCCG	3657
CGAGCT	3652
TGGGCT	3650
TGGAAT	3648
TGATCA	3640
CTTAGT	3623
GATGTC	3621
ATTTCG	3619
CGGGAC	3614
ATGATC	3613
GAGGTC	3609
GATCCC	3609
CCGAAA	3604
AGCCGG	3599
TACGGT	3581
CTCACG	3577
GTTTAG	3570
GGGGGT	3568
GCCCAC	3568
ACCGAG	3566
GTTCCC	3558
GGCACC	3550
TAATTG	3549
TATGGG	3548
GCGTAA	3544
GTCCCA	3537
CCGGCC	3531
GTGGAA	3530
TTTCGG	3522
GCCCTT	3494
CTAACA	3488
CCGTGC	3476
GTGCAA	3463
AGAACT	3437
AGACGT	3433
GCGTAG	3429
TCGTTT	3428
TGTGTA	3427
CGTGTC	3421
ACGCGC	3392
TCCGGC	3385
CACTAG	3384
GAGATC	3384
CCTGGG	3361
GGGGTT	3356
TCTGGG	3342
GGACCG	3333
CTTCGC	3328
GCGCAC	3324
GAGCGG	3322
ACCCGG	3321
TGACTG	3321
TAAGCC	3251
TCTACG	3237
TTCGGA	3233
ATCGAC	3232
GAGCAA	3222
CAACGA	3219
CCGATT	3205
ACTCGG	3191
TAGGCC	3191
TAGCCG	3189
CATCGA	3180
GCCCAA	3175
GTGGTG	3150
ATTACG	3147
GTTTCG	3132
CTGTGG	3113
GTCCTA	3090
CGCGAC	3089
GGAGCC	3083
CCCGCA	3056
CGAGGA	3051
CCGCGC	3049
CGTTGT	3042
TGTAGT	3040
TAAGAT	3040
GGCCGA	3032
TCCGCG	3024
TGATCT	3009
CTATAT	3002
CAAGGG	2989
GGCCCA	2981
GGCTCC	2967
TAACTC	2962
GGATCT	2958
TCCAAT	2950
ATTCGA	2944
TAGGTA	2923
TCCCTT	2921
GTACTA	2919
TTAGGC	2905
TTGGCC	2882
AACCCG	2878
ACCGTA	2862
TCGGGG	2862
CTCGGA	2848
CTAGCA	2823
GGATCA	2817
ACGTCG	2813
GGGTTT	2809
TCCCTG	2808
GCGGAG	2799
GGGTGG	2795
GGGTTC	2792
TCCGTC	2775
TAGATC	2774
CTACGC	2764
GGATAG	2754
TCGTGG	2753
CATCCG	2750
GACACG	2750
GATAGG	2748
TCCGAT	2735
CTCGAA	2730
TGTAAG	2725
CTTACA	2701
GGGAGT	2695
ATATAG	2692
GCCCCA	2664
TGGAGC	2661
GATCTA	2660
GTCTTG	2660
ATGCGT	2659
CTTCCG	2655
GAATTC	2651
GGCTAT	2649
GTACTC	2646
GAGCCC	2631
TTGTCG	2628
GGTGAC	2622
AATTCT	2613
CTAGAT	2598
CTATGC	2573
ATCGAT	2563
TAGACT	2556
CCCGAG	2524
GGGAAC	2522
GACCCG	2518
CTAGGT	2510
CGAGAC	2508
CCGACA	2506
GGGGCA	2506
TAGTTC	2494
TGGATC	2489
AGAATT	2482
CTGGGG	2470
CGCACT	2458
TCGGGT	2457
GAGCTC	2453
GGGGTG	2450
AACTCG	2443
ATTCCC	2439
TCCAGG	2421
ATCTAC	2417
GCCCTA	2399
GCCAGG	2371
GAGACG	2365
TCCTCG	2355
GTCGGT	2354
TCGATG	2347
GACGTA	2346
GTCCCG	2343
CTAGCT	2334
ACTCGA	2327
CTAGTC	2312
CTATAC	2311
TATAGC	2305
GCGAAG	2299
TCCCGG	2292
TGCGAA	2286
AAGGGA	2285
TATATA	2277
CGAGTT	2275
AGTGCG	2253
TCTAGT	2232
TGTATA	2222
TCCGAA	2215
TAGTTA	2214
TCACGG	2208
GTGTAT	2198
CCTTAG	2194
AATCTA	2187
TGGACG	2186
ACCTAG	2185
TGGGCG	2183
GGTGGG	2177
CGGGCG	2176
ACCACG	2161
TCGAAT	2157
ATACGG	2152
CCGTGA	2135
GTTCTA	2121
GGGAAT	2118
AACGGG	2110
TAGAAC	2093
CACGGG	2091
CTAGTG	2087
GGATTC	2069
GCCCGC	2053
GGAACG	2049
TGTGCG	2046
GATTCC	2033
TCTATC	2030
ACCGAC	2021
GTAGGG	2014
GACCGG	2007
TCGCTC	2005
GTCGAT	1993
GACTAG	1988
CTTGTA	1981
TGCGGG	1970
ATTCTA	1965
TTCGAG	1959
CGTATA	1923
GTGTAA	1922
CGCTAT	1919
CCGCAC	1918
CGATAG	1913
GATATA	1911
CCGTCG	1899
AGGCGA	1896
CGGGAA	1883
GGTGTA	1873
ATGGGG	1864
TTGCTC	1851
TAGGTT	1844
GTGGGT	1839
CTCTAG	1817
TGATCG	1798
GATAGA	1785
GGGATC	1770
CGTAGC	1767
ACGTCT	1766
ACGGTG	1761
CCCACG	1758
TGTACT	1755
GAGATA	1749
CCGTTA	1738
CGGGGG	1734
TGTTAG	1732
CGAATG	1728
TAACTA	1727
AAGGGC	1724
GGGATA	1713
ACTACG	1703
TTGATC	1703
CTACGT	1682
GCTAGC	1669
CGCTAG	1666
GGAATC	1654
ACCGGG	1641
TCCTGG	1617
GCTAAG	1614
CGACGG	1611
GCTATA	1609
ACCCGT	1600
TAGTCC	1590
CGGGGT	1572
TAGATT	1566
GCCGGC	1557
TCCCGC	1555
ACCGTG	1549
GCCCGA	1549
GCTAGG	1534
CCGATC	1529
ATCTAG	1498
GTCTCG	1497
TCTAGC	1485
TAGCTA	1467
CGGAAT	1464
CCGGGA	1442
CGTAGT	1400
GTATAG	1398
CGTGGG	1380
TGCTAG	1377
GTGGGC	1365
GTGGGG	1356
CCCGCG	1356
CCGTAT	1343
NCAGAA	1323
GGTGCG	1316
CCGAAT	1312
TATACG	1306
TCGGTG	1288
TGTGGG	1272
GTACGA	1254
TTGTAC	1249
GGATCG	1239
GGCCGG	1237
GCTAGT	1184
CCGGTA	1172
CTTAGC	1157
TAGGCT	1148
GAGTAC	1140
GCTAGA	1140
TCCTAT	1132
CTAGGC	1115
CGTAAG	1113
CCTACG	1112
GCCTAG	1106
TTGTAA	1106
TGTCGG	1091
GAGCGA	1083
TCGTTG	1083
ACGTAG	1075
TCGATC	1071
TGTCGA	1069
NCAAAA	1023
NCAAAC	1017
GAGTTA	1013
GCGGGC	1010
ACGATC	994
NGGTCT	991
CTAAGG	983
CCGTAG	971
CCGGAA	964
GGCGGG	963
ATCGGG	958
GTGTCG	944
GTTCGG	942
ATTCGG	940
CTCGTA	900
TACTAG	885
ATTCCG	884
TAGGGC	882
NGGTCA	877
GTGCGG	877
GCGGGA	873
GGCTCG	862
CTAGCG	841
TCCGGA	838
NCATTC	836
TACGTC	817
NCAAAT	815
GCGGGG	814
TCGCGC	758
TACGGC	755
TACCGG	749
TAGGGG	748
GCTACG	744
NCAGCA	727
NGTAGC	725
ACGGGT	722
TCGTAG	707
NCACAC	692
NAAAAT	684
NCATTA	675
NCAACA	673
GGCGCG	670
CTCGGG	660
GCGGGT	648
TTGGGT	636
TACGAT	634
NCATCT	618
NAACGG	614
TTGGGC	613
NTAAAA	610
NCATTG	610
NCATCA	599
NAAAAG	599
NCAAGC	594
NCATGC	593
TTCGCA	592
NCATAA	589
TCGAGT	588
NAAACA	581
NCAAGT	576
NATCAA	544
TACGAG	539
NCAACG	531
NCATGA	510
NGGTAC	507
NAAAAC	499
NACCAA	495
NATGAA	494
NGTAGA	494
NCATCC	486
TACGTA	480
NACCAT	476
NATACA	475
NATGAT	466
NAACAA	465
NAGAAA	462
NAAATA	461
NCATAT	461
NAAGCA	460
NATCAG	452
NAAAGT	450
NACCAG	448
NCAAGG	447
NCATGT	446
NGCCAG	443
NGGGCC	443
NCAATG	441
NGTTAT	441
NGGTTC	440
NACTCA	440
NATCTC	436
NCAATA	435
GCGCGA	435
NGAAAA	434
NATGGT	433
NAACAT	432
NATAAA	428
NCTCTT	426
TCCGGG	424
NATGAC	419
NCCAAA	414
NATCAT	413
NTAAAG	412
NAAGAA	407
NCACCA	407
NCTTTT	407
NAGCAA	404
NTCAGC	398
NCTTTA	393
NACTGC	384
NTTCTG	383
NTGCTG	380
NAATAA	379
NTCTCT	376
NTCAAC	374
NAACAG	373
NAATGC	372
NACAAA	370
NTGTCT	370
NAGCAG	370
NAAAGC	370
NGTCAA	368
NAGAAG	368
NATTAA	366
NAATCA	364
NGCCAC	363
NACATT	361
NAAATT	361
NACTCC	358
NATAAC	356
NACCAC	355
NATTTT	354
NAAAGA	353
NTATGG	353
NTTGAC	353
TTCGAA	352
NATAAG	352
NCTGCA	351
NAATGA	349
NAACAC	347
NAATGT	345
NGGGTT	343
NACCCT	342
NTTTGA	341
NATTGC	338
NACCTG	338
NCCAGC	338
NAAGGA	337
NGTAGT	337
NAACGT	336
NCTGGT	336
NTAGCA	333
NATTCA	333
NCAACC	333
NTGCAA	333
NGATAA	332
NGGTGC	331
NATACC	329
NCAGAC	328
NTTTTG	328
NTTTCT	327
NTCAAT	326
NGCGGC	325
NGCTGC	324
NAGCAT	324
NGCCAA	323
NCTTCC	322
NTTGTT	322
NACCTT	320
NTTAAT	320
NAACTG	319
NTAACC	319
NTTATC	318
NCTGAT	317
NGCAGA	317
NGGCAT	317
NATAAT	317
NTATTT	316
NAAGAG	316
NTAATG	315
NCAATC	315
NATGCA	315
NGCTTT	314
NCAACT	314
NTATCA	314
NTGATG	313
NACTGT	313
NGGCCC	312
NTTTTT	310
NGAAAC	310
NGAACC	309
NCATAG	309
NCAGAG	308
NGTTTA	308
NGACCA	308
NCAGTA	306
NTGATT	306
NAAAGG	305
NGCTCC	305
NCTCCT	303
NATCCA	303
NTTCAG	303
NTGTCA	301
NCTGCT	298
NACTTT	298
NACAAC	297
NTTAAA	296
NGTATG	296
NAAACG	295
NTACTG	294
NGTTGA	294
NACACT	293
NCACTT	293
NCTGAA	292
NTTGCT	292
NGCAGC	291
NGAAGC	291
NATGCT	290
NTGACG	290
NACATA	290
NTTGGT	288
NAGCAC	288
NCAGCT	288
NTTTAG	287
NAAGTG	286
NACTTC	286
NTAAAC	285
NGGCCT	284
NTTGAA	284
NCCTCC	284
NGGAAA	284
NAGCTT	283
NTTTGG	283
NGTCAG	283
NTACCA	283
NGCAGG	282
NTATTG	281
NCTTGC	281
NAGACA	281
NGATTG	281
NACTGG	281
NGGTTA	281
NTCCAT	281
NGCCTG	280
NAATAT	280
NTGAAT	280
NGCAAT	280
NATTTA	279
NTCCTT	279
NTAAAT	279
NGGGTA	279
NAAGAT	278
NTCTGC	278
NAAACC	277
NTGGTC	277
NGCATT	276
NATGGC	275
NGTCCT	275
NGGCTG	274
NAGGCT	274
NCTCCA	274
NCTCAA	274
NTAATA	272
NTATGT	272
NAGGGT	271
NGCGTT	271
NTTCTT	271
NATCCT	270
NGGTTG	269
NCCATA	269
NCAGGT	269
NTCTTT	268
NTTTCC	268
NGTCTG	268
NGCTAA	267
NCAGGA	267
NTGCTT	266
NTTCAA	265
NTCATG	265
NTATGC	265
NCTTCA	265
NAATTT	265
NCTGAC	265
NCCAGA	265
NAATAG	264
NTAATC	264
NCTTAA	264
NAAGCT	264
NATTTG	263
NCCTCT	263
NCTAAA	263
NGTTGG	262
NTCAAG	262
NCACCT	262
NCTAAT	260
NTGCAG	260
NATGTT	257
NTCATT	257
NTGGTA	257
NCAGCC	256
NGGCAG	256
NGCTGG	256
NGAATC	256
NTCAGG	256
NAAATC	256
NGCTTG	256
NCACAA	256
NGCCCA	256
NAATCT	255
NACAGA	255
NGCTCA	255
NTCAGA	254
CNAGAA	254
NCAGTT	253
NAGGAA	253
NTTAAG	253
NTGCCA	253
NTAGTT	252
NATCCC	252
NGCCTC	252
NTTCAT	252
NGTTTT	252
NTGCAT	251
NACGAA	251
NTATAA	250
NACGCA	250
NGAAAT	250
NGATGA	250
NGCGTC	250
NCACAT	249
NAACGC	249
NTTAAC	249
NTCCAA	249
NCGTCA	248
NCCATC	248
NTGAGT	248
NATTAT	247
NTTGCA	247
NCCTTC	247
NTTTAT	247
NAGCCT	246
NTCTGT	245
NATTAG	245
NCTCAT	244
NATCTG	244
NACGCT	243
NGCTTC	243
NGTTCA	243
NACTAA	243
CNGTCT	243
NGCGTA	242
NTCTGA	242
NGATAT	242
NTCTTG	242
NTGTCC	241
NTTTAA	241
NAGCCA	241
NAAGTT	241
NTTTTA	241
NTATTA	241
NGCGCC	240
NTTGAG	240
NCCAAG	239
NGATTA	239
NATGTG	238
NGAGAT	238
NAGATT	238
NAGCGT	238
NCCATT	237
NCTCAC	237
NCCTTT	237
NTCAGT	237
NGGTCG	237
NTAGTC	236
NGAAGT	236
NCCATG	235
NACGGC	235
NAGATG	235
NCCACC	234
NTTGAT	233
NAACCT	233
NGCGAT	233
NAGAGC	233
NATATT	232
NGGTAA	232
NACCCC	232
NTGTTT	231
NAAGTC	231
CNGTCA	230
NCAGTC	230
NACCGC	230
NCACAG	230
NCACTG	230
NAGTAA	229
NGAATG	229
NAATTA	228
NGCCCT	228
NTGATA	228
NAAACT	228
NGCTCT	228
NACATC	228
NTGGCG	228
NGCTGA	228
TCGCGG	227
NGGGGC	227
NCTTAT	227
NTGAAC	226
NACGCC	226
NCAATT	226
NATGGA	226
NAGAGA	226
NGGCGG	226
NGAACA	226
NGACGA	226
NAGAAC	226
NGCATC	226
NGGAGG	225
NGCAAA	225
NTGAAA	224
NTTTAC	224
NGCGAC	224
NTCACC	224
NAGTCA	223
NCTGTT	223
NATTGG	223
NAGCTG	223
NGGTAT	222
NTAAGC	222
NAATCC	222
NGAAAG	222
NCTCTC	221
NGAGGC	221
NCGTTT	221
NAACTT	220
NGATTT	220
NGTAAT	220
NACGAT	220
NAAGGT	220
NACTAT	220
NTAACA	220
NTTGGC	220
NTTATT	219
NGTATT	219
NCTTTG	218
NTTTGT	218
NATTTC	218
NGCGCT	217
NCCAAC	216
NCTGCC	216
NTCTCC	216
NAGCTC	216
NGCCCC	216
NATGCC	215
NCCCTG	215
NCCGTT	214
NCTCAG	213
NGGCTC	213
NGATGC	213
NTCATA	213
NCCTGA	213
NTTTTC	212
NGAGAA	211
NCACCC	211
NGAAGG	211
NATAGC	211
NAATGG	210
NACAGC	210
NGACTC	210
NAGTCC	210
NTGACC	210
NTAGAC	210
NAATAC	209
NCCCCT	209
NTTCTC	209
NATAGT	208
NGTTCC	208
NAACCC	208
TNAAAA	208
NCACGC	207
NGCCGT	207
NACGAG	206
NTCACT	206
NGAGAG	206
NGCAAC	206
NTGCTC	206
NGGTTT	206
NCTTTC	205
NTCCTG	205
NCCTGC	205
NGTGGC	205
NCAGTG	205
NGTGTT	204
NCACTC	204
NACAGT	204
NTAGAA	203
NGAGCA	203
NGAACG	203
NATACG	203
ANTAGC	203
NGGCGT	202
NGGCAA	202
NTAGTG	202
NGCACA	202
NGTGTG	201
NGACGC	201
NATTGA	201
NGTAAA	201
NCTACA	200
NTTCCA	200
NTATCT	200
NTTCCT	199
NGTCAT	199
NACAAT	199
NGGTGA	198
NGGGAC	197
NAAGCG	197
NAGTAG	197
NGCCTT	197
NGCGGT	196
NGACTG	196
NTGGTG	196
NTGGCT	195
NTTACC	194
NATAGA	194
NGAAGA	194
NATCTT	194
NATATG	193
NGTGAC	193
NGGCCA	192
NATTCT	192
NCTTGG	191
NATTAC	191
NTTAGC	191
NGTCGG	190
NCCACT	190
NCTACT	190
NCAGGC	189
NCCAAT	189
NTTGTA	189
NGCGAG	189
NTGAGA	189
NAGGAG	188
NTGTTC	188
NCTTCG	188
NGATTC	188
NGCATG	188
NCCCTC	188
NCACTA	188
NTATAT	188
NTCACA	188
NGCTGT	187
NCTACC	187
NCTCCC	186
NACAGG	185
NTGGAT	185
NCTGTC	185
NTACTC	184
NGGAGA	184
NTGGCA	183
NCTTGA	183
NGAGTC	183
NGGACC	183
NGGCAC	183
NGACAT	182
NGACCT	182
NGCATA	182
NGTCCA	182
NATCGC	182
NTTAGA	182
NGACGG	181
NGGCGA	181
NGTTGC	181
NGGACT	181
NAGGCC	180
NCCTCA	180
NTAACG	180
NGCCGC	180
NTGAAG	180
NGTGGT	180
NAGACT	179
NAAGCC	179
NGGGAG	178
NAAGAC	178
NAAGGC	178
NGTCAC	178
NGCAGT	178
NTCGTC	178
NAGGTA	178
NGATGG	178
NACAAG	178
NTTGCG	177
NCATCG	176
NAGCGG	176
NACTTG	176
NACACC	175
NAACTC	175
NTAGCC	175
NTTGCC	175
NTGGAA	175
NCGACT	175
NTGACT	174
NACGTG	174
NGTTCT	173
NGTAAG	173
NGTTTC	172
NTGACA	172
ANAAAT	172
NGTACG	172
NAACGA	172
NCGAAG	171
NTTACT	171
NTATTC	171
NCTGTA	171
NGAGCC	171
NACGGT	170
NTACCT	170
NCGGCA	170
NGCTAC	169
NCTATT	169
NGGAAG	169
NCCTTG	169
NCGCTT	168
NTGAGC	168
NAAGTA	167
NCGGTT	167
NAGTTG	167
NTGTGT	167
NGACCC	167
NATGTC	166
NTCTCA	166
NTGCGT	166
NTAGAT	166
NGACAG	166
NCGCAA	165
NTTGTG	165
NACGGA	165
NTTTGC	165
NGTTAC	164
NTAAGA	164
NGCGAA	164
NTTAGT	164
NTAGAG	164
NCACGT	163
NTACTT	163
NGGCTT	162
NGTCTC	162
NACGTC	162
NCGGCG	162
TNAAAC	161
NTCGGC	161
NAGGAT	161
NGGGAA	160
NGTGCA	160
NAATTC	160
NAACCG	159
NTAACT	159
NGGGCT	159
NCGTGT	159
NTACAT	158
NATGTA	158
NCTGAG	158
ANAAGC	158
NGACAC	157
NAGGCG	157
NGCACC	157
NTCCAC	157
NAGATA	157
NGATCC	157
NGGATG	157
NCGTTC	156
NTCTGG	156
NAGGTG	156
NCCTTA	156
NTACCG	156
NGGATT	156
NGGAAC	155
NCTCTG	155
NGTGTC	155
NCTCTA	155
NAGCGC	155
NCAGGG	155
NAGAGT	154
NGTAAC	154
NATATA	154
NGAGTA	154
NTCTTC	154
NCTGGA	153
NAGGTT	153
NCCTGT	153
NTTATA	153
CNCTCC	153
NGATAC	153
NTATAG	152
NGATCG	152
NTATCG	152
NCCGTC	152
NACCCA	152
NCCCAA	151
NGATGT	151
NTGTTA	151
NCCGCT	151
NCGTTG	150
NAGTGG	150
ANAAAA	150
NTGAGG	150
NTCCTC	150
NTACGG	150
NGTATC	150
NACGCG	149
NACTTA	149
NATTGT	149
NCACGA	149
NAGTGC	149
ANAAGT	148
NACTAC	148
NAGACC	148
NACCGT	148
NCGCAT	148
NCTAAG	148
NGTTGT	148
NCGCCT	147
NGTCCC	147
NGTCTA	147
NACGTA	147
NAGGAC	147
NGGCTA	146
NTGCTA	146
NCCGCC	146
NAGTTT	146
NTCTAT	145
NTGGAC	145
NAGAAT	145
NTTAGG	145
NGCCGA	145
NCTGCG	145
NACCTA	144
NTTGGG	144
NCTTAC	144
TNAAAT	144
NCGAGA	144
NTCTAA	144
NTAAGG	143
NGGAGC	143
NGGGTG	143
NTCCAG	143
NGAGGG	143
CNCTCT	143
NGAGGA	142
NAACTA	142
NCGCTC	142
NTGCCG	142
NTACAC	142
NGAGGT	141
NCGTGA	141
NGTCTT	141
NGTCGC	141
NACCGA	141
NGAGCG	141
NTCACG	140
NCGAAC	140
NATAGG	140
NCGATG	140
ANACAC	139
NTAGGA	139
NTACTA	138
NTAATT	137
NACATG	137
NGAGCT	137
NTACGC	137
NAGGTC	137
NTCCGC	136
NATGGG	136
NCGCAG	136
NGTGCT	136
NCCACA	135
ANAAAC	135
NCGTCC	134
ANCAGC	134
NGCGGA	134
NGGTGG	134
NATCGG	133
NTCCCC	133
NGGGGT	133
NTAGCT	133
NGTACC	132
NGGATA	132
NTTCAC	132
NGTGCC	132
NAATTG	131
NCTTGT	131
NAGAGG	130
NTGTAT	130
NTCCCT	129
NCGATA	129
CNATTC	128
NTGTAG	128
NAGTCT	128
NCCAGT	127
NGGACA	127
NCGAAA	127
NTACGT	127
NCGAGC	127
NCGTCT	126
NGGGAT	126
NGAGTG	126
NTGGAG	125
NGGGCG	125
NGGTAG	125
NAGTCG	123
NTAGGG	123
NGACGT	123
NCGGAA	123
NTGGGA	123
NCCCAT	123
NGGGCA	122
NTAGCG	122
NAGCGA	122
TNAAGT	122
NCGAGT	122
NGTCGT	122
NGAATA	121
NTGCCC	121
NTACGA	121
NGTGGA	121
NGTGAG	121
NTATAC	121
NATGCG	121
NTTCGT	120
TNAACA	120
TNATGG	119
NTCCTA	119
CNATCT	119
NCCCTA	119
NGCGGG	119
NCGTAC	119
NACACG	118
NGAATT	118
NGTTAG	118
ANAATG	118
NGCTAT	117
NTCGTG	117
NCGCCG	117
NGAGAC	117
CNGTTC	117
NTTCGG	116
NAGTGT	116
NCCCGT	116
ANGGTT	115
ANAACG	115
ANACCA	115
ANACAT	115
CNATTA	115
NTGGCC	115
CNATTG	115
NTAGGT	114
NGCACT	114
NGCCTA	114
ANCAGA	114
NCGACA	114
NTCTAG	113
ANTGGT	113
NTCTTA	113
ANACGG	113
NCTCGC	113
NCCGTA	112
NAGGGA	112
NTCGGT	112
NCGTTA	112
NTGCGG	112
ANATGC	111
ANCCAA	111
NTCGTT	111
NCGTAT	111
NGGATC	111
NAGTTA	111
NTCGCA	111
TNAAGA	110
NCCGGC	110
ANTAGT	110
NCTCGG	110
NTGTGC	109
ANAACA	109
NCCCTT	109
NGTTCG	109
CNACCA	109
NTCTAC	109
ANATAA	108
CNTTTT	108
ANAAAG	108
NCGACG	108
NCGGCT	107
NGGCCG	107
NCCCCA	107
NGAGTT	107
NAGCCC	106
NTTTCA	106
CNCACA	106
NCGTGC	106
CNGTAC	106
NTTTCG	106
ANGGTA	106
NGGAGT	105
TNAACC	105
NTCGCT	105
NTGTGA	105
NTACAA	105
NCCTAT	105
NTAGGC	104
NCTCGT	104
NGACTA	104
CNTCCT	104
NTGTGG	103
TNAATG	103
CNGCAT	103
NAGACG	103
NGGACG	103
NTTCCG	102
TNCAAA	102
NCCGAA	102
NCTATG	102
GNTTAT	102
TNAAGC	102
NGTATA	101
NATCCG	101
NGTCCG	101
NTACCC	101
ANAATA	101
NCCCAG	101
NCTCCG	100
TNAGCA	100
ANCCAC	100
NCCTAC	100
NCGCAC	100
TNTTGA	100
ANAGCA	99
NAGCTA	99
NTGCGC	99
NTGTAA	98
NTCGAT	98
NGCACG	97
CNTACA	97
NCTGTG	97
ANTAGA	97
NTCCCA	97
NTCCGG	97
NGTGAA	97
CNAAAT	96
TNTCAA	96
NCCGCA	96
ANCTGC	96
ANCAAT	96
CNATAA	96
NGAACT	95
GNATTT	95
CNATGT	94
NCTTAG	94
NCGCGT	94
NAGTTC	93
CNGCGT	93
GNAAAA	92
ANAGAT	92
NATTCC	92
ANTCAA	92
NGCTCG	91
GNAAAG	91
NCGGTA	91
TNCTGC	91
NCGGTC	91
ANCATA	90
ANATCA	90
NACTCG	90
NCCGAC	90
TNAAGG	90
NTCGCG	89
ANTGAC	89
CNTAAT	89
NGACCG	89
NTCGAA	89
NCGCTA	89
NTTCTA	89
CNCCAG	89
NATCTA	88
CNGCAA	88
CNAACA	88
TNTTTA	87
NGTACT	87
NTCGGG	87
ANTGTT	87
TNCCAT	87
ANGCAG	87
NTCTCG	87
CNTCTG	87
CNATCC	87
ANCTGT	87
ANCTTG	87
NCCCAC	86
ANCATT	86
ANGTTT	86
CNTTAA	86
CNGAAA	86
NCCGAG	86
CNAGCA	85
NCCACG	85
ANGAAA	85
NCGAAT	85
ANATTT	85
TNTGTT	85
NAGCCG	85
NCGATT	85
ANCAAG	85
TNACCA	85
NCTGGG	85
NTTCGC	85
NTGTAC	85
ANTAAG	85
TNCTGA	85
TNATGC	84
CNTTCT	84
ANGCTC	84
NAGGGG	84
NTTCCC	84
GNAGAA	83
NCACCG	83
CNGCCC	83
CNCCCC	83
CNAAAC	83
TNATAA	83
ANTAAT	82
NATCGA	82
ANTGAA	81
ANTGAT	81
CNTCAA	81
NCCGGA	81
NCTCGA	81
TNTTTT	81
CNTTCA	81
TNTTCA	81
CNTCCA	80
ANAGAG	80
ANGCAA	80
TNAATC	80
CNTGAA	80
GNCATT	80
GNTTTA	79
ANCCAG	79
NCGCGG	79
GNTGAG	79
CNATCA	79
ANCACC	79
NCTATC	79
ANAGAA	79
ANTTGG	79
NTTACA	78
NCTAGA	78
CNCCAA	78
ANCTTT	78
ANAGTC	78
ANGAGT	78
NTTCGA	77
TNATCA	77
NTCGTA	77
NACTAG	77
NAGTGA	77
ANATTA	77
TNATTT	77
ANAACC	77
ANAGGT	76
NAGATC	76
CNCATT	76
ANACTC	76
TNAGAA	76
ANGTCT	76
NACCGG	76
ANTATG	76
GNCAGA	75
TNTTAT	75
CNGAAT	75
ANTGCT	75
CNACTG	75
AGNAGC	74
NGCGCG	74
ANTGTG	74
ANATGA	74
ANATAT	74
NGGGGG	74
ANAGAC	74
ANTTAT	74
CNACTT	74
TNTAGG	74
CNACAA	73
NTTACG	73
NCGGCC	73
TNTGGC	73
ANGAAC	73
ANCCTG	73
NTCCCG	73
NGATAG	73
TNTGAT	73
ANGCAT	73
NCCTCG	72
NGTGTA	72
NACCCG	72
CNGAAG	72
ANGCTG	72
CNGCAG	72
NCGCCC	72
GNCAAC	72
CNTGCA	72
CNTCTT	72
GNCAGC	72
NGATCA	71
NTCGAG	71
NAAGGG	71
ANCTGG	71
CNGCTT	71
CNTCAC	71
ANTAAA	71
ANGATG	71
ANAGTT	70
ANTATT	70
GNCGTC	70
NAGGGC	70
TNTCCT	70
ANATTG	70
CNGGCC	70
NCTATA	70
ANCAAC	70
ANCCTT	70
CNTTGC	70
ANTCAG	69
NCCTAG	69
CNATAC	69
CNGCTG	69
TNTGTG	69
NCGTCG	69
CNGCCA	69
GNTATT	68
CNAAAG	68
NCACGG	68
CNATGA	68
ANCAGG	68
CNCTTT	68
GNAATA	68
TNGGTC	68
ANATCT	68
TNTCCA	68
ANCCCT	68
ANCGGC	68
CNCCTT	67
TNAACG	67
NGGAAT	67
CNTGAC	67
NACGGG	67
GNAGGA	67
TNATAC	67
GNCATG	67
GNCTTT	67
NAGTAC	66
NCCCGA	66
CNCAAA	66
NCCAGG	66
ANAGGA	66
ANGGCT	66
GNTTAA	66
TNCTTG	66
TNTCAG	66
CNCTGC	65
GNAACA	65
ANTGCA	65
ANGACT	65
ANGGCC	65
CNTGCT	65
TNTCTC	65
CNCTTC	65
TNTGGT	65
TNTCTG	65
NCGGAT	65
TNATGT	65
CNTTTA	65
TNAATA	65
TNTTAA	64
GNCGCT	64
CNCGTT	64
ANCGTG	64
TNTTGC	64
ANGAGA	64
GNCTCA	64
ANGAAG	64
GNACTG	64
CNTAAG	64
ANGGTG	64
GNTGGT	64
ANAGCT	64
CNTTAG	64
TNATTA	64
CNAAGA	64
CNGCCT	64
TNGTCT	64
TNTCTT	63
ANCACT	63
CNTAAA	63
ANAGTG	63
ANCGAA	63
TNTGAC	63
GNATGA	63
NTCGAC	63
ANAGCC	63
NCGTAA	63
ANCATC	63
TNCTGG	63
NCCGTG	63
CNGTTG	62
ANATTC	62
ANAATT	62
ANCACA	62
NTGTCG	62
ANAATC	62
GNTTGC	62
ANTTTA	62
CNCCAT	62
NCTAGG	62
GNCTTC	61
ANCATG	61
TNTGAG	61
GNCAAA	61
GNAGGC	61
TNTGCA	61
CNTACC	61
CGNTCT	61
TNATAG	61
NGATCT	61
GNTCAG	61
CNACCT	60
ANACAG	60
NGCCGG	60
CNAAGT	60
GNTTGG	60
CNCCCT	60
CNTCAG	60
TNACGA	60
ANTGTC	60
ANTTTT	60
CNAGAT	60
ANACTG	60
GNTGCT	60
GNCTCC	60
GNAGCA	60
GNGATT	60
CNATAT	60
NATTCG	60
GNCGTT	60
CNTTAT	60
GNTGCA	60
ANTAAC	60
GNATCA	60
NTCGGA	60
TNTCAT	60
NCGTGG	59
ANTCTG	59
GNCCAA	59
NCCGAT	59
GNTAAA	59
CNAATG	59
CNATGC	59
NCGGGA	59
NCGGAG	59
TNATTC	59
ANGCTT	59
NCGCGA	59
CCNGAA	59
CNTCAT	58
TNATAT	58
CNTCCC	58
CNTCTC	58
GNAGTG	58
NCCCGG	58
CNAAGC	58
TNACAC	57
TNGTCA	57
CNAATC	57
GNTGAA	57
ANAAGG	57
NCGGGG	57
TNACCT	57
ANTCTT	57
NCCGCG	57
TNGCAT	57
TNTTCC	57
GNGAAA	56
NGTGGG	56
ANGGAA	56
ANATGT	56
GNCACA	56
TNTTTG	56
TNGACA	56
ANCGTC	56
NTGGGT	56
ANTTAG	56
CNAACT	56
TNCCCT	56
ANTACT	56
GNAACC	56
GNCATA	56
TNCGTT	56
NGTCGA	56
CNGATT	56
CNCTCA	56
GNGATG	55
CNGGCG	55
CNGACT	55
TNTCCC	55
CNAATA	55
TNGCTG	55
ANAGGC	55
NTGGGC	55
TNTTGG	55
ANCTAA	55
GNAAGG	55
GNTCTG	55
ANTCTC	54
CNTATT	54
TNCTTC	54
CNCTGT	54
CNAGTT	54
NCCCCG	54
CNTTTG	54
TNGGAA	54
TNCCCA	54
ANCTCA	54
CNTTTC	54
GNAATT	54
CNGTCG	54
ANTTTG	54
GNCGGC	54
ANCAGT	54
CNGACC	54
GNAGAC	53
TNTAAC	53
TNCCTG	53
ANGGAC	53
ANATCC	53
CNACAT	53
GNGCAG	53
GNCACT	53
CNCCTG	53
CNGTAG	53
TNCAAG	53
CNAGCT	53
CNGTGC	53
TNAGAG	52
TNGGTT	52
TNGCGA	52
GNGTCT	52
ANCTCT	52
GNAAGC	52
ANATGG	52
GNTTGA	52
GNTTTT	52
TNACCG	52
ANCGCT	52
ANCGCC	52
TNTATG	52
TNACCC	52
ANCCTC	52
CNCATC	52
ANTTGT	51
TNTGCC	51
TNATTG	51
ANTTCA	51
CNGGCT	51
GNAAGA	51
NTGGGG	51
ANTACC	51
ANGAGC	51
GNACGG	51
GNGTGT	51
CNGAAC	51
CNACCC	50
CNGACA	50
ANTTCT	50
CNCTGA	50
ANACTA	50
GNAAAC	50
GNCGAG	50
CGNTCA	50
CNGACG	49
NCTAGT	49
CNACGT	49
GNATAA	49
ANCGAT	49
CNGTGT	49
CANACA	49
NCCTGG	49
CNAATT	49
ANTCAC	49
TNCATG	49
GNATGT	49
CNTTAC	49
TNTGCT	49
ANTGCC	49
TNAGAC	48
GNCGCC	48
NCTAGC	48
NCGCGC	48
TNCCCC	48
CNGGAG	48
ANACGC	48
GNATTG	48
GNATGC	48
GNTGAC	48
ANTGTA	48
ANGTAA	48
CNCAAT	48
ANCGTA	48
TNAGCG	47
ANCTAT	47
GNACGT	47
ANACCT	47
ANTCAT	47
CNGCTC	47
TNACTT	47
ANGCCA	47
TNCAGC	47
CNAACC	47
ANTGGA	47
GNACAC	47
GNCCAT	47
GNCAGT	47
ANACTT	47
GNAATC	47
TNTTAC	46
GNAAAT	46
TNGAAA	46
GNCAAT	46
GNCCAC	46
ANACAA	46
CNTGGT	46
ANTCCA	46
GNTTCT	46
CNTTGA	46
TNTACC	46
ANTTTC	46
TNCCGC	46
TNCCAC	46
CCNTTC	46
ANGTCA	46
CNTATC	45
TNTAAA	45
NTCCGA	45
TNAACT	45
CNACTA	45
CNGTAA	45
TNTATC	45
ANCGGA	45
CNGATA	45
GNGGCA	45
NTGATC	45
GNTAAT	45
NCGGTG	45
ANTCCT	45
GNCTGC	45
GNTCTT	44
GNAGAG	44
TNGTTG	44
TNGCAC	44
ANGCCT	44
ANGACG	44
GNTGAT	44
TNACAG	44
CNTTCC	44
CNACGC	44
TNGCCT	44
ANGTGA	43
CNGGAA	43
ANGTGC	43
GNCCAG	43
TNTGAA	43
TNCCAG	43
TNCTAA	43
CNAGGT	43
GNACAA	43
CNGCAC	43
TNACTC	43
TNCTGT	43
TNCTCG	43
ANGATA	43
ANACGT	43
CNGTTA	43
GNGACT	43
TNGCAG	43
GNCCTG	42
GNTGTT	42
GNCGCA	42
GNGCTT	42
TNCCAA	42
GNCCTT	42
CNAGAG	42
ANATAG	42
CCNTCT	42
ANGGAT	42
TNATCC	42
TNAATT	42
CNGTTT	42
GNTACC	42
TNAGAT	41
TNTTTC	41
TNCTTT	41
ANCGAC	41
TNCAGT	41
TNACAT	41
ANTTCC	41
TNAGTC	41
CNTGAG	41
GNAGGT	41
GNAGTA	41
GNGGCT	41
ANGTTC	41
ANGCGG	41
TNAGGG	41
GNCGGT	41
TNAGTA	40
CNCTTG	40
GNCCCT	40
ANGCGC	40
ANCTTC	40
TNACTG	40
TNGTTC	40
GNAGCC	40
ANGAGG	40
CNCTAC	40
TNTAGC	40
ANGTTA	40
GNTCCT	40
TCNAAA	40
GNTATA	40
TCNAAC	40
TNGAAG	40
GNTCAT	39
CNCTTA	39
GNTCAA	39
TNCATC	39
GNCTAT	39
TNCGTG	39
ANGGGC	39
TNTATT	39
ANGCCG	39
CNTTGG	39
TNGGCA	39
TNTGTA	39
CCNTTA	39
TNACTA	39
ANGGCG	39
CNCACT	39
TNGCAA	39
TNTTGT	39
CNGTAT	39
CNGGTC	39
GNATAT	39
AGNAAT	39
ANTCGG	39
ANGTCC	39
ANCCCA	39
TNACGC	38
GNTGCC	38
TNTCTA	38
TNTGGA	38
ANCGCG	38
CNGAGC	38
CNGCGC	38
TNCTCA	38
GNCTGT	38
GNCACC	38
CNCAAG	38
ANCTTA	38
TNCACT	38
TNTCGG	38
GNATCT	38
TNGAAC	38
GNTCAC	37
CNAACG	37
GNGCCA	37
ANGTGG	37
GNTTCC	37
TNATCT	37
NCCCGC	37
NGTGCG	37
GNTGGC	37
ANCTAC	37
GNAGTC	37
ANCTCC	37
GNACAG	37
CANAAT	37
ANAACT	37
TNCCTA	37
TNGTAA	37
ANGATT	36
CNTGCC	36
CNCGCT	36
CNTACG	36
AANAAA	36
ANTTGA	36
GNATTA	36
CNCCAC	36
CNTGCG	36
GNGTGA	36
GNACGC	36
ANATCG	36
CNAGTC	36
CNGAGA	36
CNCATG	35
NCGGGT	35
CNAGGC	35
NCGGGC	35
AGNAAG	35
CNAGTA	35
GNCCTC	35
GNTTGT	35
TNTCGT	35
TNGGGT	35
TNCCTC	35
NGCTAG	35
CNTAGA	35
AGNTTG	35
GNAGGG	35
GNCTAA	35
TNGACC	35
TNCACG	35
CNGGTA	35
CGNTAC	35
GNCAGG	35
CNTGTT	34
TNGTTT	34
TNAGTG	34
CANCAT	34
TNCTCC	34
CNATAG	34
TNGCGT	34
TNGCTT	34
CNTATA	34
TNCCGA	34
TNTAAG	34
TNTCGC	34
GNCCGT	34
GNGCAT	34
TNCATA	34
TNTTCG	34
CNTGTC	33
ANACGA	33
TNCGCA	33
ANGTAT	33
TNCTAG	33
NCGTAG	33
CTNTCT	33
NCCGGG	33
GNTTTC	33
CNAGCG	33
GNGACA	33
GNGAGG	33
GNAGTT	33
TNATCG	33
GNGCGT	33
CNGGGT	33
CNCAGT	33
CNCAAC	33
CNGCGG	33
GNTACT	33
CNTGGC	32
CNTCTA	32
CANCAA	32
TNAGGA	32
ANCGGT	32
TNTACT	32
GNGGAA	32
TNCAGA	32
CNAGGA	32
GNTTAG	32
GNACCT	32
CNGATG	32
AGNAGT	32
ANCGAG	32
GNACTC	32
TNGACG	32
AANGAC	32
GNGATA	32
TNGATA	32
GNTATG	32
AANCAT	32
TNGTGT	32
TNCGAT	32
TNCGGC	32
ANTGCG	31
TNAGCT	31
AGNGTT	31
TNCCTT	31
GNCGTA	31
GNGAGC	31
ANGCTA	31
TNAGTT	31
TNACGT	31
CNATGG	31
GNTAAC	31
ANTTAC	31
GNTGTC	30
AGNTGG	30
NCTACG	30
CNACAC	30
CNAGCC	30
GNGTTA	30
AANCTC	30
TNGTGC	30
AANTAA	30
GNCGAT	30
GNCGTG	30
TNGTGG	30
CNTGTA	30
GNTACG	30
ANCCGT	30
TNTAAT	30
ANACCC	30
TNGTTA	30
ANGACA	30
AGNTAT	30
GNGGAT	30
GNACCC	30
GNGTAC	30
TNTAGT	30
TNCAAC	30
GNAACG	29
CNGAGT	29
CNCATA	29
ANGTAC	29
TCNTTT	29
CNCCCA	29
TNAGGC	29
CNCACC	29
GNTATC	29
ANTACG	29
ANTCGC	29
ANTATA	29
CNCGGC	29
TNTGCG	29
TNGCCG	29
TNGAGG	29
TNGGAT	29
GNTTAC	29
GNGTGG	29
GANGAA	29
CNTGGA	29
CNAAGG	28
TNCTAC	28
CCNTCC	28
TNCTCT	28
CNCGAC	28
AANCGG	28
GNGTTG	28
TNGTGA	28
TNGAAT	28
ANGGGT	28
CNTCGG	28
CNGGTG	28
TNGATT	28
CNGCTA	28
TNGAGA	28
AANGAT	28
TNGAGT	28
GNGAAG	28
CNCTCG	28
TNTAGA	28
ANTTGC	28
ATNGTT	28
TNCGCT	28
CNCCGC	28
CNCCGG	28
ANGACC	27
ANGCCC	27
GNTTCA	27
TTNCAT	27
CTNTCC	27
CANCAG	27
CGNTTC	27
CNGGAT	27
TNGCTA	27
GNGGCC	27
GANAAA	27
ANTTCG	27
TNCATT	27
TANCAA	27
TNGCGG	27
GNTAAG	27
TNGCGC	27
GNTCGC	27
TNCTAT	27
CANTCC	27
CANGAA	27
ANTCGT	27
GNCGAA	27
GNTCTC	27
GNCCGC	27
GNGGCG	27
CNCGAA	27
GNGTAA	27
CCNTCA	27
ACNAAC	27
ANGAAT	26
AANAGC	26
GNACAT	26
ATNCTT	26
CANAAC	26
ATNGAA	26
CGNCTG	26
TNGGGG	26
CNGTGG	26
GNAGCG	26
TTNTGT	26
CCNTTG	26
ACNAGT	26
TNCGTC	26
ANGCGT	26
GNCTGG	26
CGNTTG	26
AANTCA	26
GNGGTT	26
ANCCGC	26
ANCACG	26
GNGTTT	26
CNTTGT	26
CNCAGA	26
AANCAG	26
TNGACT	26
TNGAGC	26
GNGCAC	26
GNGTTC	26
CNCTGG	25
TNGATG	25
GNGGAG	25
CNTCCG	25
GNCTAC	25
AGNTGC	25
ACNAGC	25
AANCTG	25
ACNTCA	25
CNCCTA	25
AANACC	25
CCNTGT	25
TNTCCG	25
GNGAAC	25
GNTCCA	25
AGNAGA	25
TNGGAG	25
GNCCTA	25
TNACGG	25
CANTCT	25
AGNGAG	25
AANAAG	25
CNCAGG	25
TNTTAG	25
TTNAAG	25
ANGGCA	25
CNCAGC	25
AANGGA	25
CANCCA	25
CCCNCC	25
GNCTTG	24
CGNTGA	24
ANTGGG	24
CANAAG	24
CANCTT	24
CNCCGT	24
TNCGAC	24
ANCCTA	24
GNCTGA	24
GANGAG	24
GNTCGG	24
CNCTAT	24
GNTCTA	24
CNACTC	24
ACNAAT	24
GNCCCC	24
TNGTCG	24
TTNAAA	24
CNGGGC	24
ANCCGA	24
TNGGTA	24
GNAACT	24
TNCAGG	24
CANTTT	24
CNGCCG	24
ACNTTT	23
TNAGCC	23
GTNAGA	23
CNACGA	23
CNTCGC	23
GNTAGT	23
CNTCGA	23
GNGTCC	23
TANAAA	23
TNGTCC	23
GNTTCG	23
TANCAG	23
AGNATG	23
GNTGTG	23
ANGGAG	23
AANCCA	23
GNTGCG	23
GNGTCA	23
GNGTAG	23
ANGGGG	23
ANACCG	23
CANATA	23
GNACGA	23
ATNATG	23
ATNACC	23
GNAGCT	23
CNTGTG	23
GNGCTA	23
TTNATG	23
ACNCAG	22
TANGCA	22
GNTAGC	22
CNTTCG	22
CNAGAC	22
CANGAT	22
AANATG	22
ACNCAT	22
TGNATG	22
ANTACA	22
TNAGGT	22
CNAGGG	22
TNTACA	22
GNGCTC	22
AANGCT	22
CANTAA	22
TGNCCA	22
CGNCAG	22
ACNAAA	22
GCNTTT	22
AGNAAA	22
CTNTCA	22
AANAAC	22
ATNAAT	22
AGNATT	22
ACNCAC	22
CNACCG	22
TCNGCA	22
GNATAC	22
GNATAG	22
CNGTGA	22
AGNCAG	21
GNGACG	21
CNACGG	21
CGNCAA	21
TANCCT	21
GNTGTA	21
AANCAC	21
TTNTGC	21
AGNCTC	21
CNTAGT	21
AANGTC	21
AANTTT	21
GNGCCG	21
AGNATC	21
GNCGCG	21
AANTGC	21
TTNTCT	21
CTNAAA	21
ANAGGG	21
ACNTCC	21
TTNGTT	21
TTNCTG	21
TTNGAG	21
ATNGCG	21
TGNGTC	21
AANAAT	21
AANATA	21
GNTCCC	21
GNCTTA	21
AANTGT	21
AGNGTA	21
TTNAAT	21
TGNTAT	20
TNTCGA	20
NCGATC	20
AANGAA	20
TNTATA	20
CNCGAT	20
ACNATA	20
ACNGCA	20
TTNAGC	20
TNCGAA	20
TCNGCG	20
GNGAAT	20
TTNTTG	20
CTNAAT	20
AANCGT	20
GNCCCA	20
ACNTGA	20
CTNATC	20
TANCCC	20
ACNTGC	20
GNCCGG	20
GNTGGG	20
AANGGC	20
CANAGT	20
TGNGCA	20
AGNCTT	20
GANTGC	20
TNCAAT	20
AANTTA	20
TTNGGA	20
TCNTCA	20
CANTCA	20
CCNCCA	20
GNACTA	20
GNGTGC	20
AANCAA	20
ANTCGA	20
GNGGTA	20
ANTCCC	20
AANAGA	20
GANTGG	19
TTNCTT	19
AANTTG	19
CCNCTT	19
AANCGC	19
CNTAGC	19
GANGTT	19
GNACCG	19
CGNCCT	19
ATNGTC	19
GGNAAA	19
TNGGTG	19
ACNTAT	19
CNCGTC	19
GCNAAA	19
ATNTGG	19
CANCGT	19
ANCCGG	19
GNATCG	19
CANAGA	19
GCNGCA	19
GANGCT	19
TNGGCC	19
TNGTAG	19
GNGAGT	19
CCNTAC	19
ATNCAA	19
ANCTCG	19
GANAAG	19
GNCACG	19
TNGCCC	19
CCNCCC	19
CNCGTA	19
CNGGGA	19
CANTGC	19
AGNGGT	18
CTNACC	18
TANTGG	18
CGNTAA	18
TCNAGA	18
TGNTAA	18
ATNAAC	18
GANGGC	18
TGNTGG	18
GANTAT	18
CNGGAC	18
ATNGCT	18
ATNCCA	18
AGNGCC	18
AGNGCT	18
AANCCT	18
CCNGCA	18
CTNCCA	18
ATNCAG	18
CTNCAA	18
AGNTCT	18
GNCGGA	18
AGNAAC	18
CNCCGA	18
ACNACA	18
CNCGCA	18
CANGCT	18
ACNGAC	18
GGNCTC	18
AANACT	18
GNGAGA	18
CNTAGG	18
TCNTTC	18
TNCACC	18
TTNAGT	18
CNTCGT	18
GNGGGT	18
TGNAGG	18
AGNACG	18
GNCCGA	18
CANTAG	18
CANAGC	18
AANAGT	17
ATNATA	17
TCNTGC	17
ACNAAG	17
AGNCCA	17
AANGTG	17
ACNACC	17
CCNTGA	17
ANGTAG	17
GTNTGC	17
TNGGCT	17
TNGGCG	17
ACNATG	17
ANGATC	17
TGNTCA	17
TANCTG	17
ACNCAA	17
CANTAC	17
TANTAA	17
AGNTTC	17
GNGTCG	17
TGNTTC	17
CANATT	17
TCNAAT	17
ANCCCG	17
AGNCGG	17
AGNGAC	17
CANCCT	17
ATNTTT	17
GANATT	17
TGNAAA	17
GTNGCA	17
ACNGCT	17
TTNACC	17
TGNCGA	17
TANTGC	17
AANTGG	17
CTNCTG	17
TGNCGC	16
GTNCGG	16
GCNACA	16
CANATG	16
CCNGTT	16
AGNCTG	16
TANAAC	16
CANGTT	16
CNAGTG	16
CANGTA	16
GANACT	16
ATNTCT	16
TANCAT	16
GNGTAT	16
TTNGAC	16
TANTTT	16
GNGCGG	16
CGNCAT	16
GTNAAA	16
CNTGGG	16
CGNCCA	16
GANTTT	16
TTNTAG	16
TNCGTA	16
GNCTCG	16
ACNTAA	16
AGNGGC	16
TCNTGG	16
GGNTCT	16
ACNCTC	16
GANGGT	16
TANCGG	16
AANGCA	16
AGNCAA	16
GTNATT	16
CANATC	16
GANTGT	16
TANCTC	16
AANGCC	16
CTNTTT	15
ATNGTG	15
GTNAAG	15
ATNAGT	15
GNTAGA	15
GNGGTC	15
TNCGCG	15
TNCGGT	15
ATNAAG	15
CGNCCC	15
ATNAGA	15
AANTAG	15
ANGTCG	15
AANACG	15
ACNAGG	15
CNCGAG	15
ACNATT	15
CANGCC	15
CANCGC	15
TGNTGC	15
ATNGGT	15
TCNAGC	15
CACNCA	15
CCNGCT	15
CCNCTC	15
GCNGCT	15
ANGCGA	15
TCNTGA	15
TANCGC	15
TGNCGG	15
GTNGAG	15
GCNTTG	15
CCNCCT	15
GANCAA	15
CTNTTG	15
GTNCTG	15
GANCAG	15
GCNCAG	15
GCNCCA	15
CANACC	15
TCNAGT	15
ANCTAG	15
TGNTTT	15
GGNCAA	15
CGNTGC	15
TANTGA	14
ACNCCT	14
TTNAAC	14
TNGTAC	14
ACNGAA	14
GTNAAC	14
ATNATT	14
GANAAC	14
ATNCAT	14
TANCGT	14
GANGCC	14
TTNACA	14
TANCCA	14
GNCGGG	14
TNTACG	14
ACNTCT	14
GCNTAT	14
TTNATC	14
CCNCGC	14
GCNTGT	14
CTNTTA	14
CGNAAA	14
GNGGAC	14
AGNGGG	14
GGNCAT	14
TTNTCA	14
GANTGA	14
AGNGAT	14
CANCCC	14
TGNTGA	14
TCNCAT	14
TTNGAT	14
AGNTCC	14
CNCCCG	14
ANCGGG	14
CCNTGC	14
CANCAC	14
GTNGAC	14
ATNTTC	14
CCNAAT	14
CANGGT	14
TTNGTA	14
GTNACT	14
TGNTTG	14
AANGGT	14
CANACG	14
TANGAA	14
CANTAT	14
TCNGGT	14
CANTTG	14
ATNTAA	14
AGNATA	14
ANTCCG	14
TANAAT	14
GCNAAT	13
AGNCGC	13
GCNGTC	13
TGNGAA	13
TGNACC	13
CCNGTC	13
TTNTCG	13
GCNTGC	13
TCNACT	13
GCNTCA	13
GCNAGC	13
TGNCCC	13
GCNATA	13
AGNGGA	13
TTNCCA	13
TTNGCT	13
GCNATC	13
TGNCAT	13
GCNGAG	13
GCNATT	13
TTNTTA	13
GCNCAC	13
CANCTG	13
ACNGGT	13
ACNACG	13
TGNTGT	13
GGNGCT	13
GTNCCA	13
GGNTAC	13
ACNGAG	13
ATNTCA	13
GANTCG	13
CCNACA	13
GTNATA	13
TANGGT	13
TANAGG	13
ACNCCA	13
GANTAA	13
TNGCTC	13
AANGCG	13
ATNGCA	13
TANAAG	13
AGNTCG	13
GNTCCG	13
GNTCGA	13
GGNAGC	13
CTNTAG	13
GTNGGT	13
ACNTTG	13
TTNAGG	13
ATNAGG	13
CCNAGA	13
GTNTCT	13
GANGAT	13
TNTGGG	13
TNCGGA	13
TNCGGG	13
TANTCA	13
AANTAT	13
GNCCCG	13
GTNTGG	12
TANGTT	12
GCNATG	12
TCNTCC	12
CTNTAA	12
AGNTAG	12
GCNGTT	12
CTNAAG	12
GGNATT	12
GGNCAG	12
TTNTAC	12
TANCGA	12
TTNTCC	12
CTNCAT	12
GCNTAC	12
TTNTGG	12
GGNGGC	12
CTNCTT	12
TTNCTC	12
TANGCG	12
GGNTGT	12
ACCNAA	12
TANGGC	12
CTNGCG	12
CNCGGA	12
GNCTAG	12
ATNGAC	12
ATNCTG	12
AANATT	12
CGNGAG	12
TGNTCG	12
CGNCTC	12
GNGGGA	12
CGNCAC	12
TANTCC	12
AGNACC	12
CANTTA	12
ATNGGC	12
CGNTCG	12
CGNACC	12
TCNCCT	12
GNTAGG	12
CNGGGG	12
TTNGCC	12
GGNCTG	11
TCNATA	11
GCNTCC	11
GCNTGA	11
TTNAGA	11
TTNACG	11
ACNGTC	11
TNCGAG	11
GNGCAA	11
GCNCTT	11
GNGCGA	11
GNGGGG	11
GCNTTC	11
TCNGAT	11
TCNGAG	11
TTNTTT	11
GGNAGA	11
AGNTTA	11
ACNTAG	11
TTNATA	11
TANACT	11
GTNGTT	11
GCNACG	11
CGNAGC	11
GCNACT	11
TTNCAC	11
GTNCTT	11
CCNACC	11
GTNTGA	11
CCNAAG	11
GTNTTT	11
TCNGTT	11
GTNACA	11
TANACC	11
CNGATC	11
GTNAAT	11
CANAGG	11
CANCGG	11
GGNTTA	11
GCNCTC	11
ACNCTA	11
CANCTA	11
AANGGG	11
CANTGA	11
GCNGCC	11
TCNTTG	11
CANTTC	11
AANGTA	11
GANACC	11
CTNATT	11
GANGTG	11
TANTTC	11
CTNCCT	11
AGNGTG	11
GANACA	11
TANTGT	11
CCNTAT	11
TGNATT	11
GANTCA	11
CGNCGT	11
AGNGCG	11
ATNACG	11
TTNGCA	11
GANCTT	11
TANGAT	11
TGNTCC	11
GANGCG	11
TGNCTG	11
TCNACA	11
GANTTC	11
GANCGC	11
TANATT	11
CCNGAG	11
CGNTAG	11
CTNACT	11
CGNGCC	11
ATNCGC	10
GTNACC	10
GCNCGT	10
CGNGTT	10
CCNATG	10
AGNCAC	10
AGNGAA	10
TANAGA	10
TNGATC	10
GNATTC	10
CNCGCG	10
GTNAGG	10
GCNCCC	10
ACNCCG	10
CTNGAT	10
AANACA	10
TTNCAG	10
TANTCG	10
GTNGCG	10
AGNACA	10
CANGAC	10
GANTTG	10
GTNCTC	10
CANGAG	10
TCNACC	10
CANGGA	10
CGNTGG	10
GTNTAT	10
TGNAGC	10
CANTGT	10
CTNGTC	10
CTNGGT	10
ACNTTC	10
TGNAAT	10
AGNTCA	10
AANCGA	10
TGNAAG	10
ACNGGG	10
TGNGTG	10
CNCTAG	10
CCNGTG	10
TCNCTT	10
GGNCGT	10
ANGGGA	10
GGNCCT	10
CGNATG	10
GGNAGG	10
AGNTGA	10
TTNTAT	10
CTNTGT	10
ACNTCG	10
TANATG	10
GGNAAC	10
GCNGAC	10
TANAGC	10
TGNCTT	10
ATNAGC	10
ATNACT	10
GGNTGG	10
TTNCCG	10
ANTCTA	10
GGNTAT	10
TCNATG	10
CCNTCG	10
TNCCGG	10
AANTCT	10
CTNCGG	10
CGNATA	9
CANGGC	9
CGNACG	9
ATNATC	9
ATNACA	9
CTNTTC	9
AANTCC	9
GANCTC	9
GNGCCC	9
TTNTTC	9
ATNCTC	9
CGNCTT	9
CGNCGG	9
CGNAAC	9
CTNCGT	9
TTNGAA	9
ATNTGA	9
TGNGAC	9
ATNTGT	9
TNGGGC	9
TCNTCG	9
ACNCTG	9
TGNCGT	9
TCNCAA	9
TCNACG	9
ACNGAT	9
GCNGAA	9
TCNTTA	9
CCNAAA	9
CACNAC	9
TGNCAG	9
GGNGCA	9
TANCTT	9
CTNCCC	9
GGNGAT	9
GGNGAA	9
TANAGT	9
CTNAGG	9
CCNGAT	9
AGNTTT	9
GGNAAT	9
TGNGCT	9
CGNGGC	9
CGNGGT	9
GTNCCC	9
TCNTAA	9
CGNTAT	9
CCNAGC	9
GCNAAC	9
GTNGCT	9
TCNCCC	9
GANCGA	9
TCNTAG	9
GTNGTC	9
GTNGTG	9
GTNTAA	9
CCNATT	9
GTNTCG	9
TCNCAG	9
CGNTGT	9
CTNGGC	9
CGNTTT	9
TGNGCC	9
AGNCCT	8
TTNGGC	8
TTNGGG	8
TTNATT	8
TTNGGT	8
TTNCCT	8
TCNCGT	8
TCNCTC	8
TGNCTC	8
TGNCTA	8
ACNGGA	8
GCNGTA	8
CANGTC	8
ACNGCC	8
GANGGG	8
ACNCTT	8
GANGTA	8
TANGAC	8
ACNCGC	8
TANGAG	8
GANTCC	8
TANACG	8
GGNCCA	8
GTNCAC	8
CTNATA	8
GTNTGT	8
CTNTAC	8
TCNCGC	8
CTNGGA	8
GTNGTA	8
CCNCAA	8
GTNGGC	8
CTNCTC	8
CCNATC	8
GCNTTA	8
TANTTG	8
CTNCCG	8
CTNCAC	8
CGNGGA	8
GCNGGC	8
CNCACG	8
CGNATT	8
GCNAGG	8
CGNCGC	8
TNCGCC	8
ATNCGA	8
CGNGAA	8
CCNCTG	8
GANAAT	8
CGNGAC	8
ATNGAT	8
CGNGCA	8
TCNGTG	8
CCNGCG	8
GCNGGG	8
GANATC	8
GCNCAA	8
TGNGTT	8
GANCAC	8
ATNTTA	8
GNGGTG	8
TANGGA	8
GANCCT	8
GGNTCA	8
GNGGGC	8
GANGCA	8
AANCCC	8
GCNCTA	7
TGNTAC	7
TCNGCC	7
AGNTAC	7
GCNCCT	7
GGNCAC	7
GGNATG	7
CANGCG	7
CGNTTA	7
CGNAGT	7
CGNATC	7
CGNCCG	7
CGNCTA	7
GGNGTT	7
GGNGAC	7
CGNGTC	7
GGNTAA	7
TGNGGG	7
GCNGGT	7
GGNCTA	7
TGNGAG	7
GGNTTC	7
TGNCCT	7
CCNCCG	7
TANATA	7
AGNCGT	7
CCNACT	7
CCNACG	7
CCNGGC	7
CTNGTG	7
AGGNCC	7
GTNTTC	7
AGGNAC	7
AANCTA	7
TTNGCG	7
ACNGTA	7
ACNGTT	7
GANCTG	7
GANCGG	7
ACNTTA	7
GANCAT	7
TGNACA	7
ATNTCC	7
ATNTAG	7
GANAGG	7
ATNGGA	7
ATNGCC	7
GANAGA	7
CCNGAC	7
ATNCCT	7
TCNCAC	7
ATNCCC	7
TCNAGG	7
TCNTGT	7
GTNAGC	7
TCNGTC	7
TTNCGA	7
TCNTAC	7
CTNAAC	7
CTNACG	7
CANTGG	7
AANAGG	7
CTNAGC	7
CANGGG	7
TGNAAC	7
CANCGA	7
GTNACG	7
GTNATG	7
GTNCAA	7
GTNCAG	7
GTNCAT	7
TTNCCC	7
TCNTAT	7
CTNGCA	7
CTNCTA	7
GTNGAA	7
GTNGAT	7
TANTAG	6
TANTCT	6
TANTAC	6
TANCCG	6
CCNGGG	6
TANGCT	6
CGNAAG	6
TCNGGA	6
TCNATT	6
CTNTGA	6
CTNTCG	6
GANAGT	6
TTNTAA	6
GANGGA	6
GANGTC	6
GANTAG	6
GANTTA	6
CTNAGA	6
TCNCCG	6
CGNAGA	6
TCNGCT	6
GCNAGT	6
GCNCCG	6
TTNCAA	6
GCNGCG	6
AGNCCC	6
GCNTCG	6
TCNCTG	6
TGNATC	6
TGNGAT	6
CGNGTA	6
ACNATC	6
ACNTGT	6
CACNCC	6
ACNCGG	6
GGNATA	6
GTNTTG	6
GGNCCG	6
GTNCGC	6
GGNGGT	6
CCNCTA	6
ACNACT	6
GGNTGA	6
GGNTTT	6
CCNCAT	6
CCANAG	6
CCNATA	6
CCANCC	6
CCNCGT	6
ATNGAG	6
AANCCG	6
ATNTGC	6
ATNGGG	5
GANCTA	5
GCNAAG	5
CCNGCC	5
GCNGTG	5
AANTAC	5
GCNTAA	5
CCNAGT	5
TGNGGT	5
TGNGGC	5
ACGNAC	5
GGNTCG	5
CNCGGG	5
TANCTA	5
GGNTGC	5
CTNTGC	5
TGNCAC	5
TGNATA	5
TGNACT	5
TCNGAA	5
TGNAGA	5
TGNAGT	5
TCNGGC	5
GGNGAG	5
GANATA	5
GGNCGA	5
GTNTAG	5
CTNGTA	5
AGNCGA	5
GTNTTA	5
CTNGCT	5
GGNACG	5
GTNTCA	5
GCNGGA	5
GGNACT	5
AANCTT	5
CTNGAC	5
AGNCCG	5
CCNTGG	5
TTNGTG	5
CGNCGA	5
GGNCCC	5
GCNCGA	4
GNGATC	4
GCNCGG	4
CCANCA	4
TCNCGA	4
TCNATC	4
GACNCC	4
AGNACT	4
GCNCAT	4
CCANTC	4
CCANCT	4
GANACG	4
ACNCGT	4
ACNCGA	4
GTNTAC	4
GTNGGG	4
CTNGAG	4
CTNGAA	4
GTNCCG	4
CANCCG	4
CANGTG	4
CTNTGG	4
CTNACA	4
TTNCTA	4
TCNGTA	4
AACNAG	4
AACNAC	4
AACNAA	4
GCANCC	4
TGNACG	4
CGNAGG	4
GGNGTC	4
GGNGTA	4
GGNTCC	4
GGNGTG	4
CCNCAG	4
AGNCTA	4
TANATC	4
CGNGCG	4
TGNGTA	4
GGNGCG	4
TTNACT	4
GGNGCC	4
CGNACT	4
TANGCC	4
CGNAAT	4
CCGNCA	4
TANTTA	4
AGCNAA	4
TGNTAG	4
CGCNCC	4
GGANTC	3
GANCCC	3
ACGNTC	3
TANGTG	3
ACNTGG	3
TANGTC	3
CGNGGG	3
TTNCGG	3
CTNAGT	3
GGNGGG	3
GGNGGA	3
TAGNAC	3
GTNCGT	3
CTNCGC	3
CGNACA	3
CTNGGG	3
GGNCGG	3
GGNAGT	3
TGNTCT	3
GANTAC	3
ATNCTA	3
CCGNGC	3
GCNTAG	3
ATNCCG	3
GCNTCT	3
GAANCG	3
TCNCTA	3
ACANAA	3
CCNCAC	3
CCNCGG	3
AANTTC	3
CCNGTA	3
ATNCGG	3
ATNCGT	3
CCNTAG	3
GCCNCC	3
GGNTAG	3
GGNACC	3
ATNTAC	3
ATANCA	3
AACNCA	3
ATNTAT	3
TCNCGG	3
ATNTCG	3
ACANAG	2
GAANAG	2
TAGNGA	2
CGCNAG	2
CCNGGA	2
TANGTA	2
ACANCA	2
ACNGTG	2
ACANCC	2
TCTNTC	2
CAANCA	2
CAANAC	2
GANAGC	2
GANCCG	2
TANGGG	2
AATNAC	2
AGTNGA	2
GCANTT	2
AANTCG	2
TGNGCG	2
ACCNCA	2
AATNCC	2
TCNGGG	2
AAGNCC	2
AAGNAC	2
CAGNAA	2
AATNAA	2
CCGNGA	2
GCNAGA	2
CCGNCC	2
CCCNAC	2
CCCNTG	2
CCGNAC	2
GCNCGC	2
AGCNAC	2
CAGNCC	2
GGNATC	2
AGGNGC	2
GTNGCC	2
GTNCTA	2
CATNCA	2
TGCNCA	2
CATNCC	2
AAANAG	2
TTTNCC	2
TTNCGC	2
CTANTC	2
CTANGA	2
AACNCC	2
AGTNAT	2
AAANAT	1
AAANAA	1
AAANAC	1
AGANCG	1
AAANTA	1
AAGNAG	1
AAANTT	1
TTANCC	1
TAANGA	1
TACNAC	1
TACNCT	1
TACNGC	1
TAGNGT	1
TAGNTC	1
AAANGG	1
AAANCC	1
TGTNAC	1
AAGNTG	1
AAGNGG	1
TCTNCC	1
AAGNAA	1
TCANAA	1
TCANAC	1
TCANAT	1
TCANCA	1
TCANCC	1
TCANGA	1
AACNCT	1
AACNGC	1
AACNGG	1
AACNGT	1
TGCNCC	1
TGANCA	1
CCNCGA	1
AGGNTT	1
AGGNGA	1
CGCNTA	1
CCANTG	1
CCANTA	1
CCANGT	1
CCANAC	1
CGCNCG	1
CGCNCA	1
GCANAA	1
CTNTAT	1
GCANAC	1
GCANAG	1
GAANGT	1
GCANGA	1
GCANGT	1
ACGNGC	1
CAANCC	1
ACTNTC	1
GCTNGC	1
GCTNGA	1
AGCNTT	1
AGCNCT	1
CTGNCA	1
AGCNAG	1
GAGNTG	1
GAGNGT	1
ACANGC	1
GATNGA	1
GATNGC	1
ACANTT	1
AGTNGT	1
ACCNTG	1
ACANGT	1
CGNGCT	1
CCCNGC	1
GTCNCA	1
GTCNGG	1
CCCNCG	1
CCCNCA	1
CCCNAT	1
ACGNCA	1
ACCNTA	1
ACCNGA	1
GGCNCT	1
ACCNAC	1
ACANCT	1
GGANGA	1
GGANCT	1
GGANAA	1
GTANGC	1
GTANGA	1
GAANAA	1
GTANCA	1
AGANAT	1
GCCNGC	1
AGANGA	1
GCCNTC	1
AGANGC	1
AGANTC	1
ACTNCA	1
CACNAG	1
CACNCT	1
ACTNAT	1
GACNAA	1
ACTNAG	1
GACNAT	1
AGANAA	1
GCGNTA	1
GCGNGG	1
AATNCG	1
CGANTA	1
CCTNCA	1
GCGNAC	1
CCTNTG	1
CCTNCC	1
GCGNCG	1
CATNAG	1
CATNTT	1
ACTNCC	1
ACTNCT	1
CTCNTA	1
AGANCA	1
GGTNTC	1
CATNAC	1
AGANCT	1
CATNAA	1
GAGNAC	1
GACNTA	1
GCCNAT	1
GCCNAC	1
ATANCG	1
