process_radtags -p /media/mfisher5/New Volume/Mary/Raw Data/Lane4 -P -i gzfastq -y fastq -o samplesT142 -b scripts/barcodes_L4.txt -e sbfI -E phred33 -r -c -q -t 142
process_radtags version 1.44 executed 2017-04-14 19:31:46

File	Retained Reads	Low Quality	Ambiguous Barcodes	Ambiguous RAD-Tag	Total
Undetermined_S0_L006_R1_001.fastq.gz	635996133	7672504	43985894	47877033	735531564

Total Sequences	735531564
Ambiguous Barcodes	43985894
Low Quality	7672504
Ambiguous RAD-Tag	47877033
Retained Reads	635996133

Barcode	Filename	Total	No RadTag	Low Quality	Retained
AAACGG	BOR07_06	15886452	3779995	157858	11948599
GCCGTA	BOR07_07	16011380	1618583	170606	14222191
ACTCTT	BOR07_10	15512384	2885146	154932	12472306
TTCTAG	BOR07_11	17310884	2473926	179819	14657139
ATTCCG	BOR07_19	19416734	4453223	188067	14775444
CCGCAT	JB121807_12	3000270	254214	32775	2713281
CGAGGC	JB121807_14	8488464	639050	93420	7755994
CGCAGA	JB021108_04	4108302	200455	45204	3862643
GAGAGA	JB121807_07	352114	155707	2903	193504
GGGGCG	JB121807_34	8312692	108691	96535	8107466
TAATTC	JB021108_02	9085396	143223	101502	8840671
TTTAAT	JB021108_41	6520594	303043	69386	6148165
AGCCAT	BOR07_21	12549450	2927134	123919	9498397
AGTAGG	JB121807_21	7652936	294468	85240	7273228
ATAGTA	JB121807_31	11404294	747375	121090	10535829
CGGTCC	JB121807_32	7765862	117519	85307	7563036
CCATTT	JB121807_33	8973922	395720	96758	8481444
CAGGCA	JB121807_38	7862956	452123	85303	7325530
GCAGAT	JB121807_48	3880486	280855	41956	3557675
GTCATC	JB021108_08	3941098	214308	42203	3684587
GACTCT	JB021108_10	2814352	186450	29527	2598375
TATCAC	JB021108_19	13882528	547961	151623	13182944
TGGGGA	JB021108_22	6918746	148597	77568	6692581
TCTCGG	JB021108_26	6160318	122196	66810	5971312
CAATCG	JB121807_09	1666056	208092	17424	1440540
GAACCA	JUK07_02	19250836	882324	220926	18147586
TCGGAC	JB021108_25	2297106	44759	26382	2225965
ATGTTG	JUK07_06	37176904	1048081	418530	35710293
AACTGA	JB021108_38	3411616	216906	36143	3158567
TCTTCT	JB121807_16	4116574	207016	45558	3864000
GGACTT	JB021108_31	2282668	172759	24301	2085608
GGGCGC	JB121807_41	4406302	140427	49407	4216468
ATCAAA	JB121807_45	3130204	294415	31274	2804515
GGCAAG	JB021108_12	10605900	256232	121237	10228431
CATACT	JB021108_09	9252094	208439	103059	8940596
CGCGTG	JB021108_48	14795638	157386	161274	14476978
TGACAA	JB121807_03	6082244	287703	69572	5724969
AATATC	JB121807_30	2196760	254947	22320	1919493
ACAGCG	BOR07_08	22590328	1791351	266163	20532814
GATCGT	JB021108_07	5568426	228326	62303	5277797
GGTTTG	JB021108_13	5766144	250889	62979	5452276
CTCGCC	BOR07_05	20435778	1367062	237546	18831170
GTGCCT	JB021108_36	7715638	215261	90524	7409853
TAGTAT	JB021108_37	8585112	337100	96511	8151501
ACAAGA	BOR07_12	11480840	1690272	127389	9663179
TTCCGT	JB121807_24	4646284	197548	52636	4396100
CCCTAA	JB021108_36_rep	7486890	194414	87909	7204567
AGGGTC	JB021108_37_rep	8481304	307433	95707	8078164
AACGTT	JB121807_11	8799418	232144	102376	8464898
TACACA	BOR07_20	18757758	1460637	219004	17078117
GTTGGA	BOR07_17	11691662	2486339	123696	9081627
CCGAGG	JUK07_37	12696298	471829	150247	12074222
GGTACA	BOR07_02	12297490	1959529	138974	10198987
CTGGTT	BOR07_13	11521564	1187508	129444	10204612
TCAAAG	JB121807_28	3190304	218172	35610	2936522
GCGCTG	JUK07_36	10585650	350262	124631	10110757
GTATCC	JB121807_19	5066072	158504	57390	4850178
ATGCAC	JB021108_17	5396736	220571	62045	5114120
AGTTAA	JB021108_46_rep	7543320	168946	86478	7287896
AATGAG	JUK07_02_rep	8868576	418986	103862	8345728
CAAAAA	JUK07_16	14216054	337922	164288	13713844
GACGAC	JUK07_09	15787814	458741	179518	15149555
TTTGTC	JUK07_29	21250102	438542	235032	20576528
TGCTTA	JB021108_47	8376766	184284	92917	8099565
CCCGGT	YS_121316_20	12720300	1039652	139893	11540755
GCGACC	JB021108_44	7489674	107163	86967	7295544
CTTATG	JB021108_46	11974052	195340	136656	11642056
AGCGCA	JB121807_20	3952986	148512	45938	3758536
TCGCCA	JB121807_04	1507184	114637	15881	1376666
CTACAG	JB121807_06	6425070	209917	71124	6144029
GTAAGT	JUK07_16_rep	12656590	255931	146433	12254226
ACATAC	JUK07_09_rep	17533970	643861	196715	16693394

Sequences not recorded
Barcode	Total
CCCCCC	574120
CTCTCT	294254
CCAGAA	147938
AAACAT	134348
AAACAA	121202
ACTCCA	118462
CAACGT	115376
AAGCTC	115010
AAACAC	111326
AACCCT	87118
ACAGGT	86020
ACAAAT	82058
GAAAAG	81006
GTTGAT	79534
ATTCAA	78726
CTCCCT	75334
ACACAT	74754
AGCATT	72856
GGTAAT	72050
AAAGGT	70222
CTCTTT	68466
AAAAAT	68302
ATTCAT	67716
ATTCGT	63436
ACTCCC	62698
CAGCAA	62506
ATCCCT	61704
AACCAA	61556
AAAAAG	59806
ACTCAA	58798
TTGTCT	58732
AGCCTG	58426
AAAATG	57906
GCTTAT	57206
CTGGAG	57202
AACCAG	56738
AAACTC	56060
GGTCAT	55768
TTCTGC	55068
GTACAT	54864
ACCAGC	53674
TACCAT	52936
AACCTG	52836
AGCCTC	52800
ATACCA	52334
ACAGGC	51646
AAACTA	51244
AAACCT	51010
ATGTGT	50784
ATTGCT	50694
GTTGAC	50306
ATTCTC	50292
ACCTTT	49962
ACAGAA	49462
AAATGC	49044
CTCTGT	48998
AAAACA	48902
AAGCAG	48762
CATTTT	48398
ATTTGT	48050
TTCTGA	47992
AGAGAG	47680
CCAGCA	47562
AAACCC	47280
CAGAAG	46466
ACAATG	46412
GACCAA	46318
GTGGAT	46288
ACACGT	46178
TTTTTG	46040
ATTGCA	46002
AATCCA	45688
TATCCT	45686
ACGTTT	45366
TTCTCT	45208
CTGGCG	44960
ATAACC	44794
ACCATT	44538
ATGAGT	44064
AACCAC	43994
ACATTA	43536
TGTGTG	43528
AAAATA	43528
ACTGCA	43326
GCCAGC	43198
ACATCA	43024
GACCAT	42896
ACAACC	42796
AAGCTG	42764
ATCCTT	42628
GAACAG	42556
AAACTT	42314
AGCTGC	41992
TGGTTT	41944
GCTGCA	41850
AGCAGC	41810
CTTTAG	41762
ACAACT	41492
AAAGCA	41386
GAGGCT	41292
AAATGT	40796
TACAGT	40648
TTGCTG	40570
GACCAG	40552
CCTCCA	40378
ATAAAC	40348
TACAAT	40272
AAAAGT	40156
CCTGCA	40148
GCAGCA	40060
CTCACT	40018
CAAGAT	39994
GAAACC	39640
TTATCA	39586
AACATA	39548
ATTTCT	39534
CATTCA	39412
AAAAGC	39402
GGTCAG	39396
AACCGT	39392
AGCTTG	39264
GCCATT	39158
ATCTCT	39116
TGAATG	38866
AAAACG	38814
ACACCA	38744
ACCATA	38728
AAATAA	38620
AGTCCA	38586
CGCCAG	38492
CATGAA	38452
AGAAGC	38260
AGAAAA	38072
ATCACT	38020
TTCTCA	37856
TTCTCC	37572
CTGAAT	37508
TAACAT	37284
ATACTG	37182
CTGGGA	37114
GATTGC	37096
TCTAGT	36998
CCCTCT	36946
GAACAT	36946
CACATT	36942
TTATGG	36780
TGTTGA	36756
GCGTGT	36662
TTCTTT	36628
AATGCT	36348
AGCATC	36310
CTTGCT	36270
ACTCAC	36238
AGCCCC	36214
AGAAAT	36206
TAAAGG	36066
AGAACG	36022
ATTGTG	35982
CACCAT	35948
ACACAA	35912
AAAGGA	35810
CGTCAA	35724
CACCAG	35616
CTGGGG	35558
GATAAA	35554
ACCACT	35406
GCAAAA	35284
ATCCCC	35242
GCCTCC	35150
ACCATG	35140
CAACAT	35058
GATATT	35046
TGCTGG	34842
AGATTG	34806
GCCATG	34746
ATCAGC	34698
CCTTTA	34692
TTTAGC	34672
TTTCTG	34640
GGTAGC	34612
CTCTGC	34604
ATCCCA	34548
AGAAGT	34482
CAGCTT	34432
GTGTGT	34374
ACACAG	34374
ATCACC	34334
ATTTCC	34004
CCATGA	33968
CATTAA	33954
GTTGAG	33950
AGTAAT	33928
ACTCAG	33902
TAATAA	33808
TTCTTC	33804
ATTTGC	33804
GCAGGA	33684
GGAAAA	33650
ATAATC	33556
CCTCCT	33408
AGAAAC	33300
CATCAA	33196
GAACAC	33170
AGAGAT	33142
ATTACC	33112
TTCATG	33028
AACAGC	33006
CCACCA	33002
ACCCCT	32882
GAAAAC	32792
CTTTTT	32654
AAGAAA	32574
ATAAGC	32558
AATGGT	32516
TACAGC	32448
AGTCCT	32406
ACACGC	32210
ACATCT	32088
CATGAT	32050
GCTGGT	31942
TGGTTG	31892
AATCTG	31880
ATGCTT	31880
ATTTGG	31866
GTTTGG	31860
CAGCGT	31836
ATGGAA	31658
ATTTCA	31644
AATGCA	31624
CCTAAT	31596
CCCTGC	31588
GGTTGC	31580
ATTTTT	31474
GAGATT	31412
AAGAGC	31392
TGTTCA	31382
ACATGT	31366
CATCAT	31360
CTCACA	31340
TTAATA	31236
TGCTGC	31210
GCCACA	31048
TAAAGC	30972
AGTTGT	30966
CAAGCT	30956
TCAACA	30884
GTTTAT	30874
CAGTAG	30842
CAAATG	30822
CGTTCT	30768
ACTTTG	30758
CAATAT	30754
TTTACC	30736
AAATCA	30702
AAATTA	30682
AAAGCT	30646
CTTCCA	30588
TGAACA	30588
ATGCCA	30548
CTGGAA	30532
AGCGGC	30512
AATCAT	30494
GAAGAA	30468
ATATCT	30450
CACCAA	30394
GCTTTA	30328
CTGGAC	30286
CATGGT	30272
AAAAAC	30232
ACTGCT	30220
ATAGAT	30200
AAATTT	30126
AGCTTT	30108
GGTTAT	30084
AGCCTA	30066
ACTGAC	30056
ACACTC	30010
TAAGCA	29924
AACCCC	29846
GGTCCT	29826
TACCAG	29730
GCCTGT	29728
ACCAAC	29680
TGATGC	29646
CAGCAG	29598
TATGTT	29548
TGATGA	29534
ATCATG	29494
ACAATT	29480
GGTCAA	29470
TCAATA	29440
AGTTGC	29424
ACTACT	29400
AAGCAT	29374
ACCATC	29250
CCATGC	29170
ATCTTT	29062
TACTGC	29060
AACAGG	29052
TTTTGT	29048
TCCAAA	29024
ATTGTT	28916
GTCAAT	28892
GCCTTC	28890
AGCACC	28880
GAAGTG	28782
AAGCAA	28690
GCATAA	28668
GCATCA	28628
ATTTAG	28614
ATTACA	28550
GCCGCT	28498
CCCTCC	28492
GCTAAA	28486
CTCCTC	28480
AAAATT	28478
AATCAA	28442
CGATAA	28408
TTTGGT	28400
CAAATC	28342
CGTCTG	28338
TATTGC	28334
GTTGTG	28272
TTGGAT	28252
ATGAGA	28240
GCCGCC	28232
ACCCTC	28230
TTTTGA	28226
ATAATG	28222
AACACT	28128
TAACCC	28050
ACGACT	28030
ATTAGA	28022
ATAACA	27970
TAAAAT	27968
CGGCGT	27968
ATTAAG	27924
ATATCA	27898
ATTTTA	27876
TATGTG	27872
CATCAG	27852
TATTAA	27830
ATGAAG	27828
GATGCT	27818
AGACAG	27798
CTATGT	27782
ACACTG	27750
AATAGT	27750
ATACCT	27724
AACAAC	27692
GAACTG	27640
TTCAGC	27634
TCAGAA	27614
CCAAAC	27600
GTTCTT	27582
TTAAAA	27556
TGGTCA	27534
ATTGGT	27534
AATTTA	27492
ATAGGT	27468
GTAGTT	27466
GGTAAC	27434
CAAAGC	27356
TGAATC	27294
AAGAAG	27278
GTTATA	27246
CGACCA	27212
TAATGT	27206
TCTGGT	27112
GCTGCT	27062
GCTGAA	27014
ACCCTG	26966
AAAGAA	26956
CAAAGT	26948
AGCCGC	26854
CTCTAC	26848
CCTTGC	26848
TATTTT	26830
CCATCA	26812
GTTCCA	26794
CTTTCC	26764
CTGAAA	26702
TTGACG	26668
TATGGT	26506
TGCAGG	26496
CATCCA	26494
GCAAGG	26440
AACGGC	26382
CAATGC	26368
GCTGGC	26366
TTATTA	26366
CTTCAT	26298
GAGACT	26258
CATAAG	26234
GCGGCA	26164
ATGATT	26142
ACACTA	26106
CAGAAT	26098
ATACAT	26088
AAGGAT	26058
TAATCA	26038
CTCTCA	26036
GATGCA	26022
CTTCTT	25936
CCAACA	25928
GCCAGA	25916
ATGTAT	25902
TTATGT	25818
AGGCCA	25772
ACACCC	25722
GTTAAC	25714
ACAGTC	25712
AGTATT	25558
TGACGG	25516
GTTTTC	25516
TTCCTG	25512
ACCACC	25502
AGAATC	25484
GTTGTT	25472
CTGCAA	25432
GGTTGA	25428
AGATCG	25422
ATAGCC	25366
CTTCGG	25364
CCAAAT	25340
TTGCAG	25316
GACTGC	25312
CTTTAA	25284
GTACGG	25272
CTGACC	25272
GCAATA	25260
GCTTGC	25218
TTTGCA	25188
TGCTAT	25168
TGTTAT	25154
CAGAAC	25110
CTTTGC	25104
ACTGTA	25088
GGCGCT	25044
CCTGCT	24960
TTTGAG	24912
ATACGT	24906
TATCCA	24858
GAGCTT	24822
CAATAC	24806
GAGCAG	24758
TATGCA	24720
CAAGAG	24708
CCTCTC	24694
AAAGTG	24676
TTCAGA	24658
ATATAT	24658
GCCTCA	24652
TTTCCT	24624
CTCCCA	24606
AAAGAC	24560
ACACCT	24554
GCATGA	24542
ACCAAT	24482
GACGCA	24482
GCGTAT	24440
AGATAT	24390
TATGGC	24372
AGAAAG	24338
GTTCTG	24320
GTCCTT	24318
ATACGA	24254
CTTGCA	24242
CAATGA	24226
ATTAAC	24190
TTTTTT	24166
GAAGGA	24162
CTTCCT	24062
AGGAAA	24054
TACAAC	24008
ACCGTC	23994
TAACCG	23980
AATCCC	23952
ATAAAG	23938
GCAAGC	23938
GACATT	23922
GGCAGT	23916
CAGCGG	23898
GTCACA	23882
GCAATC	23882
CTCCAC	23872
GCTTGG	23852
ATACAA	23834
CGTCAG	23828
GTTTCT	23788
GCCTGC	23746
GTCTGT	23738
TATTGA	23738
AGTGTT	23732
CTGCTG	23706
GACAAA	23704
CTCCAA	23694
ACTTTA	23692
GAAGTT	23684
TCATGG	23666
TTTCCA	23650
AGACCA	23598
GAGGGT	23594
ATTGCC	23580
CAACGC	23578
TACCCC	23574
ATTCTA	23520
ACGCAA	23478
AAGCGC	23418
GCTACT	23410
GGAAAC	23376
AACAAT	23372
ACTAAA	23358
CGGTTA	23354
CGGCAG	23340
CCAAGC	23268
CCAGCC	23258
CCAGCT	23246
TTTTTA	23192
GGTGCT	23190
GTGCAG	23180
ATATAA	23156
ACCACA	23134
ATTACT	23128
AAGGAC	23106
GTTCAG	23092
AAAACC	23044
AAGCGT	23042
TTAATG	23008
GCTTAA	22974
ACGGTG	22970
CACACC	22966
CTCTTC	22962
TTGGAG	22942
AAGCCT	22942
AGCAAC	22912
AAATAG	22912
AGGTCT	22892
GAAGAG	22890
TAATGG	22884
CTGATA	22882
GTATTT	22872
TTTCTT	22826
AATAAT	22806
AAGGTG	22790
GCCAAA	22772
ATGGCG	22766
GTTTGT	22754
TCACAT	22742
ACATTG	22714
CCTGAT	22710
GCCGAG	22708
AGGATA	22706
AAGAAC	22688
ACATGG	22686
CGTTGA	22680
ATTATT	22660
ATCCAG	22644
AATCGC	22626
CAACCT	22602
CAGATG	22536
AAAGAT	22514
AAAGTC	22488
AAGGTA	22430
TAACCT	22424
ATCTGC	22420
AACCCA	22410
CCTGTT	22366
ATCACG	22360
TGCAAA	22356
CCGTCA	22346
CGCTGT	22328
CATTAG	22320
ACTGAA	22312
GTCCAT	22308
GGCGTT	22302
TCAGTA	22286
GGTTGT	22270
GCCAAT	22258
CTGGGC	22252
GGATGA	22242
CATCTC	22236
ATTAGC	22232
TGGAGG	22228
CGTCCT	22214
AATTTT	22208
GACGGT	22150
GCTTCC	22120
TCATCA	22096
GAGATG	22068
TGGAAA	22042
CAGATT	21984
CACTCA	21976
CTCAGC	21944
CACCTT	21924
TAACGA	21920
CGCTTT	21902
TATCTG	21890
CGTTTT	21836
TTCAAC	21816
CATTGC	21810
GCTGTT	21760
GCAGCC	21756
CGGAAA	21742
AAATCT	21734
AAAACT	21722
CGACTG	21716
CCCGTC	21698
CATTTG	21640
CAACTT	21640
ATAACG	21614
CTTCCC	21614
ACGCGT	21594
AGATGC	21586
CGCTAC	21570
GGTTAC	21558
AATCCT	21498
GACTTC	21498
GACCTT	21492
CTGCTC	21462
AACCTC	21458
TGACGC	21450
GTTCAA	21428
AGCATG	21426
ATGTCT	21426
CTCTAT	21414
GAAGGC	21408
GGCAGC	21404
AGATGG	21402
TTCCAA	21392
CCTTCA	21386
ACTGGT	21384
ACCTTG	21326
ACCAAG	21324
CTCTTG	21306
GCTGCC	21248
TTAACA	21248
ATCAGG	21204
CCTCCC	21176
TTAGAC	21154
CGTCAT	21154
TCAAGT	21116
GCTCCT	21110
TGGTAA	21070
CTGTCT	21028
CTTGAT	21028
TTCCAC	21004
GGTGAT	20996
GGCGGC	20992
GGTATT	20980
AATTCA	20972
GAGAAG	20898
GGTTCC	20896
GGCTGC	20894
TACATC	20892
CTCATT	20884
TCAGCA	20880
GTGATG	20868
GCCTAT	20844
ACCTGC	20834
CAGGAG	20804
TCTCTC	20798
ATTTTC	20788
CTGCGT	20754
GGCGTC	20746
AATCGA	20692
AAGTAA	20654
CTGCCG	20646
TACCGC	20624
TTAATT	20578
GATTAT	20558
GCTTTT	20532
GGGAGG	20522
CTGACG	20512
AGGCTG	20496
CCACTG	20494
CCCCCT	20484
TAACGT	20474
ACAATC	20470
ATTCGC	20466
GTTTTT	20462
GATGAA	20452
CTCAAC	20448
CAGATA	20444
CTTGCG	20442
GTAAAG	20440
TGATAT	20440
AAGTTA	20414
TTATCG	20404
TAAATT	20394
CTTTCT	20380
TACCTT	20374
CATTAT	20372
ACCAGT	20370
TTTTAC	20370
TAACAG	20362
ACCTCC	20360
AAAGCC	20348
AGACAC	20332
CTTGAA	20300
TTGCTT	20300
GTCAGA	20296
TAAGTT	20262
TCCGTT	20242
CAGGGT	20222
CAAGGT	20220
TACCCT	20170
GGAGCA	20158
AACCGC	20144
AGTGGT	20120
GTTCAT	20114
CTCCTG	20092
TCTTGC	20042
TTTGCT	20020
ATGTGC	20016
ATAAAT	20000
GCTCTC	19998
CCATCC	19978
AATAAA	19942
CCCCTT	19938
ATCTAT	19936
GGCATT	19934
CCTACA	19934
AAATAT	19900
CAGCGA	19890
CGCTTC	19888
TAACTG	19886
ATACTC	19868
CTTCTC	19842
TCCTTC	19830
ATCTGT	19820
GTTATT	19812
AAGTCA	19806
ACTTCC	19806
GTGATT	19780
CATGAC	19766
AAGAGT	19732
GATTGG	19706
ATTGAC	19704
GCATGG	19704
ACTTCA	19694
TGCCGC	19694
AACTTC	19694
AAGGCT	19674
CACTCC	19670
GGTGGC	19642
TACATG	19634
CGTTGC	19598
TGCCAC	19568
GATTCA	19566
GAAGTC	19544
TTATTG	19534
CTTGGT	19516
TTTTGC	19488
AACAAG	19460
CAGGTG	19430
GACATG	19426
GCCCTC	19418
ATGCGG	19408
AATGCC	19396
TGGCGG	19372
CTCAGT	19364
CAGCAC	19358
TTGCAT	19348
CCTCAA	19322
CATTTC	19320
ACCTCA	19318
ATACCC	19282
CACTTC	19258
GCACAC	19244
TCCTTT	19242
CCCAGC	19204
GGCTCA	19184
ACGCTC	19184
GCCTTT	19180
GAAGCC	19176
GATTAA	19170
TTTTCG	19154
CAGCCT	19148
AGAGCC	19142
CCCTTC	19130
CGTCTT	19124
GTAAAA	19112
AGAATG	19074
TATTCA	19066
AGCTGT	19060
TTAATC	19052
ACTGGC	19034
CGGCAA	19028
GTTGCT	19000
TTATGC	18988
GGCCTC	18970
CTCAGG	18940
TCCACT	18936
TGGTCG	18930
CGAGCT	18926
AAGCGA	18898
CTTTAT	18884
ATGGCA	18856
CTTTAC	18854
ACTGAT	18848
CACCCA	18828
AGCAGT	18794
ACCGCT	18786
GCGTAC	18752
CACATA	18746
ATTTGA	18732
AATTAT	18726
ACGCCG	18724
TGTTTT	18710
AAGATG	18706
CGGTTG	18704
ACGTTC	18686
GAAAAT	18672
TTAAGC	18668
ACCTGT	18644
TACCAA	18642
TTGTTA	18634
CCACAC	18632
GGCTTT	18632
TGAAAC	18606
ATATTC	18606
CCCCTC	18580
AGTAAC	18578
CCTGAA	18556
TTAGGG	18550
TCATGA	18548
CCAACC	18530
GGTATC	18526
CTCAAT	18522
AAGTGG	18482
CATCTG	18474
TTGACA	18464
TTCACT	18456
AATGGC	18452
GCCTAC	18414
CCTTGA	18406
GTCTTT	18400
TTACCA	18376
CACAGT	18376
GTTAAA	18360
GAAATG	18356
CATGGC	18322
TTTCTA	18300
GAACGC	18288
GCTCAG	18270
AGTCAC	18252
TGTTTC	18252
GTCTAA	18228
CCCAAT	18214
GGTCAC	18186
GCCTTG	18182
CTAACC	18168
TGCAAC	18158
GCAACA	18142
ACGCAG	18116
AGAGGA	18116
TTGCAA	18112
ATATTT	18090
TACTAA	18086
TCTCAT	18058
GGGGAT	18020
CCTCAG	18014
ACCCCC	18010
TCATCC	18008
TAAACG	18008
AGCTGG	18004
ATAGCT	17996
GATACC	17986
GCTCAA	17950
TTTGAA	17920
TCTGAT	17916
TTTTAA	17906
CATCTT	17906
GGAAGC	17902
ATTGGC	17894
CACTGC	17888
ATCCTG	17874
AATGGA	17864
TGATTT	17862
ACTACA	17854
CTACCA	17838
GTTCCC	17808
ATGAGC	17788
TGTTGG	17768
TGGATG	17766
GCCAGT	17766
CCTCAC	17764
GTGATA	17764
GGTTCT	17744
CCACAA	17716
CTGTAG	17706
GCAATG	17702
CAACAC	17700
TGTAGC	17698
AGGCTT	17690
GCTTCG	17680
TTGATG	17668
CTTGGC	17654
TGATGT	17644
GCCAAC	17640
AGACCT	17634
TACTGT	17608
ATGAGG	17594
TGAGTC	17580
GCTATT	17566
ATGACG	17554
TGAATT	17554
GTATGG	17554
GGCTGG	17510
TTCATT	17502
GGCCGT	17498
ACCGCC	17478
CACAAC	17464
CTTCAA	17458
GCATTG	17446
GCAGGC	17438
ATTGAA	17432
CACCAC	17432
TTAACC	17430
GTCCTG	17412
AGACGA	17406
TTGGAA	17386
GACAAT	17382
TGCCGA	17382
GCAGTC	17356
CGAGCA	17332
ACCTCT	17322
GCCTGA	17314
CGTGAT	17290
GAAATA	17282
GCTCAT	17278
GATGTA	17276
CTCCAT	17260
CCCGAC	17254
TCCTGC	17252
ACCCTA	17246
TTATTT	17240
GAATGC	17216
AAGACG	17214
GGGATG	17188
GACACC	17176
GCTCCA	17152
AGCGGT	17148
GATGTT	17148
TCAGGA	17142
TTGTTC	17118
GCTCCC	17096
TGGTGG	17090
GTTACT	17082
GTACGC	17080
AACGCG	17072
CGAGAA	17070
AAGCTA	17056
TGTCTA	17054
GATTGA	17034
CGCCAA	17026
TTGATA	17008
ACTACC	17006
TGGCAT	16976
AAAGGC	16972
ATAGAC	16954
TGGCTG	16924
TAATCT	16920
ATCTCG	16908
AACACC	16896
CCAATA	16864
CTTTGT	16840
TCTTTC	16838
TGGTGC	16832
TCAACC	16808
TTATAT	16788
ATGACA	16764
GTCGGC	16750
CTATTG	16746
ATACGC	16738
CACATG	16726
TATTGG	16704
AGATTT	16696
GCTCAC	16686
TGATGG	16674
GTGGCC	16656
TTGAGT	16634
GGGTTA	16630
TTCACG	16620
TGCATT	16614
AACGCC	16612
CGCCTC	16608
ATTGGG	16596
CAAGGA	16576
GGCCAC	16570
TAAGCT	16570
CATGCC	16540
CGCTCT	16534
AGGTGA	16522
TGGCCT	16512
CATCCC	16512
ATTTAT	16494
GGATGC	16486
GTAGCG	16458
TAAAGA	16454
AAATCC	16452
TGGCAC	16450
CAGTAA	16440
CCACCT	16438
TCACCT	16434
TAGAAA	16432
AGGAAG	16430
GCACCT	16418
CGGTGT	16418
ATCCGG	16414
ACCCAG	16410
TTAGAG	16370
CCCATT	16358
CAGACC	16320
CTACCT	16310
ACCCCA	16308
CTAAAT	16308
TTCCCA	16290
CGACCT	16208
GGGGAA	16200
ACCAGG	16192
GGTGGT	16168
ACTTGC	16166
CAACTG	16150
ATGGCT	16150
TTCCTA	16148
GGTCTA	16124
GAATGT	16102
CTGAAC	16100
ATAAGG	16078
GGCCTG	16066
GCAACT	16056
TGAGTT	16048
CTCTTA	16030
ATCGGT	16016
AGTCAG	16010
AGTTTT	15988
CTTAAA	15978
TGACCG	15954
GTAGCA	15950
TCAATC	15948
AATTGT	15938
CTCCTT	15932
TGGAAG	15930
TCCATT	15922
ACTCGC	15914
CTGTCA	15904
GTTGCC	15874
TCACAC	15870
GATTTA	15868
GTACAC	15866
AGCTCT	15854
GCAGGG	15852
TCTGCC	15852
TAACTT	15844
TAGCAA	15836
GATAAT	15836
TCTGTT	15808
GAACTC	15802
TTAGCC	15786
GCCCCC	15756
CGTGAC	15726
TAGACC	15718
AGGCGG	15716
ATAATT	15716
TATTTA	15686
GGACAC	15682
CGGTAT	15658
TCTTTA	15622
CCTGAG	15618
AGACTC	15618
TCCTGA	15602
TGAAGA	15588
GAATAT	15586
ATTCGA	15580
TGGTTC	15580
TAAATA	15566
CCTCTA	15564
CACAAT	15556
AAGCCA	15552
GTATAA	15548
CCTTCC	15538
GACAGC	15526
GTTTAC	15498
CACCTC	15472
AGCATA	15468
GTTTGC	15458
TAACGC	15452
ATAGGC	15450
CCCGCA	15450
AAGATT	15446
TAAACT	15434
GTTTTA	15434
TACCTG	15428
CAAGTT	15426
GGAGAG	15414
CTGTTC	15410
CGTTCA	15410
GTCTGC	15376
AAGTTT	15376
ATGGAT	15366
AATACG	15362
AACAGT	15358
AGGTTT	15350
ACCTTC	15348
ACTTGA	15330
GGAACC	15324
GACCGC	15322
CAGGGC	15322
AATTCT	15312
CAAAGG	15308
CGAGAT	15308
CTCTCG	15300
GTAACA	15286
AAATTG	15280
GCACGT	15278
ACGAAC	15272
AAGGCC	15234
CAAGTA	15226
TGCGTC	15226
AGAGGT	15222
GTATTG	15210
TCCAGC	15184
GTCGGG	15172
TCTGCA	15150
ACCCAC	15148
ATGTCA	15144
CCAATG	15142
GGAGTG	15132
CCTTTC	15112
CGTACC	15108
CACATC	15102
CTGTGT	15092
CTGCTA	15090
CATTAC	15070
GGGTAC	15024
CAAGCC	15024
GTGGCA	15022
TGGACT	15020
TGAGCT	15018
CATGGA	15008
GGCTAA	14998
AGGAAC	14994
CGGAAG	14992
GAAAGG	14970
CCTGAC	14956
CCCCCA	14954
AGAGAA	14942
AGATGA	14940
CCGTTG	14938
CAAACC	14934
GCAACG	14930
TTTTCC	14920
ACTTTC	14912
TCCATC	14910
CACGCT	14896
ATGAAT	14886
GCTCTA	14884
CATTGT	14884
AGCTAC	14872
TCTTGA	14840
TGTTCC	14818
ACTGGA	14814
CACGAA	14810
CTGACT	14802
TCTCAA	14790
TTCCTC	14786
TGTTGT	14776
CAGGAT	14728
ACGAAA	14722
CTTTGA	14720
AGATGT	14718
GAGGTG	14684
GCGTTT	14672
ATGCTA	14668
CGAGCG	14656
TTCACC	14646
TGCAAT	14626
TGAAGG	14618
CCTCTG	14616
ATATGG	14602
AGTCTG	14590
TCATGC	14574
GTGTGA	14570
GAATGG	14568
GCCCAG	14562
CCAATC	14552
AGCACT	14546
GGACAG	14532
CCGTCT	14520
ACCGGA	14500
AGCTTC	14488
CGATGA	14488
TACGAA	14472
TAGGGT	14458
GGCTGT	14454
CATTGG	14454
TCTGAA	14454
CTTGAC	14444
AGAGCT	14438
TTCGAT	14434
GTAAAC	14424
GAGCAC	14410
GCCCAT	14392
CGCTGC	14384
ATGTGA	14382
TTACCT	14364
TCTCTA	14356
TGCATG	14354
CCCATG	14352
TACAAG	14352
AGACCC	14338
TAAAGT	14324
CTGCCA	14294
CGATAC	14294
GTTAAG	14266
TACCTC	14260
ATCCTC	14260
GGAGAA	14252
CGTCCC	14232
GCCACT	14216
CCCACA	14196
AACACG	14192
TGCTAC	14176
CCCATC	14172
CACTTA	14144
TAGCAG	14134
TGAAAT	14124
CCGACT	14114
GCATGC	14096
TAAGAG	14090
ATATGC	14060
GGTCCC	14058
AGGAGT	14050
GAATTA	14042
TGCCTT	14034
TTAAAC	14026
AGGACG	14016
CTATGA	14010
GTCTAT	14004
CGTACG	14004
GAGCAT	14002
TAAGAA	13960
AGATTA	13952
GCTTGT	13948
ACGTCA	13944
GATAAC	13940
TGGATT	13938
GAATGA	13922
TATCTT	13892
TGAATA	13876
AGGAGA	13874
AGTGGC	13856
AGTCTC	13842
CATAGA	13842
TGTCTG	13838
ATCTCA	13818
ACGTGA	13818
ATCAGT	13816
ATGGGT	13814
TGAGGG	13812
AGCTCC	13806
AGTCCC	13798
CGCATT	13792
GCCCCT	13792
ACTTAT	13786
TCCCAA	13762
ATTATA	13756
CAATGT	13756
GCACAA	13748
CTGAGC	13736
GTCCCC	13732
TGACTC	13720
AACTTG	13708
GATTAG	13702
CACGTA	13700
CGTCAC	13696
GAGTAA	13692
TACTCC	13676
TGTTAC	13670
CACAAG	13664
CATAAC	13660
TAAACC	13652
CCGGCG	13648
TTCGGC	13642
GCGTCA	13620
GAGGAG	13618
AACCCG	13614
TCTAAA	13608
TTACTG	13578
CGTATT	13574
AGTTCG	13548
GATAAG	13542
GCATTC	13518
GACATA	13500
TTGCTA	13492
TGTGGC	13490
CGCAAC	13486
TATGGA	13476
GTTGCG	13456
AAGGCG	13430
TGCTCC	13430
CCCCTG	13404
CAACCC	13382
CACCCT	13366
AGTGGA	13366
CAGTTA	13358
TATTCC	13354
TCCATG	13342
AATAGA	13334
ACGGCC	13330
ACCCAA	13322
CACACG	13320
AATTAC	13312
ACAGTT	13310
CCCCAC	13310
GGATAC	13308
AGCCGA	13286
CATTTA	13270
GTCTAC	13256
CTGTTA	13250
CTACCC	13238
GCTAAT	13224
TTATAC	13214
TTGAGG	13212
GTGTGC	13210
TTCATA	13206
TTAGCA	13206
AAGCCG	13204
TTTTGG	13184
TCAAGC	13164
TTTAGA	13162
ACGGAA	13160
TTTCAG	13152
GATATG	13144
AGCCCG	13138
GTAGAG	13128
ACCTAT	13128
TCACGC	13124
GTCCAG	13120
GTACTG	13110
CACCCC	13108
AAGCTT	13108
CCCTTG	13104
ATACTT	13100
TGTGCC	13092
GTCCAC	13062
GCTGTC	13036
GCTCGC	13022
GCATTA	13020
AGGTTA	13008
GTTCTC	13006
GCTTGA	13004
TTGAAC	13000
CATCGC	13000
GAGGCC	12996
CATATA	12984
CACCTG	12982
AAGTGC	12972
TATAGA	12960
CTCCTA	12958
CGCCGT	12940
TAAAAC	12940
CGTTAT	12920
TGGTAG	12918
GAAATC	12908
CAACTA	12898
AACATG	12896
TTGTTT	12890
GACAGG	12884
CACCGC	12878
CAAATT	12860
GGCGCC	12854
AAGGAA	12806
CGTTTA	12800
TGTCTC	12796
TCCTTG	12794
GGCACT	12786
CACTGT	12784
TCCAAC	12768
ACTGCC	12766
GGCTTC	12762
TGTGAC	12744
GGATAA	12740
GTGGAG	12736
GGCACC	12720
ATCTCC	12718
GTGTTA	12712
GTGAAA	12698
TTAAGG	12694
CCTCGC	12682
GATGTG	12678
GATTTT	12672
TGATTG	12668
GCTGAG	12650
TTAACT	12644
TAGCTT	12638
TGCGTT	12620
AGGCCT	12618
GCATCT	12616
GTTTCA	12604
TGTTGC	12602
ACGGTT	12596
GATTTC	12558
GGATTA	12554
AGGTGC	12552
TGAACG	12532
GTGCTC	12524
TTGGGG	12516
GCCCCA	12512
TTACCG	12510
TCATTG	12502
TACGCT	12488
TATGCG	12486
GCCGCG	12464
CGCCTT	12464
TCTCCC	12444
ACTATG	12440
TGACCC	12436
CCAGAG	12430
CCCACC	12418
TCACGA	12404
GTTCAC	12396
GTCCAA	12384
GAGTGG	12370
TTACTA	12348
TTCGCT	12342
CATAGC	12332
CGCCGC	12302
TCCATA	12292
CTCTGA	12290
TTGGTG	12278
GTGACA	12276
TTCCCC	12274
TGCCTG	12270
GAAATT	12268
CCTTAT	12266
CTAGAC	12262
GCACAG	12244
CCGGTG	12226
ATCGTC	12224
ATGACC	12208
TAGTTG	12194
ACTATA	12192
AGGTAC	12192
CATAGG	12190
TGAGAC	12178
TTACTT	12176
CACTTT	12168
CTCTGG	12166
TTACTC	12150
TGTCCA	12150
CCGTGT	12122
CGGGAG	12118
CTATCA	12098
CCACCC	12088
GTTTAA	12076
CGAAGT	12076
GATGGG	12074
AAGAGG	12054
ATAACT	12054
GAAGGG	12050
CGAACC	12050
TAGAGC	12050
TATACC	12034
CGAAGG	12024
GCATGT	12016
CGACCC	12004
TCACGT	11994
CTCGAT	11990
GTGTAG	11986
TCATAA	11972
CAGTTT	11970
ATAGAG	11948
GAGTCA	11920
ATATGT	11920
CTTTTC	11900
GCACCC	11898
CTGTGC	11898
TCTTAA	11892
CGTGGA	11888
TGAGAT	11888
AGGAGC	11886
CGTTTC	11886
TCGCGT	11882
TTGAAG	11874
CTGTAA	11870
GAAGCG	11870
TATATG	11864
TTGACC	11862
CAGCGC	11858
CGAACA	11856
GTCGCA	11856
CCTGTC	11852
ACGTAT	11850
TAATGA	11822
CACTAT	11818
GTCTCA	11800
AGGCCG	11786
ACGGTA	11786
GCTCCG	11784
TGCAGC	11778
AGCGAC	11756
TTGCGA	11736
AGTCGC	11734
AGGATG	11732
GGGTCT	11732
TGTATG	11726
CAAGTC	11720
GATGCC	11714
GGAGGG	11714
ATATGA	11704
TCAGGC	11702
TACTAC	11690
ACGGCA	11680
TTGACT	11676
TATCGA	11652
CATGCG	11638
GGGCAT	11638
GACCTA	11630
TATGAT	11626
GTGGTC	11626
GCCGGC	11624
GAGTTT	11614
CAGGAC	11602
TTAAGA	11596
TTGGTA	11586
GGACGA	11582
GAAGGT	11580
TGGACA	11578
ATTAGT	11558
GCTGAC	11552
TGACGT	11536
ATTTAC	11524
TTTGCG	11520
CTATCT	11506
GGATAT	11472
AATTTG	11464
GCTGCG	11446
GGAAGG	11440
AATTGG	11438
TTGAGA	11432
GTAGCT	11424
CGCCAC	11418
TAGGAA	11414
GTGACG	11412
CCCCTA	11412
TTCAGG	11410
TACCGA	11406
GCGTGA	11376
TGGCTA	11376
TCTTTG	11358
GGAAAT	11350
CATGTC	11350
GGCCAA	11342
ATGTAA	11328
TTGGCT	11326
GGCGGT	11320
CGTGCA	11314
AGAACC	11304
GTCACT	11278
AAGTCC	11270
CCCCAG	11270
GAAGTA	11268
GAAGCT	11262
AACTAT	11246
CTGAGA	11238
GAAACG	11228
CTTTTA	11212
ACCGAT	11202
CCCAAG	11196
CAGTTC	11186
TGGGAG	11160
CACAGC	11152
AGATTC	11148
GGAGGA	11128
GAATAA	11128
CCCTGG	11122
GGGCCA	11120
CCGTTC	11120
AACGAA	11106
GGTGCC	11096
CATGTG	11088
ATGACT	11076
TTCGTG	11058
TTGGCG	11042
GTAGGC	11020
GACGCG	11018
GTCGCT	11014
TTTTCA	11000
CGAAAG	11000
CGTGAA	10996
CCACGG	10986
CCCACT	10960
GGGATT	10960
CGGACT	10950
TGAGTA	10928
ATGGCC	10924
AAGTCT	10918
GTCACG	10906
AGAGAC	10886
ACGATG	10880
GGGCAA	10860
CGTAAA	10848
TGTCAT	10840
TGTCGC	10838
TTGATT	10830
TTTACG	10824
CTATTC	10818
GGGGGT	10816
GTGTTT	10784
TTCGTA	10780
CTCCGC	10774
TCTACA	10760
CGCTCG	10746
AGGCAG	10742
GTAATG	10738
CGCAAT	10734
ACTAAC	10730
TTACAT	10716
CTATTA	10714
ACGAGC	10714
GCCCTT	10714
CCAAGT	10694
AGTGCC	10684
TGGTCT	10682
GCCCGG	10676
GTAGAA	10672
ACTGTG	10654
AGAGGG	10652
ACTAAT	10652
ATCCGC	10652
ATGTCC	10640
CCTGCC	10636
TGGAAC	10620
TGAGCC	10618
GTTCGC	10618
ACTAAG	10612
CCTACC	10606
ATCTTC	10600
GGCGAT	10594
GTCCGG	10566
CGGTAA	10540
CCTTTG	10536
GCTTCA	10530
GCGATT	10524
GCTCGA	10516
GACCCC	10514
AACCTA	10508
CTGAGT	10502
CGAGTA	10468
GTCAGG	10462
GCGGCT	10458
CGGATT	10442
AGTGCT	10424
AAGATA	10406
GTCGTT	10398
GACCTG	10396
TGTGCA	10396
GACCTC	10394
TGCTCG	10390
CCAGAC	10366
TGGGAT	10362
TTATGA	10358
TACATT	10358
CTAATT	10328
CCAGGG	10326
GCTTTC	10322
CCCATA	10318
ACGACG	10316
TCAGTC	10292
AGACTG	10284
TGCACC	10262
TGTATC	10250
ACGTGC	10240
TATAGT	10236
TGAGGT	10236
CCTAAC	10224
TCAGGG	10218
ACTTGT	10212
ATTGAT	10200
TAAGTG	10200
ATCGCG	10198
GTGGAC	10196
TGCCAG	10190
TCTATT	10184
ATGGGC	10182
AGGCTA	10180
TGCGAC	10178
TTAGTG	10172
ACGAGT	10170
CCCAAC	10164
CTTCAC	10150
TCCACG	10142
CGACGT	10136
GGAGAC	10126
CTAAGC	10126
TGGCGT	10126
ATCCTA	10106
CTCCCG	10104
CCACTC	10088
ACGCGG	10074
TCCCTA	10070
CGGCTC	10052
CCAACT	10050
GACTTG	10046
GCCCAC	10034
CAGTGT	10030
TACTTG	10030
CCCGAG	10012
CCAGTC	10004
CAGTGG	9998
ACTTCG	9996
TTTAGG	9994
AGGACT	9990
TCCTGT	9988
TAGTCA	9978
AATACA	9954
GCAGTG	9946
ACGCGA	9938
ACGTTA	9938
GACGTG	9936
CCACCG	9932
CACGAG	9924
GCCACG	9912
TCAGTG	9910
TTATCT	9910
CGAATA	9908
CTCAAG	9904
ACCGAA	9876
AGAACA	9872
GAGGTT	9850
CAGCCC	9846
CCTCCG	9826
CGTGTA	9796
GTCCGC	9788
GCGTTC	9772
GTGGTA	9768
GGCCCC	9766
AGACCG	9766
ACGAAG	9760
GTATAT	9754
CTTTGG	9748
TATATT	9740
TAGATA	9728
CGAACT	9726
GTACAA	9720
TGCGAT	9710
ATCATT	9704
GAATTG	9692
CACCTA	9682
ATATCG	9672
GCGTTA	9668
CCAGGA	9660
TTATAA	9656
CTATAA	9654
CCACGT	9650
AGACGT	9622
GCTGTG	9610
AAGGGG	9602
CGGCCT	9596
AGGGCT	9592
CTAATC	9590
ACCTTA	9590
ACGACA	9588
AGGTAT	9580
GCCCGT	9568
GACCGA	9564
TCCTCA	9564
CCTGCG	9564
GCTTAG	9554
CGACGA	9548
TCAGGT	9546
CTACTC	9542
CAACTC	9536
ACCGTG	9532
AGGCAA	9528
CTGTAC	9528
TACTCG	9520
GTAATA	9518
CCGTGC	9506
CTAGGA	9504
CTTACC	9498
TTAACG	9496
ATCTGG	9494
CGGCAC	9494
ACCCCG	9482
TCCGTG	9476
CTTTCG	9470
CCTGGC	9460
CGTTGG	9456
GGCATA	9454
TGGATA	9452
CTCGAG	9444
CAAGAC	9440
AGACGC	9432
GATGGC	9428
CGTGCC	9426
ATGGGA	9424
CACAGG	9424
CCATAG	9418
CGCCCT	9408
GTATTA	9404
GAGCCG	9398
CGAAAC	9394
ATCGTG	9392
GTGCTA	9388
GGTCGG	9376
GTGGAA	9366
TAGTGC	9338
TCCCCC	9336
CCCCGG	9334
TGCCCA	9334
TCTTAC	9330
ACGCTA	9330
TAAGGC	9318
GGATGG	9294
GCCCAA	9294
TTCGTT	9292
ATCTTA	9286
ACTTGG	9274
AAGTGT	9268
ATGGAG	9250
CAGTGC	9242
CCTTCG	9240
CTCCGG	9236
CCGATA	9228
AGTGTG	9226
TGAGCA	9220
TCGTGA	9204
GCTGGG	9204
TCCCCT	9204
GATGAT	9204
TATCTA	9202
TACAGG	9190
CTGACA	9184
TAATAG	9178
TTGTCA	9174
TTCGGG	9158
GTGAGC	9152
CTAGTG	9152
GCTTAC	9140
TCGGCG	9126
CACCGG	9124
GCAAAC	9122
GCCTCG	9116
GGGCAG	9102
TTTCCC	9092
GGTGTC	9082
TCATCG	9076
GTGTTC	9072
CTTGGG	9070
AAGACA	9056
TCACTT	9034
TGGCAG	9032
TGGTAC	9032
CTACTT	9026
TATGCC	9012
TAGCGG	9010
CGATGG	8998
TCCCTC	8994
GAAAGC	8994
CGGGAT	8990
TTGCCG	8990
CCACTA	8972
CCAGTG	8968
GCTATG	8952
TTACAC	8918
TGCATC	8910
AGTGAC	8888
AGTACC	8870
CGGCTG	8856
GCCCCG	8848
TACGCG	8846
TAGAGG	8842
TGCACT	8842
CCTAGA	8828
TCCTCC	8818
GGAAGA	8812
GGAGTA	8808
CACGGC	8802
GCACGC	8792
TCGGTA	8768
GTCGAG	8764
CATGGG	8760
ACGAAT	8754
CACTGG	8736
TATTTG	8730
GAGGAA	8726
AGCACG	8726
TGCAGT	8718
TGCTGT	8712
CGGCGA	8698
CCGGAG	8692
AGAATA	8684
GAGAAC	8680
TCTATG	8678
CCCTCG	8672
TAGCCT	8666
TGATAG	8648
GGGTCA	8646
CCAACG	8638
GGCCCT	8636
TGGCTT	8632
CTAGAA	8626
CACTAC	8624
CGGCCA	8608
CCGTAC	8598
CATGTT	8598
TCTGCG	8594
CTAACG	8588
GGCCCA	8586
AATTGC	8586
CGGTGG	8584
TACCCG	8584
TCATTA	8574
GGAGGT	8570
GGTGAA	8552
ATCGCT	8548
TCACTG	8540
TTAGTT	8522
GAGAAT	8518
GGTCTC	8518
GCGAGT	8512
GGTGTT	8508
CCTGTG	8502
TCCTAC	8494
TCGATA	8476
CTGTGA	8466
GTCTGA	8450
CACGCG	8448
AGAGTG	8446
TGTAAA	8438
GTTACC	8394
TCCCGA	8390
CTAAAC	8358
AGCGAG	8356
ACGGAG	8346
AACTCC	8340
TTGAGC	8334
TTACCC	8328
GTGTAC	8328
CAGTCT	8328
CAATTA	8326
GCCAGG	8326
ACCCGA	8324
GAGTGT	8324
CGAGAG	8324
CGTATC	8294
AGTTCC	8284
TAAGGA	8272
CAGCTC	8264
AAGTAC	8252
TAGCGT	8250
GCGATA	8246
TCGCTT	8230
CGTCTA	8214
TTGTGC	8214
CGTCGT	8196
CGGTAG	8192
CTGTCG	8174
CTGCCC	8164
GGACGG	8140
CATGTA	8140
TGGTGT	8116
GACTTA	8116
CTAGCT	8114
GACTGG	8102
CCAGTA	8100
GATACG	8098
ATGATA	8092
CTCATA	8084
CGCGCT	8058
CGTGCT	8044
GAATTT	8042
TATGAA	8020
TCTGGC	8012
GGGAAA	7994
CGATGT	7994
TAGGAG	7974
AATTCC	7962
TTCCCG	7952
ACGGGG	7942
TGAGTG	7938
CCTAAA	7934
TACGTG	7924
CAAGTG	7910
CGACTC	7902
TACTTT	7878
GCACTA	7874
GCGAAT	7870
TTGTGG	7852
ACTCGA	7842
TCCAGA	7828
TTAGCG	7826
TGTGGT	7816
TCAGTT	7814
GACGGA	7800
CCTAAG	7794
ACTGTC	7782
ATCCGA	7780
GGAGTC	7778
CTTCGA	7770
ACGATA	7768
GTAGAC	7764
TCTATA	7760
GTTAGG	7758
TTTCAA	7758
TGAAGT	7750
AACTAG	7746
CAGCCG	7742
GCGCAA	7730
TGTAAC	7724
GCCTGG	7720
CGTCCA	7706
CTAACT	7696
TGTCCC	7690
GGCGGA	7686
GTGAGG	7670
AGGTAG	7664
GCGTCT	7654
TATTAG	7652
GTAGTC	7644
CAGAGC	7642
TGCGCT	7642
TGAACT	7640
TACGCC	7638
ATCGGC	7626
AGCCGG	7626
GCCGGG	7618
CGGAGT	7608
CCGGTC	7594
CGCGAA	7594
TTAGCT	7592
CTGCGC	7592
TCCACC	7590
CGCCCC	7582
CGCTCA	7580
CTAATA	7550
CGTCGG	7544
CGATTA	7532
AAGCCC	7524
TAGGTC	7514
CAGTTG	7504
CCTGTA	7502
AGGGAT	7502
TGACCT	7500
CGGTTT	7500
AGTCGT	7494
GATTAC	7490
TCACCC	7480
GGGTAA	7470
TGTGCT	7454
TAAGGT	7450
GTGCAA	7446
ACCCGG	7442
CAGTGA	7438
ACGCCT	7410
CTTAGT	7398
GCGTCG	7394
CTTGAG	7390
TGAAGC	7386
CAGCTG	7382
GAGGTA	7362
TGCTCT	7362
TCCCAT	7362
GACTAA	7356
CTTCGC	7352
TCTACC	7346
GGCCTA	7334
CCATGG	7328
CCACGC	7322
TATGTA	7308
ACTAGC	7308
CTCGTA	7302
TATGCT	7294
TAGTCG	7286
TGTACC	7266
AGGGAG	7266
GTACCG	7262
TCCAGT	7254
TCCGAG	7254
CGACTA	7236
AGAGTT	7232
TGTCTT	7226
CGCGAT	7224
CGGAGC	7222
GTGTCA	7210
TTGGCA	7198
TAGCGA	7186
GCACCG	7156
TGCACG	7156
ATGCGT	7152
TAGACG	7144
GGAGCT	7132
TAGGTG	7120
CATTGA	7116
GCACGA	7106
TACGGA	7106
GTTAGC	7096
CGAATC	7086
TACCTA	7084
AATCTA	7068
GATCTG	7048
CGCACG	7036
CGCCGG	7026
AGGGGT	7018
TCATAT	7014
CACGGA	7010
CGGCTT	7004
GAATAC	6998
GAGTAG	6980
CCGGCT	6976
AGATAG	6966
CTATGG	6962
TGTCAG	6962
ACCTGG	6958
AGTCTA	6930
AGGAAT	6918
GGTCCG	6914
GGTGAG	6906
CCGCTA	6904
GTCGTG	6902
TGGGTT	6890
GGATCA	6874
TTACGA	6872
CGATTC	6870
CGACAC	6842
GCACTC	6834
GCGTGC	6834
CTAGCA	6832
CGGACG	6828
GGGTGA	6798
TTCGAC	6794
ACTTAG	6792
ACGCCC	6784
ACGATT	6754
CGATTG	6726
TGGAGT	6716
AATGTA	6714
CATCTA	6704
TCGCAG	6704
CTGCGA	6700
CGTTCG	6694
GAGTGC	6694
TTTCGA	6680
TCCCAG	6664
AAGACC	6644
TGAGAG	6640
CGTCGC	6636
CGTAAC	6628
GAATAG	6622
GATCAA	6608
GCAATT	6596
AACTAC	6590
CGCTGG	6562
TTGTGT	6560
TGGACC	6558
TCACTC	6550
CCCCGA	6550
GTGAAG	6548
CTCACG	6526
AGGTGG	6524
TGCCTC	6518
TGCGGC	6518
GCTATC	6518
TATAAG	6516
CCGCTC	6516
CCTATT	6498
GTGAAT	6476
CGAACG	6470
CTCGAA	6470
TTGCGC	6466
AGTCGA	6460
TGAACC	6460
AGGTGT	6460
CGACAT	6446
CCCCGC	6418
GGTAGT	6398
GAGCTA	6398
TAAATG	6390
TATTGT	6382
AGTATA	6378
GATCCG	6376
TTGCCC	6370
GGTCGA	6360
CAGGTC	6360
TGCCCG	6360
ACGGCT	6348
TGGCCG	6340
GCCTAG	6336
GCGCGT	6334
GCGGTT	6334
AAGGGT	6312
GTAGTG	6310
TATAGG	6310
CGTGTT	6298
TTAGGA	6280
GAGTTG	6278
CAGCTA	6266
TTTATA	6264
CCTAGT	6252
CGGGCT	6250
GGACCC	6250
AGTGAT	6238
TTTGGG	6230
CGTCGA	6228
TGTCGT	6226
CGAAAT	6222
TTACGG	6214
CAGAGT	6214
CGTTAC	6202
GGAACT	6192
GTCTTA	6178
TGCGGT	6174
CGTCCG	6144
AAGTAG	6138
GATCTC	6134
CCTCGA	6122
ACGTGG	6112
ACGTAA	6110
TCAACT	6108
CGCATC	6104
AGACTA	6102
CAGGGG	6100
TCCGCA	6096
GGATGT	6094
GTCGAA	6084
GACGGG	6082
TTTCGC	6080
CTACTA	6062
TGTAGA	6056
CCGGGC	6052
CATTCC	6046
TGTGAA	6032
TCACTA	6028
CTCGGA	6022
TCAGCT	6008
CTAACA	6006
ATCTAC	5994
TGCGCG	5994
GATCCC	5988
GTCTGG	5980
GATCAG	5978
CTTCTA	5974
ATCGGA	5972
TGTGAG	5962
GCGGTC	5958
GAGTTC	5938
GGAATA	5938
TTCGCG	5918
TACGGG	5894
ATCGAG	5888
TGCGCC	5870
CCTTGT	5868
GCTAAC	5856
CCCCCG	5854
CCTTGG	5846
CTAGGG	5844
GGCTGA	5844
CTTAGA	5838
GGTGAC	5838
CGTTAG	5824
CCACGA	5792
CTAAGA	5786
TCTAAC	5782
CCTGGA	5768
CTGAAG	5746
TGGGTG	5742
TAAGCG	5738
AAGACT	5736
AAGAAT	5728
GCGGAA	5726
TCAGCC	5716
CTTTCA	5710
AATTCG	5708
GTTACG	5706
CTTCGT	5704
TCCGCT	5670
GGGGAC	5650
ACCGAG	5638
GGCGAA	5636
TCGTTC	5628
CGGCGG	5626
ACCTAG	5624
CCTCGT	5620
AGGTCA	5600
CGGACA	5596
TCCGTC	5590
TGTTCG	5590
CCTTAC	5574
CCGCCC	5568
TAGATG	5560
TCGACG	5550
GGCTAC	5548
GATGCG	5546
CTGTAT	5542
TAAGTA	5534
CAGTAC	5532
GACAGT	5530
TAGCTC	5528
TCTGTG	5514
TTTACA	5514
TGTATT	5508
TCTTAG	5502
CACGAT	5490
TCGTTA	5484
CAACGA	5474
CGAATT	5462
GTGAAC	5460
AGATCA	5454
GACACG	5444
CTATGC	5434
CCTATC	5430
TGATAC	5426
TATAAA	5422
GAGGTC	5416
ACTAGT	5414
TCGAAA	5406
ATATAG	5386
CTTACA	5370
GTTTAG	5350
TGGCTC	5346
GTCCCA	5342
GAGGGC	5334
CGTCTC	5320
TGCCCT	5318
GCGAAA	5308
GTCGCG	5296
ACTACG	5288
CGGGTA	5284
GTGTAT	5280
CGGAAC	5276
TAGTGG	5272
CTTAAC	5234
GGAGCC	5232
ACCTCG	5228
AAGTCG	5226
CTAGTC	5218
CACTTG	5212
TAGAGT	5202
GTCCCG	5190
GTGTGG	5186
TATTCG	5158
GAGGAT	5132
TTACGC	5122
GTAACG	5114
TCGTGC	5112
CCTGGG	5110
AGGATT	5076
GGGGTA	5070
CACCGT	5066
AGCTCG	5052
GAGGGG	5040
ACGGGA	5036
AGCGGG	5026
ACCCGT	5010
GTACTA	5010
TGTCCG	5002
GTGGTG	4998
TATCCG	4996
CATCGG	4974
TAGCTG	4974
TGTGTT	4970
TGACTG	4970
CCGATT	4960
CAGACG	4954
GATGTC	4950
TCTGGA	4944
TAGGCG	4942
CACGTC	4918
ACGCGC	4908
TAGAAG	4904
TAGTGA	4894
TCCTCG	4880
GCCCGC	4878
ACCACG	4868
CGATAT	4840
GGTGTA	4832
AGGACA	4830
CTAGGT	4816
CTACGC	4804
CGTGCG	4794
CGCCTA	4788
AGTGTA	4786
GCGTAA	4742
GAGATC	4734
GGCTCC	4714
CCTATA	4678
AGCTAG	4654
TCATGT	4638
GATAGC	4634
AGGGAA	4626
CGTAAT	4618
GGGACT	4590
GGGTGT	4590
TTAGAA	4584
GACCCG	4584
CGTGAG	4582
TTGCGG	4574
CTGTGG	4570
GGAATG	4562
TCGGTT	4558
TGTAAG	4548
GGGTAG	4542
GCATAG	4526
GAGCAA	4518
TTGTCC	4516
GCTATA	4492
GCGTAG	4472
GGGTTT	4466
GAGCGG	4464
TCCGGC	4446
GATTCG	4444
GTTTCG	4436
ACGTGT	4436
CTATAT	4432
TAAGAC	4418
TCTGTA	4404
CACCGA	4396
GAGTCG	4394
CTAGAT	4378
GAGTCC	4370
TAAGGG	4362
AGGCGT	4350
CCGCGC	4348
TTAGGT	4342
CTACGT	4336
CCGGTA	4332
GAGCTC	4316
TGATCA	4314
GTCCGA	4304
GTCCTA	4292
GTATGA	4282
TCGTCG	4280
TCGACT	4274
ATGGGG	4272
GTACTC	4270
AGGGGG	4260
CGCCCA	4256
TGTACG	4254
CCGCCG	4250
CACTAG	4246
TGTCCT	4246
CCGGCC	4234
ACTGGG	4228
CACCCG	4228
AGTACT	4224
TGCGAG	4220
ACGGAT	4218
TACTGG	4212
CGGATA	4202
TCCCTT	4184
TCCGCC	4184
GCATCG	4172
TGGAAT	4164
GGATAG	4156
CTATAC	4154
TTGAAA	4140
TTCGGA	4138
TACGGT	4130
TGGAGC	4126
CGTGTC	4126
ATGCGA	4122
GTTCTA	4080
TGTGTA	4080
GTCTTG	4074
CCGAAA	4070
ATCGAC	4062
GCACGG	4054
GGGCTA	4012
TCGAGC	4010
GTGTAA	4000
ATAGGG	3978
ACCGGG	3976
AGGCCC	3970
TCGAGA	3968
CGACCG	3962
ACCGGC	3954
TAAGCC	3910
TGCCCC	3900
GAAACT	3884
TAGCGC	3866
TGAGCG	3862
CAAGGG	3860
AAGTTC	3858
CCCGCG	3850
TCCCCG	3842
TAGGTA	3834
AGGTCG	3834
ACGTCC	3832
TTAGGC	3826
CAGATC	3822
TCGTCC	3820
GGCCGA	3800
AGGACC	3790
TCCGAT	3768
GGGAAC	3766
CGTTGT	3752
TCGATT	3750
ACCGAC	3738
ACCCGC	3722
AGAACT	3708
CGAGTT	3706
CTGATC	3702
TATGGG	3696
GCGCAC	3696
CCGACA	3678
TCTGAG	3676
TTAGAT	3668
GGGTAT	3666
TAGCCG	3644
GGATCT	3632
GGCTAT	3628
TAAGAT	3620
TCGTAA	3604
CGCACC	3582
CGCGAC	3578
TCGGTG	3568
GCCCGA	3558
TAGGCC	3544
GGACCG	3524
AACGGG	3520
CATCCG	3516
TTGTGA	3508
GCGTGG	3506
GACCGG	3506
CGGCTA	3492
GGGGTT	3472
AGATCT	3460
GAGCCC	3460
TCCCAC	3456
CCCACG	3442
AGTTCT	3422
CGATCA	3410
CTGCGG	3396
GCGGAG	3390
TAGATT	3386
TCCGCG	3338
AGATCC	3312
GGAACG	3310
TGTACT	3306
ATGATC	3284
ACGTCG	3256
TAGCCC	3236
GGGATA	3212
CTCCGA	3200
TCCCTG	3194
GATCTA	3192
GGTGGG	3188
TAACTA	3186
GATATA	3186
TAGTTA	3182
CATCGA	3148
TCGTTT	3144
CGTGGT	3092
TCTACG	3086
CGATCT	3080
TAGACT	3076
TGTATA	3050
ACGTCT	3042
NTTCCA	3038
GGGTTC	3034
GATAGG	3004
GAGACG	3000
ATCGAT	2996
GTGGGT	2958
GGGAGT	2956
TTGTCG	2940
TCCTAT	2926
TATATA	2878
GATTCC	2854
AGTTTC	2850
CGCACT	2830
TCTAGA	2828
GCTAGC	2828
GGCCCG	2820
CTTGTA	2814
AAGGGA	2814
GGGAAT	2806
TCGGGG	2794
GGGTGG	2790
CCTAGC	2774
TTGGCC	2706
GGATTC	2678
TGTTAG	2674
TGTAGT	2670
TGATCT	2654
GTATAG	2636
TCCAAT	2604
TGGACG	2594
TGATCG	2592
GTCTCG	2590
CCGGGA	2586
TGATCC	2548
TCCAGG	2526
GGGATC	2522
CGACGG	2516
CGATAG	2504
TGTGAT	2500
TCCGAA	2500
CCGTGA	2496
GACTAG	2472
GTCGAT	2454
GTCGGT	2450
TCCTGG	2402
GTAGGG	2388
CCGAAC	2380
CACGGG	2368
TCTAGC	2354
GTACGA	2350
TCGGGT	2342
CCGTTA	2334
TCGGCT	2326
AACTCG	2304
CGAATG	2294
CCTTAG	2220
TGGATC	2210
AGAATT	2208
GGAATC	2194
GTGGGC	2180
TGTGCG	2172
CTCGGG	2168
GCTAAG	2150
TCACCG	2128
CGGTGA	2128
GCTAGA	2094
CGGGAC	2092
TTGTAC	2090
TAGATC	2086
CGTAGC	2084
TAGAAC	2072
CGCCCG	2070
AAGGGC	2070
CCGTAG	2052
CGCTAT	2044
TCGTGT	2038
CTACGA	2000
CCGATC	1992
TCAATT	1982
TGGCCC	1968
CTAAGG	1946
CTTAGC	1944
AGTGCG	1944
GAGTAC	1900
TATAGC	1900
GCTACG	1896
TAGGTT	1878
TGGGCC	1868
NTTCCC	1832
GGATCG	1828
CTAGCG	1814
CGGGAA	1808
TCTATC	1778
AGGCGA	1750
GTGGGG	1744
TTGCTC	1690
TACCGG	1684
TAGCTA	1680
GCTAGT	1676
GTTCGG	1652
CCGTCG	1646
GGCCGG	1646
CGCTAG	1636
NTTCCT	1622
CCGGAA	1616
CCTACG	1610
ACGGGT	1606
TAGGCT	1602
TCGAAT	1586
CGGCCG	1580
CGGATG	1580
CGGGGG	1532
TTCGCA	1532
TTGTAA	1524
ACGGGC	1518
TATACG	1518
GCGAAG	1488
GCTAGG	1482
TCGCTC	1470
TAGTCC	1470
GAGTTA	1464
GCGGGC	1460
CGTAGT	1456
TTCGAA	1448
ACGTAG	1440
TGGGCT	1428
GGCTCG	1428
CGTGGG	1426
CGTATA	1394
ACGATC	1390
TCCCGC	1388
TACGTA	1334
TGTCGA	1330
GTGCGA	1314
GTGCGG	1310
TCCGGA	1308
NCCCCC	1304
TCGTGG	1298
CGTAAG	1272
CGGATC	1258
CGGGGT	1200
TACGTC	1188
GCGGGA	1186
TACGAT	1184
GCGGGG	1154
ATCGGG	1144
NAACGT	1136
TACGGC	1086
GTGTCG	1080
GCGGGT	1078
TCGTTG	1076
GGCGGG	1072
TGTGGG	1064
TTGATC	1034
NTTCTG	1030
TCGATG	1028
CGGAAT	1026
NAACAG	1006
GCGCGA	958
TAGGGG	928
NCTCTC	918
NTTCAG	916
TACGAG	910
NTCTCT	890
NGCCAC	884
TAGGGC	872
NAACGC	820
CCGCGA	816
NCAGAA	804
TGCCGG	784
NTCTAC	770
TCCGGG	728
TGCGAA	724
NAACGA	722
NAACAA	706
NACCAT	702
NCAGCA	700
NTCTCC	676
NCTCCT	668
TTGGGC	620
NCACAC	616
NAACAT	614
NGCCAG	610
NCTCTG	608
NCTCTA	598
NAACTG	594
NGTACT	592
NCAAGT	590
NAACAC	576
NTCCAT	572
NACACT	564
NCAAAA	558
NCAAGC	556
NCCGTT	552
NAAACA	548
TTGGGT	534
NGCCAA	534
NAAAAG	534
NTCGCT	530
NCTCCA	494
NTGTTT	492
NCAACA	492
NCTTTT	488
NTCTGT	488
NTTGGT	486
NTCTTG	478
NCCGTC	474
NGCCTT	472
NACCAG	470
NGACAT	470
NTCTAT	462
NTCTAA	462
NCAGCT	456
NGTTCA	448
NAAAAT	448
NCAGGT	434
TCGCGC	432
NTCCCT	428
TGCGGG	428
TCGATC	428
NCAATA	414
NGCACA	414
NCTCAT	414
NACCAC	412
NGTCAT	412
NTCTTT	410
NCAAAT	406
NCCGGC	404
NTTGCA	404
NACCCT	402
NACCAA	402
NCATAA	400
NATCAG	396
NTCCCC	394
NAGCTC	392
NCTGCA	392
NACACC	388
NAAGCA	384
NTTTTG	382
NTCACA	380
NTTCAT	376
NAGAAA	374
NCATGA	372
NCCAGC	372
NCAGTA	370
NGCATT	370
NCCGCA	370
NTTCAA	364
TCGAGT	362
NCACAT	360
NGCCTG	360
NTTGCT	360
NTTCTT	360
NTTGAT	352
NTCACC	352
NAATGG	350
NAACCC	350
NTCCAG	350
NCTGGT	348
NCAGAG	348
NCACCA	346
NTCTGC	346
NACTCA	344
NACAAA	344
NAAAGG	344
NTTCAC	342
NTTTCT	342
NTTGGC	342
NTTTGT	340
NCAGCC	338
NAAATG	338
NCAAAC	338
NATCAA	336
NTGGTG	334
NTTGAA	334
NGTATG	332
NTAAAA	332
NGAAAA	332
NCATCA	330
NGCCCT	328
NAATCA	328
NTTTGA	328
NCAGGA	326
NTAGTT	326
NAAAGC	326
NAATGC	326
NGTACC	324
NATCAT	324
NCATGC	322
NCCATA	320
NAACCT	320
NGCAAT	320
NTGTCT	320
NTTTTT	318
NTTGAC	318
NGCTGC	318
NCAAGG	314
NTCTGG	314
NTACAT	314
NGTAAT	312
NGTCAA	310
NTGGAT	306
NGAGGT	306
NTCGTC	306
NAACCG	304
NAGGCT	304
NAAATA	304
NCTCAA	304
NGTGCA	302
NATGCA	302
NTGTGT	302
NTGGTC	302
NTTGTT	302
NTCGCA	302
NAGCAG	302
NATCCT	300
NAAGGT	300
NTTCTC	298
NCATCT	298
NTACCA	296
NGTCCA	296
NAATGA	296
NCATTC	296
NCCATT	294
NTGCAG	294
NTGGAG	294
NTGCTG	292
NTCAAG	292
NCTCCC	290
NATCCA	290
NCTATT	288
NAAGCG	286
NAGAAG	286
NTCAGT	286
NTCACT	286
NAAAGA	286
NAGCAA	286
NTCCTT	286
NTGGTA	284
NTTCGT	284
NTCATG	282
NCCAAA	282
NATAAA	282
NCTCGT	280
NCCGTG	280
NAGCAT	278
NGTAAA	278
NAAACG	278
NCCATG	276
NTGCAT	276
NGCGTT	276
NTAGCA	276
NAAGCT	276
NAAGAA	276
NTCAGC	274
NTAACC	274
NCCTGT	274
NAAGAG	274
NAATCT	272
NTGCAA	272
NTTTAT	272
NGAAGC	272
NCGGTT	270
NATGAC	270
NAATAA	270
NATGAT	270
NCCTCT	270
NTCAAC	268
NATAAC	268
NCTGCT	268
NGACCA	268
NCCGCC	266
NTATCA	266
NACAGA	266
NAATCC	266
NGTACG	266
NATGGT	266
NCTGAT	266
NTTTAA	264
NGCAGG	262
NTGAAT	262
NACATT	262
NTTATC	260
NCCTGA	260
NAAAGT	260
NTGCTT	260
NCCTGC	260
NATCTC	260
NCCTTT	260
NTAAAG	258
TCGTAG	258
NGTTAT	258
NATTTT	258
NCAGGC	258
NGTTGC	256
NCAGAC	256
NGAACA	256
NGTAGC	256
NCAACG	256
NTCGAC	256
NGATAA	254
NTGATT	254
NGTCCT	254
NACAAC	254
NATGAA	254
NTACTG	254
NTGATG	254
NCAACC	254
NAAAAC	252
NCATTA	252
NAGCCA	252
NACCTG	252
NCACTT	252
NGTTTT	252
NAACTC	250
NCTTAT	250
NACAGC	250
NGAAGT	250
NACTGC	250
NTTAAC	250
NAGCTT	250
NTTGAG	250
NTTTCG	248
NAGCGT	248
NATTCA	248
NTAATA	248
NATCTG	248
NTGGCG	248
NACATA	246
NCTAAA	246
NTAGCC	246
NTCCAA	246
NCCAGA	246
NATACA	246
NTAAGC	246
NGCAGC	246
NCTACA	244
NTTTAG	244
NAAGGA	242
NGATGC	242
NAAACC	242
NTTAAA	240
NCTTTA	240
NCTCCG	238
NCTGAA	238
NCCCAT	238
NATTGC	238
NCATAT	238
NCGCTT	238
NTTTGC	238
NTTGTA	236
NTTGTG	236
NTTAAG	236
NAGACA	236
NTCTGA	236
NAGATG	236
NTTTTA	234
NCTTGC	234
NTCAGA	234
NCAATG	234
NCCGCT	234
NGTTGA	232
NATCTT	232
NCCCTT	232
NTCTCA	232
NAACTT	232
NTGCCG	232
NTGTTC	232
NGCTTG	232
NCAGTG	230
NCACAG	230
NAATAC	230
NAGCGG	228
NTCCCA	228
NACCTT	228
NACCCA	228
NAATAT	228
NCCACC	228
NTTTGG	228
NACGGT	226
NATACC	226
NCCTTA	226
NTTACG	226
NATGCT	226
NTATGT	224
NCATCC	224
NAATTA	224
NTCAAT	224
NGCCTC	224
NAAGTT	224
NACACG	222
NTTATT	222
NCCAAC	222
NAATGT	222
NGTCAC	222
NTGCCA	222
NACGCA	220
NTTACC	220
NTATTT	220
NACTAA	220
NGATGA	220
NTGAGT	220
NCCACT	220
NCGTTT	220
NTATTA	218
NAGCAC	218
NATGTG	218
NCTCAG	218
NACCCC	218
NGACGA	218
NTTTCC	218
NCCATC	218
NTAATG	216
NCAACT	216
NAGATT	216
NTACCT	216
NGGCAT	216
NTTGCC	216
NAAGTC	216
NTGGAA	214
NCTGTT	214
NCGCCT	214
NCCTCC	214
NGGCGT	214
NTCCCG	214
NTGAAA	214
NATTAA	214
NATGTT	212
NAAGAC	212
NGAGTC	212
NCCTTC	212
NGTCTG	212
NATCGC	210
NTAAAT	210
NGAGCA	210
NCTTAA	210
NTATGG	210
NGGAAG	210
NGCTTT	210
NAAATT	210
NACAGT	210
NTGACG	210
NAATAG	210
NTTAGC	210
NATTCT	208
NACTTC	208
NCCACA	208
NTCCAC	208
NTTTTC	208
NGTCAG	206
NGACAG	206
NGCTGT	206
NGCATG	206
NACAAT	204
NATGGC	204
NTAATC	204
NGGAAA	204
NGATAT	204
NGCTGA	204
NTTAGA	204
NCTGAC	204
NCCCCT	204
NTTTAC	202
NAAGGC	202
NCATGG	202
NCGTAT	202
NGAAAT	202
NGGTTG	202
NTACCG	202
NCACAA	202
NCTCAC	202
NTAAAC	202
NATAAT	202
NTTACA	200
NTTACT	200
NTGGGA	200
NTTTCA	200
NGACGG	200
NACGAT	200
NACGCC	200
NCACGT	200
NCTAAT	198
NGCATC	198
NGTGGC	198
NGCGGC	198
NCGTTG	196
NCCCTC	196
NTGGCT	196
NGTTGT	196
NGCTAT	196
NCCTCA	196
NATTAT	196
NTAGTC	196
NAGTCA	196
NTCATT	194
NAGTAA	194
NCCAGT	194
NAATTT	194
NGAAAC	194
NCACCT	194
NACGCT	194
NACGAA	194
NATTTG	194
NAACTA	194
NGTGTG	194
NTATGC	194
NGACTG	192
NTGGAC	192
NTAACA	192
NGTTGG	192
NGAGAG	192
NGGTCA	192
NCCTAG	192
NCCAAG	192
NACGAG	192
NTCTTC	192
NTTAGT	190
NTTGCG	190
NTGTTA	190
NGATTG	190
NGCAGT	190
NTCTCG	190
NGCTCA	190
NTACAC	190
NACGGC	190
NGAAGG	188
NTAATT	188
NAGAGC	188
NGGTTT	188
NATTGG	186
NATATT	186
NGCAAA	186
NTATTG	186
NGCTTC	186
NATCGG	186
NCTTTG	186
NCAGGG	186
NGATTA	186
NGAATC	184
NAGGAA	184
NGAGCT	184
NTAGAC	184
NAGCCT	184
NTCCTG	184
NGACAC	184
NGAATG	182
NGAAGA	182
NTCGGC	182
NTGCGT	182
NAAGTG	182
NCCAAT	182
NATCCC	182
NGAGAC	180
NCCTTG	180
NCCCAG	180
NCAATC	180
NGAGAA	180
NAAGCC	180
NCTGCC	178
NAAACT	178
NACCGC	178
NCTGGA	178
NCTTGA	178
NATAAG	178
NGAGGA	178
NGCTAC	178
NCATGT	178
NGGAGG	178
NGCCTA	178
NTTGGG	178
NGCCGT	178
NCAGTT	176
NTAGTG	176
NCTTCC	176
NTACCC	176
NAAGAT	176
NCCCTA	176
NCTACT	176
NGAGCC	176
NGCTAA	176
NACCGT	176
NCACCC	176
NCTCGC	174
NGAACG	174
NGAAAG	172
NGCCCA	172
NATTTA	172
NCATAG	172
NTGAGG	172
NCCGAT	172
NGATTT	172
NCGCAG	172
NGGTAA	170
NTCACG	170
NATGGA	168
NCGAGT	168
NTCGGT	168
NTATCT	168
NCTTTC	168
NCCCTG	168
NCAGTC	168
NCCGGA	168
NTGGCA	168
NGACGC	166
NTCAGG	166
NGAGAT	166
NTATAT	166
NAGGGT	166
NTCCTC	166
NCACTG	166
NCACGC	166
NGACCT	164
NAGAAC	164
NCCTAT	164
NCATTG	164
NCGGCA	164
NCGACT	164
NACTTT	164
NTCGTG	164
NACTGG	162
NAGCTG	162
NCGTCA	162
NAGGTA	162
NAAATC	162
NTGGGG	162
NCGTGT	160
NGTATA	160
NTGAGA	160
NACAGG	160
NTACAA	160
NACAAG	160
NGCTGG	160
NTGTAT	160
NACATG	158
NACCTC	158
NGGTTA	158
NTGACT	158
NGCCCC	158
NGTCGG	158
NCTTCA	158
NCTGTA	158
NAGGTG	158
NAGGAG	158
NCACTC	156
NATTAG	156
NTGAAC	156
NAGGCC	156
NGCAAC	156
NGGAGA	156
NGGCTG	156
NGTAAC	154
NTATAG	154
NTGATA	154
NCTGGC	154
NTGGCC	154
NGTTTA	154
NCAATT	154
NTCTTA	154
NATGCC	152
NCTGAG	152
NTGCCC	152
NCGGCG	152
NCTTGG	152
NGGCAA	150
NTGCTC	150
NTAAGA	150
NGGCCT	150
NCCCAA	150
ATTNCA	150
NGCACC	150
NTTATA	150
NGTATT	150
NGGATG	148
NGGTAT	148
NACTCC	148
NGATGG	148
NGCATA	148
NGGCAG	148
NGCCGC	146
NATAGT	144
NAGCGC	144
NTGTAG	144
NGAGGG	144
NCTGTC	144
NCTATG	144
NGGTCT	144
NTAGGC	144
NATAGC	142
NTAGAA	142
NCCCCA	142
NACATC	142
NCGGTG	142
NTAGGT	142
NGAGTG	142
NGTTCC	142
NACCGG	140
NGTAGA	140
NGTTAC	140
NAAGGG	140
NAGTTG	140
NCACGG	140
NCCTAC	140
NCGTTC	140
NCTACC	140
NTCATA	140
NTTCTA	138
NAGTAG	138
NATTTC	138
NGGCCA	138
NGCGCC	138
NGCGTA	138
NTGAGC	138
NTCCTA	138
NTGGGC	138
NGTGCT	136
NGCGTC	136
NTAACG	136
NAGGAT	136
NAGTCC	136
NAAGTA	136
NATTGA	136
NCGCTC	136
NCGCAA	134
NTGCTA	134
NACTTA	134
NATTAC	134
NGTGAT	134
NGGGAG	132
NAGAAT	132
NGAGTA	132
NGACTC	132
NTATAA	132
NTACGG	132
NGTGGT	132
NGTCCC	132
NCGCCG	132
NTACTA	130
NGCGCT	130
NCCCAC	130
NATAGA	130
NGTAGT	130
NTGTGC	130
NACGGA	130
NGTTCT	130
NTATAC	128
NGGTAC	128
NATAGG	128
NAATTG	128
NTGACC	128
NAGCGA	128
NGGGAA	128
NGTCTT	128
NTATCG	128
NTACTC	126
NGGGTT	126
NTACGT	126
NGGGTA	126
NTATTC	126
NCCGAA	126
NTGGGT	126
NTTCGG	126
NTCGCG	124
NCTAGT	124
NGTGCC	124
NAGTTT	124
NAGTTA	124
NTTAGG	124
NCTTCG	124
NAGGTT	124
NTCGTT	124
NGGTCG	124
NGCGAC	124
NGCGGT	124
NGGCGA	122
NATGTC	122
NGGGAT	122
NTAGCG	122
NGTCTC	122
NTGACA	122
NGGTGC	122
NACCTA	122
NAGGAC	122
NTCCGG	122
NGCACT	120
NGTGGA	120
NATACG	120
NGTATC	120
NATTGT	120
NGCTCT	120
NCCCGG	120
NACCGA	120
NGTCGT	120
NGTTCG	118
NGGTAG	118
ATTNCT	118
NAGAGG	118
NCGCGT	118
NGGCGG	118
NAGACT	118
NAGTAC	118
NGTCCG	118
NCACGA	118
NTTCGC	118
NCACTA	118
NCCGAC	118
NGAACC	116
NCGATA	116
NGAATA	116
NTGAAG	116
NGTCTA	116
NGATAC	116
NGTTTC	116
NCGAAC	114
NTAGAT	114
NATGGG	114
NGATTC	112
NACGTG	112
NCTGCG	112
NGGACA	112
NGCACG	112
NCGGTC	112
NACTAT	112
NAGTGG	112
NGTGTT	112
NCGAGC	112
NGCCGA	112
NGGGCT	110
NTAGAG	110
NTACGA	110
NGTGAC	110
NAGATA	110
NACGTA	110
NTGTGA	110
NGATGT	110
NTAGGA	110
NACGTC	110
NATGTA	108
NGACGT	108
NCGCAC	108
NCCGGG	108
NTGTGG	108
NTAGCT	106
NGGATA	106
NGTCGC	106
NAGGCG	106
NACTAC	106
NACTGT	106
NGGTGA	106
NGGATT	104
NAGACG	104
NATCGA	104
NGCGAG	104
NCGCTA	104
NCGTGC	104
NGACTA	102
NGAGCG	102
NCGAAA	102
NTCGTA	102
NCGAAG	102
NATCCG	102
NGATCG	102
NTGTCA	102
NTACGC	102
NTAAGG	102
NGCGAA	100
NGCTCG	100
NATATG	100
NTAACT	100
NCGATG	100
NGGGGC	100
NGCTCC	100
NGTAAG	100
NGACCC	100
NTACTT	98
NTATGA	98
NGGACT	98
NTTCGA	98
NCCGAG	98
NCGTCT	98
NCTTGT	96
NCACCG	96
ATTNCC	96
NTCCGC	96
NGAGTT	96
NTGTCC	96
NGTGAG	96
NACGCG	94
NCTTAC	94
NAGTGT	94
NGGTTC	94
NAGACC	94
NCATCG	94
NGGCAC	94
NGTGTC	94
NCCTGG	94
NCCAGG	92
NGGGCC	92
NGGTGG	92
NAGCTA	92
NAGTGC	92
NATGCG	92
NTAGGG	90
NCTATC	90
NCCCGT	90
NCGTGA	90
NCGAGA	90
NGGCTT	90
NAGAGT	88
NTCGAG	88
NGGACG	88
NTGTAA	88
NAGTCT	88
NCTGTG	86
NAGCCG	86
NCTAAG	86
NCGGTA	86
NGTGAA	86
NTGTAC	84
NAGGTC	84
NATTCC	84
NGGAGC	84
NCTCGA	84
NCCCCG	84
NGAATT	82
NCCACG	82
NAGTCG	82
NATCTA	82
NTGCGC	82
NACTTG	82
NCGTAC	80
NCGGCT	80
NCGTTA	80
NGTTAG	80
NTCGAT	80
NATATA	78
NCGACA	78
NCGCGG	78
NTCGAA	76
NACTCG	76
NCGGCC	76
NCGATT	76
NTGCGA	76
NGGAAC	76
NCCGCG	76
NGACCG	74
NGCGGA	74
NGCGAT	74
NCGACG	74
NCCTCG	74
NTGTCG	72
NGGAGT	72
NCGGAA	72
NTCGGG	72
NCGTCC	72
NGGCTC	72
NGGGCA	72
NCTAGG	70
NGCCCG	70
NAGGGA	70
NAGTTC	70
NTGCGG	70
NCTAAC	70
NTCGGA	70
CCCNCC	68
NCCCGA	68
NGATAG	68
NAGCCC	66
NAGTGA	66
NAGGGC	64
NGCTAG	64
AAANAG	64
NACGGG	64
NTCCGA	64
NCGAAT	64
NGTCGA	64
NGGCCG	62
NGATCA	62
NCTTAG	62
NGCCGG	62
NACTAG	60
NCGGAG	60
ATTNTG	60
NGGGTG	60
NCTAGA	60
NCGGGA	60
NGGGGG	60
NGGGAC	58
NACCCG	58
AAANGT	58
ACANCA	58
NGTGTA	58
ATTNAG	58
NCGGGT	58
NGGGGT	56
NGGTGT	56
NGGACC	56
NGCGCG	56
NCGGAT	56
NATTCG	54
NCTAGC	54
NCGTAA	54
AAANGC	54
NCGGGG	52
NGAACT	50
NCGCGA	50
NCTGGG	48
NGGCTA	48
NCTACG	48
TTCNAC	46
AAANCA	46
NGGCCC	46
NGGATC	44
NCGTGG	44
AGCNAC	44
NCGTCG	44
NCTATA	44
CCANAA	42
AAANGA	42
NGATCT	40
AAANAT	40
NGTGGG	40
NGGAAT	40
CTCNCT	40
AGCNAA	40
NCGCCC	40
ACANCT	40
TACNCT	38
NAGGGG	38
AGCNTT	38
NGATCC	38
ACTNCT	38
CAANGT	38
NGTGCG	36
AAANAA	36
ACANGT	36
ACTNTA	36
NTGATC	34
ACANAT	34
TCANGA	34
CACNCA	34
NAGATC	34
NCGGGC	34
ACTNTG	34
AGCNAG	34
AACNCT	32
AGCNGC	32
GGTNCT	32
ACANAA	32
CTCNAC	30
AAANCG	30
ATANCA	30
TACNCC	30
ACANAG	30
NGCGGG	28
NCGCGC	28
AAANAC	28
NCCCGC	28
GAANAG	28
GCCNTT	28
GCCNTG	28
AAANTG	26
ACTNTC	26
CCCNGC	26
GTTNAT	26
ATTNTT	26
CACNTT	26
TTCNTG	26
AGCNGA	26
NCGTAG	26
TTCNAT	26
CGTNTG	24
ACTNCA	24
GTTNGG	24
ACANCC	24
AACNAT	24
TTTNGT	24
AGTNAT	24
CTCNGT	24
CAANGA	24
CGANGT	24
ATGNTT	22
ACTNAA	22
CTTNCC	22
ACANTT	22
TGANGC	22
GAANAC	22
AAGNTC	22
TAANGG	22
AAGNAT	22
ATCNCC	22
CTCNTC	22
CTGNTG	22
CTGNTC	22
ACANGC	22
AATNAT	22
CAGNAA	22
ATTNTC	22
CAANCA	22
GATNGG	22
ACCNCA	22
CAANTT	20
TAANAA	20
AACNTG	20
ATTNGT	20
GGTNAT	20
AATNCA	20
ACCNTT	20
ATANTG	20
AGCNTA	20
ACCNTG	20
TTCNGC	20
GCCNTC	20
CTCNCA	20
ATANAA	20
GTTNGC	20
GGCNCA	20
TAANAC	20
CACNAA	20
GAANAA	20
GACNCA	20
GCCNCA	20
TTTNTT	20
CCANCA	20
ACANGG	20
CAANAT	20
GGCNTG	20
CTGNCC	20
AGANAA	18
GACNTA	18
GGANGC	18
CATNTC	18
CAGNAT	18
AGCNCT	18
ACANTA	18
GGANCA	18
GAANGA	18
CAANTG	18
TTANCA	18
ATGNCG	18
AGCNTG	18
TAANCA	18
ATTNAT	18
CCANCT	18
AGANAC	18
TGANAT	18
CATNAA	18
AAGNAC	18
CCTNCA	18
TAANAT	18
CAGNAG	18
GGTNCC	18
CAANAG	18
AGANAT	18
CAANCT	18
CTGNAT	18
TTTNCG	18
CGTNAT	18
CCCNCT	18
TCCNTA	18
CTGNGA	18
CTCNGC	16
CAGNGG	16
AACNAC	16
AACNCA	16
CATNCA	16
TCANTA	16
TGANCA	16
TATNGA	16
ACGNCT	16
CTGNCG	16
AAGNAA	16
TTGNCT	16
GTANAT	16
TGANGG	16
TATNAA	16
ACGNTT	16
GTANAA	16
GCTNTG	16
TTTNGA	16
CTCNAA	16
GCANGC	16
GAGNCT	16
AAGNGC	16
AGTNCA	16
GGTNCG	16
TTCNCA	16
ACANTC	16
AAANTA	16
TTCNGA	16
ACTNAT	16
GTTNGT	16
AAANTT	16
ACANTG	16
TCANAA	16
AGCNTC	16
TCANCA	16
GTCNGT	16
CCGNGT	16
CTCNTT	16
TCTNTC	16
TCTNTT	16
CAGNTT	16
GGCNGC	16
TTCNAA	16
AGTNGC	16
CCANTC	16
TGANGA	16
GTTNAC	16
TTTNTG	16
GCANTA	14
AAANTC	14
AACNGC	14
GTGNTG	14
TGCNTG	14
CACNAT	14
GGTNAA	14
GAANCC	14
TTANGA	14
AAGNTG	14
GTGNCA	14
ATGNGG	14
TTCNCT	14
GCANGA	14
GAGNGT	14
ATTNAC	14
CCANCC	14
AACNGG	14
GCANTC	14
ACGNTG	14
ATGNGT	14
GCANTT	14
TTCNGG	14
TTANTA	14
GGANAC	14
TACNAA	14
ACTNCC	14
CTGNGC	14
TATNAG	14
CTGNTA	14
TTANAA	14
TATNCT	14
GGCNTC	14
TTGNTG	14
TGTNGG	14
CAANGC	14
TTTNCT	14
GATNAA	14
GACNGC	14
ACGNAA	14
ACCNTA	14
ATANCC	14
GTTNTC	14
GACNGA	14
CGCNGC	14
AGANGA	14
AGANGC	14
CATNAC	14
GTANGC	14
ATCNAC	14
ATCNAT	14
TTTNCA	14
GTANTG	14
TGCNAT	14
ACTNGT	14
TTGNCG	14
AAANCC	14
CTGNAA	14
GATNCC	14
CTGNAC	14
CTGNCT	14
CGCNAA	14
GTCNAT	14
GACNAA	14
NCGATC	14
ACCNCT	14
CCTNAA	14
GTTNAA	14
ATANAC	14
AGGNCA	14
CTTNCT	14
GCCNCC	14
GGTNGA	14
AAACAN	14
ACCNAT	14
AATNCC	14
GTTNCT	14
ATTNGC	14
AATNGC	14
GCTNAT	14
CCTNGT	14
GCTNAA	14
AATNCT	14
ACTNAC	14
TCANAT	14
GAGNGC	12
TGANTA	12
AGTNTG	12
CACNGT	12
AGTNAC	12
AATNGT	12
GACNAT	12
TGCNGT	12
AGTNCG	12
TGANCG	12
CTANGA	12
GACNCC	12
TCTNAC	12
AAGNGA	12
AACNAA	12
AATNTT	12
CGCNTT	12
AAGNTA	12
CCCNTT	12
GATNCA	12
AAGNAG	12
CTANAA	12
AACNAG	12
GCGNTC	12
CGANAA	12
ATCNAG	12
CAANAC	12
AGANAG	12
AGANCA	12
CATNGG	12
CATNTA	12
AGANGG	12
AGANTC	12
ATGNCT	12
TTANAC	12
CTGNAG	12
CTGNGT	12
TATNCA	12
AAANCT	12
TATNTC	12
TGTNAC	12
ATANGA	12
ATANAG	12
TAANCT	12
TCANAC	12
GCTNTT	12
CAGNAC	12
CTCNTG	12
CAGNCT	12
ATCNTC	12
GGANAG	12
GGANAT	12
TTANTC	12
ATCNGT	12
ATCNCT	12
TAGNCA	12
GCANAC	12
GGTNGC	12
GGTNGT	12
GCTNGG	12
GCTNGC	12
GCTNCT	12
GCTNCA	12
CGANGA	12
CTCNAG	12
CAANTA	12
GTCNAA	12
GCANAA	12
AACNTA	12
CACNAG	12
GAANGC	12
AGCNCC	12
CCANGT	12
AACNTC	12
CCANAT	12
ATTNGA	12
TGGNAT	12
TAANAG	12
GCCNAC	12
ACCNGA	12
TCANGC	12
CTTNGA	12
GTCNAC	12
CCTNGC	12
CTTNAG	12
CCTNTC	10
TGCNCC	10
CGANGG	10
CTCNCG	10
AATNAC	10
TGANAC	10
TTANCT	10
CTANTG	10
ACTNAG	10
AGCNGG	10
CCGNCT	10
TTANCG	10
TTANGG	10
GAANGG	10
AGCNGT	10
GAGNTA	10
AGGNTT	10
CGTNCT	10
CCGNGA	10
TTCNCC	10
CCGNTT	10
CCTNTA	10
AGANCT	10
CTGNCA	10
CTTNGT	10
ACTNGA	10
CTTNTC	10
CTTNTT	10
CCTNCG	10
AGANGT	10
CTTNCG	10
CCTNAT	10
CTANAT	10
TTCNTT	10
CCGNAC	10
CACNTA	10
TGTNTG	10
ACCNCC	10
TGGNTG	10
TTGNAT	10
TGGNGC	10
CTTNCA	10
TTANAG	10
TGGNAA	10
CTTNAT	10
TGCNCA	10
AGTNCT	10
GATNGC	10
GTTNCG	10
GATNCT	10
GGANGG	10
GTTNCA	10
GCCNAT	10
CCCNTC	10
GCCNAA	10
ATGNAG	10
GCGNCA	10
ATGNCA	10
TTTNCC	10
AATNTG	10
TAGNAC	10
GTGNAT	10
TAANTT	10
ATTNTA	10
ACACAN	10
GCANGT	10
CCCNAC	10
TACNGA	10
GCCNGA	10
GTTNTT	10
CCCNCA	10
TACNAT	10
GTCNTG	10
GGTNTA	10
GGANAA	10
GTTNTA	10
CCCNGA	10
GCTNCC	10
CGGNGT	10
TATNAT	10
GCGNAC	10
GTCNGC	10
GTCNGA	10
TCANCC	10
CAGNCG	10
TTTNAG	10
ACGNCG	10
CATNGT	10
ATANTC	10
TCANCT	10
TCTNAT	10
TCANCG	10
ATANTT	10
ATANGT	10
TCGNGT	10
ATANGG	10
CACNGA	10
AACNCC	10
GGCNTT	10
GTANCG	10
ATANCG	10
GGCNAA	10
CAANCC	10
TTTNGG	10
CCANTA	10
TAANTA	10
CATNAT	10
ATTNAA	10
CCANGC	10
ATTNGG	10
CCANAC	10
TTANTG	8
TGCNTT	8
CCGNTG	8
CAGNGT	8
CAGNTA	8
TAGNAA	8
GTANTT	8
GGTNAG	8
ATCNCG	8
AGTNGT	8
CCGNTA	8
TGCNGC	8
CGANTG	8
GCCNGC	8
TATNGG	8
ATCNGC	8
ATCNTA	8
GGTNGG	8
GCGNTT	8
GTANGG	8
TGGNTA	8
GTANCA	8
GTANAC	8
TTGNCC	8
TTTNAC	8
CATNGC	8
AGANCG	8
CGGNAA	8
CCANAG	8
TCCNAA	8
TTGNGA	8
CATNAG	8
CATGCN	8
TGGNTT	8
GCTNTA	8
CAANGG	8
GAANAT	8
GAANCT	8
TCCNGA	8
GAANGT	8
GAANTA	8
GAANTC	8
CGANCC	8
GCGNCT	8
TAGNGG	8
TCCNTC	8
GCANTG	8
GCANGG	8
GCTNCG	8
GCTNGT	8
CGCNAG	8
AGGNCC	8
AGTNAG	8
TGTNGA	8
AAGNCT	8
AAGNCC	8
CGCNAC	8
ATGNCC	8
ATGNAT	8
AAGNGG	8
CTANAC	8
GATNAG	8
TTGNAC	8
TATNTG	8
GATNGA	8
AGTNCC	8
TGANGT	8
CACNTC	8
CGTNGG	8
AGGNGC	8
TAANGT	8
CTTNAA	8
ACGNGA	8
TCTNAA	8
ACCNGC	8
CACNTG	8
TGTNCA	8
ATGNTA	8
TTCNTC	8
GAGNAG	8
GGCNCT	8
TTCNCG	8
AAGNCG	8
CGGNAG	8
GATNTT	8
GTTNAG	8
GACNAG	8
GGANCT	8
TATNGT	8
TTGNGT	8
GCCNGT	8
TACNTT	8
TCANGT	8
CAGNCC	8
ACGNCC	8
TTTNGC	8
ATCNTT	8
CAGNGA	8
ATCNTG	8
AACNCG	8
CCGNAG	8
ATGNTC	8
CCTNCT	8
GACNGG	8
ATGNAA	8
GTCNTT	8
GACNTG	8
GACNTT	8
GGGNCT	8
CCCNGG	8
CCCNAT	8
GGGNTT	8
TATNTA	8
GTCNTA	8
TTANGT	6
CATNTG	6
ATANGC	6
ACCNTC	6
ACAGGN	6
TGTNAA	6
CATNTT	6
TGTNCC	6
GCGNGT	6
TATNTT	6
TTTNAA	6
TGTNTA	6
TGTNTC	6
GCGNAT	6
AATNAA	6
CGCNGT	6
TATNGC	6
GGCNAT	6
CTCNAT	6
GGGNTG	6
GGGNTA	6
GGGNCC	6
GGGNCA	6
GGGNAG	6
CGCNAT	6
GGGNAC	6
ACTNGC	6
AAAGGN	6
TAANGA	6
TAANCG	6
TAANCC	6
TACNCG	6
CGGNCT	6
TAAAGN	6
GGCNGG	6
GGCNGT	6
CTANTT	6
CACNCG	6
CTANGT	6
CTANGC	6
CACNCT	6
CTANCC	6
CTANCA	6
ACNCCC	6
TTANAT	6
GTANCT	6
CGGNAC	6
TTGNCA	6
CTGCCN	6
ATCNCA	6
TTGNAG	6
CGANAC	6
TTAGTN	6
CGANAT	6
CGANCA	6
TAGNGT	6
GCTGGN	6
GTANTC	6
CAANTC	6
TAGNCC	6
GCTNGA	6
CGANTA	6
TCTNGT	6
ATCNGG	6
CAGNTC	6
CTCNTA	6
TACNTG	6
TACNGT	6
GGANTG	6
TACNGC	6
GCANCC	6
ACCNAC	6
TTGNGG	6
TGCNAC	6
ATTCAN	6
TCGNTA	6
ACGNCA	6
TGCNGA	6
TGCNGG	6
AGTNGA	6
AGTNTA	6
GTTATN	6
GCANAG	6
CCGNTC	6
TGCCAN	6
AACNGT	6
TCCNTG	6
GAANTG	6
TCCNGC	6
ACGNAT	6
GTGNCC	6
GTGNAG	6
TCCNAG	6
CCNCCC	6
CGCNTC	6
TGGNAG	6
ACGNAG	6
CCCNTG	6
AAACCN	6
TCTNTG	6
ACGNGG	6
AATNTA	6
TCTNCA	6
GAGNCC	6
GAGNAA	6
AATNGG	6
AGGNTA	6
CGTNGC	6
TGANAG	6
AAGNGT	6
CCTNTT	6
GATNAC	6
GATNAT	6
GATNCG	6
GATNTG	6
TGANTG	6
TGANTT	6
CGTNTT	6
TTGNTT	6
GACNTC	6
GTTNTG	6
GACNCG	6
GTTNCC	6
GTCNAG	6
ATAGGN	6
ACCNCG	6
TGGNTC	6
CTTNGG	6
CCTNGG	6
ACCNGT	6
GTCNCG	6
TGGNGG	6
TCANTT	6
TCANTG	6
ATANAT	6
GTCNCC	6
CTTTAN	6
GGGNAT	4
GTCNCA	4
CAAATN	4
GATNTC	4
TGTNGC	4
CGTNTA	4
ACTNCG	4
CTTNAC	4
TGANCC	4
CGGNGA	4
AAGNCA	4
AGCCGN	4
CGGCAN	4
ACTNGG	4
AGGNAA	4
ATGNGA	4
CGTNGT	4
AGGNGG	4
TGCAGN	4
TTGNTA	4
GGANGA	4
GGANGT	4
CTCNGG	4
TCANGG	4
TTGNTC	4
CTCNGA	4
TGTNTT	4
GACNGT	4
CGCNTA	4
TACNAG	4
CCCNCG	4
TACNAC	4
ATTAGN	4
GTCNCT	4
GGGNTC	4
GGGNGT	4
AAGNTT	4
AACCTN	4
CGTNCG	4
GAGNGG	4
AAAGCN	4
ACCTTN	4
AAACTN	4
TTGGAN	4
GAGNTT	4
GGCNTA	4
TGAATN	4
CTANTA	4
CCACGN	4
CTANGG	4
CGTNGA	4
CTANCT	4
TCTNCC	4
ACGNTA	4
TCTNGA	4
ACTCCN	4
ACGNGT	4
CACNGG	4
CCTNTG	4
CTTCGN	4
ACTCAN	4
CACNAC	4
AGGNCT	4
GAGGAN	4
TGGNCG	4
TAANGC	4
TGTNAT	4
TGACTN	4
TTCGGN	4
ACTGTN	4
AGGNTG	4
GGCNAC	4
AGGNAT	4
GGCNCC	4
GAGNAC	4
GAGNAT	4
CACNCC	4
CTCACN	4
GTCGTN	4
GAGNCG	4
GGCNGA	4
ACATCN	4
TTCNTA	4
GCGNGG	4
ATACAN	4
GTGNAA	4
GTAATN	4
TCCNCG	4
TCATCN	4
TATGTN	4
GCGNTA	4
TAGNTG	4
TAGNTC	4
GTGNGC	4
AGANTA	4
ACAAAN	4
GAANTT	4
GTGNGG	4
CGTCAN	4
GTGNTA	4
TAGNCT	4
TGGNCA	4
TAGNCG	4
GTGNTC	4
GTGNTT	4
TTANCC	4
CCANGA	4
ATAACN	4
AGANTT	4
CATNGA	4
ACCGCN	4
AGANCC	4
CTGCTN	4
ATCCCN	4
GAACGN	4
CATNCC	4
GTGCTN	4
GCTNAC	4
CCANGG	4
AATNGA	4
TGGNAC	4
ATACCN	4
GTGGTN	4
AAGGAN	4
CGCNCG	4
CTGCAN	4
TCCNCC	4
ACGNAC	4
CCTNAC	4
CTCTCN	4
ACAACN	4
TTGNGC	4
TCGNAA	4
CTGNGG	4
CAGNTG	4
CCGNCG	4
GTCTGN	4
AATGGN	4
CCGNAA	4
CATTAN	4
ATCNGA	4
TGCNAG	4
GCCNGG	4
TTANTT	4
TGCNAA	4
TCGNTC	4
ACCNAG	4
TCGNTT	4
TACTGN	4
TATNCC	4
CCTNCC	4
CGANTC	4
GCTNAG	4
GCGNGC	4
AGCCTN	4
GCANCT	4
GTATGN	4
GCANCA	4
GGTNTT	4
GCTNTC	4
GCCNCG	4
CAACTN	4
AATNCG	4
ATTCTN	4
AGCTAN	4
CAACGN	4
GTANTA	4
GGTNAC	4
AGTNTT	4
AGTNTC	4
GCGNCG	4
CGCNCC	4
CGGNCG	2
ACGNTC	2
ACGTTN	2
TTTACN	2
TTTTTN	2
ACGNGC	2
TTTGAN	2
AAAATN	2
TTTGGN	2
TTGNAA	2
TTTNTA	2
ATAAGN	2
AACCCN	2
TATGCN	2
ACCATN	2
AACCAN	2
AACATN	2
TATTTN	2
TCAACN	2
ATATCN	2
TCAATN	2
ATANCT	2
TCAGGN	2
ACCCTN	2
TCCAAN	2
ATAATN	2
ACCACN	2
TCCNAC	2
TCCNCT	2
TCCNGG	2
TCCNTT	2
TCGNAT	2
TCGNGA	2
TCGNGG	2
TCGNTG	2
TCTAAN	2
TCTACN	2
AACAAN	2
AGTGGN	2
TCTGCN	2
TCTGGN	2
TACTCN	2
TAAGCN	2
TAACGN	2
ATTAAN	2
TAAACN	2
ATGNGC	2
TAATGN	2
TACAAN	2
ATGGCN	2
ATGGAN	2
ACATGN	2
TACCTN	2
TACNTA	2
TACNTC	2
ACATTN	2
TCTNAG	2
ATGAAN	2
ATCTGN	2
ATCTCN	2
TAGAGN	2
TAGCAN	2
TAGNAG	2
TAGNGA	2
TAGNTA	2
AACCGN	2
TAGTCN	2
TATACN	2
TATCCN	2
TATCTN	2
AGACCN	2
TGTCAN	2
AGCCCN	2
TGTCTN	2
TGTNCT	2
TGTNGT	2
TGTTAN	2
AGATGN	2
ACCTAN	2
TTAACN	2
AGANTG	2
TTAATN	2
TTACGN	2
TTACTN	2
AGAGAN	2
TGGGTN	2
AGACAN	2
TTANGC	2
ACCTCN	2
AGAAAN	2
ACCTGN	2
ACTTTN	2
AAAGTN	2
TTCCAN	2
TTCCTN	2
AAAGAN	2
TTGACN	2
TTGATN	2
TTGCTN	2
TGANTC	2
TCTNGC	2
TCTNTA	2
TCTTAN	2
AGTCAN	2
TGAACN	2
ACCGTN	2
TGAAGN	2
AGGTTN	2
AAATGN	2
TGACGN	2
AGGNGT	2
AGGNGA	2
AGGNAC	2
TGANCT	2
ACTACN	2
AGGGGN	2
TGATTN	2
TGCACN	2
AGGCTN	2
TGCATN	2
AGGCCN	2
ACCNAA	2
AGGCAN	2
AGCTTN	2
TGCNCT	2
TGCNTC	2
AGCNCG	2
AGCGTN	2
GCCTGN	2
CTGTTN	2
CACNGC	2
GGCTTN	2
GCTTAN	2
GCCNAG	2
GCCNCT	2
CGACAN	2
GAGTTN	2
GTCCCN	2
GACACN	2
CCAGAN	2
CTGTAN	2
CCACCN	2
CATAGN	2
GATAAN	2
CCACAN	2
CCGNCC	2
CCGNCA	2
CGAGAN	2
GTCACN	2
GTCAAN	2
GCGAAN	2
CCAACN	2
CCGGTN	2
GGGACN	2
GCTGAN	2
AATAGN	2
CATCCN	2
ATTTAN	2
GTGGCN	2
GTGGAN	2
CGTTTN	2
CAGAAN	2
CGCNGG	2
CAGTAN	2
CTAATN	2
CACTGN	2
GGCCTN	2
GTGCAN	2
GCTTTN	2
GTGATN	2
CGCNCA	2
CCAGGN	2
CAAGAN	2
GGCGCN	2
CACTCN	2
CTTAGN	2
ATTTGN	2
GTCTCN	2
CCAGCN	2
GATATN	2
ACAGTN	2
CTAGCN	2
GGCGTN	2
CATAAN	2
GGCNCG	2
GGCTAN	2
AAGAAN	2
GGTNTC	2
GAGAAN	2
CTGAGN	2
GGTGTN	2
GGGTGN	2
AATCTN	2
CGANAG	2
CGANCG	2
GGTGCN	2
CGANCT	2
ACACTN	2
GACTGN	2
ACACGN	2
GGTAAN	2
GACTAN	2
GCGNAG	2
CTGAAN	2
GCGNGA	2
CTCTTN	2
AATGTN	2
GCTAAN	2
GCGTCN	2
CTCGTN	2
GCGTGN	2
CACAGN	2
CACCAN	2
CATNCG	2
ACACCN	2
CATGAN	2
GTATAN	2
CTGGCN	2
GTANGA	2
GTAGTN	2
GAGNTG	2
GAGNTC	2
GGGCCN	2
CAAGGN	2
CGAGCN	2
CATCTN	2
GCTCCN	2
GTACCN	2
CTCATN	2
GTACAN	2
GTCNGG	2
CTCCCN	2
CACGCN	2
GGGNAA	2
GAGCAN	2
GGGNGA	2
GAGATN	2
GGGNGG	2
CATGGN	2
CGATGN	2
GAGACN	2
GGTTAN	2
AATTTN	2
CTCGAN	2
GGANCC	2
CCCGCN	2
GATGCN	2
GGAGAN	2
CCATGN	2
GTTGAN	2
GGAGTN	2
GCATTN	2
CTTGCN	2
CGGNAT	2
GTTCCN	2
CTTGGN	2
CGGNCA	2
GCACCN	2
CGGNTT	2
CTTGAN	2
CCTACN	2
GCCAAN	2
GAAGCN	2
CGGNTG	2
CCTGAN	2
GAAGAN	2
CCTNAG	2
GCAGTN	2
CAGCAN	2
ATTACN	2
GCAAGN	2
CTTNGC	2
GCANCG	2
GTTTCN	2
GATNTA	2
CCCATN	2
CGGATN	2
AAGTTN	2
GCAATN	2
CCCACN	2
GTTGTN	2
CGGGTN	2
CGGCTN	2
CCCCAN	2
CCCNTA	2
CCTNGA	2
GTGNGA	2
CCTCGN	2
CCANTG	2
GAANCG	2
CCCCCN	2
CGGNGG	2
CTTCCN	2
AATACN	2
GTGNGT	2
CCGTAN	2
AATGCN	2
CGCTCN	2
CAGCGN	2
GTGNCG	2
CGGNGC	2
GTGNAC	2
CGTTGN	2
ACAATN	2
CCNACC	2
GGANTA	2
CCCCTN	2
CCGTCN	2
GGANCG	2
GCACGN	2
CGTNAA	2
CGTNAC	2
CGTNCA	2
CGGAAN	2
CGGNTA	2
CGTNTC	2
GGANTC	2
